<?xml version="1.0" encoding="UTF-8"?>
<testsuite xmlns:xsi="http://www.w3.org/2001/XMLSchema-instance" xsi:noNamespaceSchemaLocation="https://maven.apache.org/surefire/maven-surefire-plugin/xsd/surefire-test-report-3.0.xsd" version="3.0" name="TestSuite" time="16.78" tests="2" errors="0" skipped="0" failures="0">
  <properties>
    <property name="sun.desktop" value="windows"/>
    <property name="awt.toolkit" value="sun.awt.windows.WToolkit"/>
    <property name="java.specification.version" value="11"/>
    <property name="sun.cpu.isalist" value="amd64"/>
    <property name="sun.jnu.encoding" value="Cp1252"/>
    <property name="java.class.path" value="C:\Users\ahmed\Desktop\Automation_Test\target\test-classes;C:\Users\ahmed\Desktop\Automation_Test\target\classes;C:\Users\ahmed\.m2\repository\org\seleniumhq\selenium\selenium-java\4.0.0\selenium-java-4.0.0.jar;C:\Users\ahmed\.m2\repository\org\seleniumhq\selenium\selenium-api\4.0.0\selenium-api-4.0.0.jar;C:\Users\ahmed\.m2\repository\org\seleniumhq\selenium\selenium-chrome-driver\4.0.0\selenium-chrome-driver-4.0.0.jar;C:\Users\ahmed\.m2\repository\com\google\auto\service\auto-service-annotations\1.0\auto-service-annotations-1.0.jar;C:\Users\ahmed\.m2\repository\com\google\auto\service\auto-service\1.0\auto-service-1.0.jar;C:\Users\ahmed\.m2\repository\com\google\auto\auto-common\1.0\auto-common-1.0.jar;C:\Users\ahmed\.m2\repository\org\seleniumhq\selenium\selenium-chromium-driver\4.0.0\selenium-chromium-driver-4.0.0.jar;C:\Users\ahmed\.m2\repository\org\seleniumhq\selenium\selenium-json\4.0.0\selenium-json-4.0.0.jar;C:\Users\ahmed\.m2\repository\org\seleniumhq\selenium\selenium-devtools-v85\4.0.0\selenium-devtools-v85-4.0.0.jar;C:\Users\ahmed\.m2\repository\org\seleniumhq\selenium\selenium-devtools-v93\4.0.0\selenium-devtools-v93-4.0.0.jar;C:\Users\ahmed\.m2\repository\org\seleniumhq\selenium\selenium-devtools-v94\4.0.0\selenium-devtools-v94-4.0.0.jar;C:\Users\ahmed\.m2\repository\org\seleniumhq\selenium\selenium-devtools-v95\4.0.0\selenium-devtools-v95-4.0.0.jar;C:\Users\ahmed\.m2\repository\org\seleniumhq\selenium\selenium-edge-driver\4.0.0\selenium-edge-driver-4.0.0.jar;C:\Users\ahmed\.m2\repository\org\seleniumhq\selenium\selenium-firefox-driver\4.0.0\selenium-firefox-driver-4.0.0.jar;C:\Users\ahmed\.m2\repository\org\seleniumhq\selenium\selenium-firefox-xpi-driver\4.0.0\selenium-firefox-xpi-driver-4.0.0.jar;C:\Users\ahmed\.m2\repository\org\seleniumhq\selenium\selenium-ie-driver\4.0.0\selenium-ie-driver-4.0.0.jar;C:\Users\ahmed\.m2\repository\org\seleniumhq\selenium\selenium-opera-driver\4.0.0\selenium-opera-driver-4.0.0.jar;C:\Users\ahmed\.m2\repository\org\seleniumhq\selenium\selenium-remote-driver\4.0.0\selenium-remote-driver-4.0.0.jar;C:\Users\ahmed\.m2\repository\io\netty\netty-buffer\4.1.68.Final\netty-buffer-4.1.68.Final.jar;C:\Users\ahmed\.m2\repository\io\netty\netty-codec-http\4.1.67.Final\netty-codec-http-4.1.67.Final.jar;C:\Users\ahmed\.m2\repository\io\netty\netty-codec\4.1.67.Final\netty-codec-4.1.67.Final.jar;C:\Users\ahmed\.m2\repository\io\netty\netty-handler\4.1.67.Final\netty-handler-4.1.67.Final.jar;C:\Users\ahmed\.m2\repository\io\netty\netty-common\4.1.68.Final\netty-common-4.1.68.Final.jar;C:\Users\ahmed\.m2\repository\io\netty\netty-transport-native-epoll\4.1.67.Final\netty-transport-native-epoll-4.1.67.Final.jar;C:\Users\ahmed\.m2\repository\io\netty\netty-transport-native-kqueue\4.1.67.Final\netty-transport-native-kqueue-4.1.67.Final.jar;C:\Users\ahmed\.m2\repository\io\netty\netty-transport-native-unix-common\4.1.67.Final\netty-transport-native-unix-common-4.1.67.Final.jar;C:\Users\ahmed\.m2\repository\io\netty\netty-transport\4.1.68.Final\netty-transport-4.1.68.Final.jar;C:\Users\ahmed\.m2\repository\io\netty\netty-resolver\4.1.68.Final\netty-resolver-4.1.68.Final.jar;C:\Users\ahmed\.m2\repository\io\opentelemetry\opentelemetry-api\1.6.0\opentelemetry-api-1.6.0.jar;C:\Users\ahmed\.m2\repository\io\opentelemetry\opentelemetry-context\1.6.0\opentelemetry-context-1.6.0.jar;C:\Users\ahmed\.m2\repository\io\opentelemetry\opentelemetry-exporter-logging\1.6.0\opentelemetry-exporter-logging-1.6.0.jar;C:\Users\ahmed\.m2\repository\io\opentelemetry\opentelemetry-sdk-metrics\1.6.0-alpha\opentelemetry-sdk-metrics-1.6.0-alpha.jar;C:\Users\ahmed\.m2\repository\io\opentelemetry\opentelemetry-sdk-common\1.6.0\opentelemetry-sdk-common-1.6.0.jar;C:\Users\ahmed\.m2\repository\io\opentelemetry\opentelemetry-sdk-extension-autoconfigure-spi\1.6.0\opentelemetry-sdk-extension-autoconfigure-spi-1.6.0.jar;C:\Users\ahmed\.m2\repository\io\opentelemetry\opentelemetry-sdk-extension-autoconfigure\1.6.0-alpha\opentelemetry-sdk-extension-autoconfigure-1.6.0-alpha.jar;C:\Users\ahmed\.m2\repository\io\opentelemetry\opentelemetry-sdk-trace\1.6.0\opentelemetry-sdk-trace-1.6.0.jar;C:\Users\ahmed\.m2\repository\io\opentelemetry\opentelemetry-api-metrics\1.6.0-alpha\opentelemetry-api-metrics-1.6.0-alpha.jar;C:\Users\ahmed\.m2\repository\io\opentelemetry\opentelemetry-sdk\1.6.0\opentelemetry-sdk-1.6.0.jar;C:\Users\ahmed\.m2\repository\io\opentelemetry\opentelemetry-semconv\1.6.0-alpha\opentelemetry-semconv-1.6.0-alpha.jar;C:\Users\ahmed\.m2\repository\io\ous\jtoml\2.0.0\jtoml-2.0.0.jar;C:\Users\ahmed\.m2\repository\net\bytebuddy\byte-buddy\1.11.19\byte-buddy-1.11.19.jar;C:\Users\ahmed\.m2\repository\org\apache\commons\commons-exec\1.3\commons-exec-1.3.jar;C:\Users\ahmed\.m2\repository\org\asynchttpclient\async-http-client\2.12.3\async-http-client-2.12.3.jar;C:\Users\ahmed\.m2\repository\org\asynchttpclient\async-http-client-netty-utils\2.12.3\async-http-client-netty-utils-2.12.3.jar;C:\Users\ahmed\.m2\repository\io\netty\netty-codec-socks\4.1.60.Final\netty-codec-socks-4.1.60.Final.jar;C:\Users\ahmed\.m2\repository\io\netty\netty-handler-proxy\4.1.60.Final\netty-handler-proxy-4.1.60.Final.jar;C:\Users\ahmed\.m2\repository\io\netty\netty-transport-native-epoll\4.1.60.Final\netty-transport-native-epoll-4.1.60.Final-linux-x86_64.jar;C:\Users\ahmed\.m2\repository\io\netty\netty-transport-native-kqueue\4.1.60.Final\netty-transport-native-kqueue-4.1.60.Final-osx-x86_64.jar;C:\Users\ahmed\.m2\repository\org\reactivestreams\reactive-streams\1.0.3\reactive-streams-1.0.3.jar;C:\Users\ahmed\.m2\repository\com\typesafe\netty\netty-reactive-streams\2.0.4\netty-reactive-streams-2.0.4.jar;C:\Users\ahmed\.m2\repository\com\sun\activation\jakarta.activation\1.2.2\jakarta.activation-1.2.2.jar;C:\Users\ahmed\.m2\repository\org\seleniumhq\selenium\selenium-http\4.0.0\selenium-http-4.0.0.jar;C:\Users\ahmed\.m2\repository\org\seleniumhq\selenium\selenium-safari-driver\4.0.0\selenium-safari-driver-4.0.0.jar;C:\Users\ahmed\.m2\repository\org\seleniumhq\selenium\selenium-support\4.0.0\selenium-support-4.0.0.jar;C:\Users\ahmed\.m2\repository\io\github\bonigarcia\webdrivermanager\5.0.3\webdrivermanager-5.0.3.jar;C:\Users\ahmed\.m2\repository\org\slf4j\slf4j-api\1.7.32\slf4j-api-1.7.32.jar;C:\Users\ahmed\.m2\repository\com\google\code\gson\gson\2.8.8\gson-2.8.8.jar;C:\Users\ahmed\.m2\repository\org\jsoup\jsoup\1.14.2\jsoup-1.14.2.jar;C:\Users\ahmed\.m2\repository\com\github\docker-java\docker-java\3.2.12\docker-java-3.2.12.jar;C:\Users\ahmed\.m2\repository\com\github\docker-java\docker-java-core\3.2.12\docker-java-core-3.2.12.jar;C:\Users\ahmed\.m2\repository\com\github\docker-java\docker-java-api\3.2.12\docker-java-api-3.2.12.jar;C:\Users\ahmed\.m2\repository\com\fasterxml\jackson\core\jackson-annotations\2.10.3\jackson-annotations-2.10.3.jar;C:\Users\ahmed\.m2\repository\commons-io\commons-io\2.6\commons-io-2.6.jar;C:\Users\ahmed\.m2\repository\org\apache\commons\commons-compress\1.21\commons-compress-1.21.jar;C:\Users\ahmed\.m2\repository\commons-lang\commons-lang\2.6\commons-lang-2.6.jar;C:\Users\ahmed\.m2\repository\com\fasterxml\jackson\core\jackson-databind\2.10.3\jackson-databind-2.10.3.jar;C:\Users\ahmed\.m2\repository\com\fasterxml\jackson\core\jackson-core\2.10.3\jackson-core-2.10.3.jar;C:\Users\ahmed\.m2\repository\org\bouncycastle\bcpkix-jdk15on\1.64\bcpkix-jdk15on-1.64.jar;C:\Users\ahmed\.m2\repository\org\bouncycastle\bcprov-jdk15on\1.64\bcprov-jdk15on-1.64.jar;C:\Users\ahmed\.m2\repository\org\slf4j\jcl-over-slf4j\1.7.30\jcl-over-slf4j-1.7.30.jar;C:\Users\ahmed\.m2\repository\com\github\docker-java\docker-java-transport-httpclient5\3.2.12\docker-java-transport-httpclient5-3.2.12.jar;C:\Users\ahmed\.m2\repository\com\github\docker-java\docker-java-transport\3.2.12\docker-java-transport-3.2.12.jar;C:\Users\ahmed\.m2\repository\org\apache\httpcomponents\client5\httpclient5\5.0.3\httpclient5-5.0.3.jar;C:\Users\ahmed\.m2\repository\org\apache\httpcomponents\core5\httpcore5\5.0.2\httpcore5-5.0.2.jar;C:\Users\ahmed\.m2\repository\net\java\dev\jna\jna\5.8.0\jna-5.8.0.jar;C:\Users\ahmed\.m2\repository\com\google\guava\guava\30.1.1-jre\guava-30.1.1-jre.jar;C:\Users\ahmed\.m2\repository\com\google\guava\failureaccess\1.0.1\failureaccess-1.0.1.jar;C:\Users\ahmed\.m2\repository\com\google\guava\listenablefuture\9999.0-empty-to-avoid-conflict-with-guava\listenablefuture-9999.0-empty-to-avoid-conflict-with-guava.jar;C:\Users\ahmed\.m2\repository\com\google\code\findbugs\jsr305\3.0.2\jsr305-3.0.2.jar;C:\Users\ahmed\.m2\repository\com\google\errorprone\error_prone_annotations\2.5.1\error_prone_annotations-2.5.1.jar;C:\Users\ahmed\.m2\repository\com\google\j2objc\j2objc-annotations\1.3\j2objc-annotations-1.3.jar;C:\Users\ahmed\.m2\repository\org\brotli\dec\0.1.2\dec-0.1.2.jar;C:\Users\ahmed\.m2\repository\org\testng\testng\7.4.0\testng-7.4.0.jar;C:\Users\ahmed\.m2\repository\com\beust\jcommander\1.78\jcommander-1.78.jar;C:\Users\ahmed\.m2\repository\org\webjars\jquery\3.5.1\jquery-3.5.1.jar;C:\Users\ahmed\.m2\repository\junit\junit\4.13.2\junit-4.13.2.jar;C:\Users\ahmed\.m2\repository\org\hamcrest\hamcrest-core\1.3\hamcrest-core-1.3.jar;C:\Users\ahmed\.m2\repository\org\apache\logging\log4j\log4j-api\2.14.1\log4j-api-2.14.1.jar;C:\Users\ahmed\.m2\repository\org\apache\logging\log4j\log4j-core\2.14.1\log4j-core-2.14.1.jar;C:\Users\ahmed\.m2\repository\io\rest-assured\rest-assured\4.4.0\rest-assured-4.4.0.jar;C:\Users\ahmed\.m2\repository\org\codehaus\groovy\groovy\3.0.8\groovy-3.0.8.jar;C:\Users\ahmed\.m2\repository\org\codehaus\groovy\groovy-xml\3.0.8\groovy-xml-3.0.8.jar;C:\Users\ahmed\.m2\repository\org\apache\httpcomponents\httpclient\4.5.13\httpclient-4.5.13.jar;C:\Users\ahmed\.m2\repository\org\apache\httpcomponents\httpcore\4.4.13\httpcore-4.4.13.jar;C:\Users\ahmed\.m2\repository\commons-logging\commons-logging\1.2\commons-logging-1.2.jar;C:\Users\ahmed\.m2\repository\commons-codec\commons-codec\1.11\commons-codec-1.11.jar;C:\Users\ahmed\.m2\repository\org\apache\httpcomponents\httpmime\4.5.13\httpmime-4.5.13.jar;C:\Users\ahmed\.m2\repository\org\hamcrest\hamcrest\2.1\hamcrest-2.1.jar;C:\Users\ahmed\.m2\repository\org\ccil\cowan\tagsoup\tagsoup\1.2.1\tagsoup-1.2.1.jar;C:\Users\ahmed\.m2\repository\io\rest-assured\json-path\4.4.0\json-path-4.4.0.jar;C:\Users\ahmed\.m2\repository\org\codehaus\groovy\groovy-json\3.0.8\groovy-json-3.0.8.jar;C:\Users\ahmed\.m2\repository\io\rest-assured\rest-assured-common\4.4.0\rest-assured-common-4.4.0.jar;C:\Users\ahmed\.m2\repository\io\rest-assured\xml-path\4.4.0\xml-path-4.4.0.jar;C:\Users\ahmed\.m2\repository\jakarta\xml\bind\jakarta.xml.bind-api\2.3.3\jakarta.xml.bind-api-2.3.3.jar;C:\Users\ahmed\.m2\repository\jakarta\activation\jakarta.activation-api\1.2.2\jakarta.activation-api-1.2.2.jar;C:\Users\ahmed\.m2\repository\com\sun\xml\bind\jaxb-impl\2.3.3\jaxb-impl-2.3.3.jar;C:\Users\ahmed\.m2\repository\com\googlecode\json-simple\json-simple\1.1.1\json-simple-1.1.1.jar;C:\Users\ahmed\.m2\repository\com\github\javafaker\javafaker\1.0.2\javafaker-1.0.2.jar;C:\Users\ahmed\.m2\repository\org\apache\commons\commons-lang3\3.5\commons-lang3-3.5.jar;C:\Users\ahmed\.m2\repository\org\yaml\snakeyaml\1.23\snakeyaml-1.23-android.jar;C:\Users\ahmed\.m2\repository\com\github\mifmif\generex\1.0.2\generex-1.0.2.jar;C:\Users\ahmed\.m2\repository\dk\brics\automaton\automaton\1.11-8\automaton-1.11-8.jar;C:\Users\ahmed\.m2\repository\org\postgresql\postgresql\42.3.1\postgresql-42.3.1.jar;C:\Users\ahmed\.m2\repository\org\checkerframework\checker-qual\3.5.0\checker-qual-3.5.0.jar;C:\Users\ahmed\.m2\repository\io\qameta\allure\allure-testng\2.17.0\allure-testng-2.17.0.jar;C:\Users\ahmed\.m2\repository\io\qameta\allure\allure-java-commons\2.17.0\allure-java-commons-2.17.0.jar;C:\Users\ahmed\.m2\repository\io\qameta\allure\allure-model\2.17.0\allure-model-2.17.0.jar;C:\Users\ahmed\.m2\repository\io\qameta\allure\allure-test-filter\2.17.0\allure-test-filter-2.17.0.jar;"/>
    <property name="java.vm.vendor" value="Oracle Corporation"/>
    <property name="sun.arch.data.model" value="64"/>
    <property name="user.variant" value=""/>
    <property name="java.vendor.url" value="https://openjdk.java.net/"/>
    <property name="user.timezone" value="America/New_York"/>
    <property name="java.vm.specification.version" value="11"/>
    <property name="os.name" value="Windows 10"/>
    <property name="sun.java.launcher" value="SUN_STANDARD"/>
    <property name="user.country" value="US"/>
    <property name="sun.boot.library.path" value="C:\Program Files\Java\jdk-11.0.13\bin"/>
    <property name="sun.java.command" value="C:\Users\ahmed\AppData\Local\Temp\surefire15779299725795129917\surefirebooter6787851722533833160.jar C:\Users\ahmed\AppData\Local\Temp\surefire15779299725795129917 2021-12-16T06-45-28_158-jvmRun1 surefire11202719187373615236tmp surefire_013207478814301539277tmp"/>
    <property name="jdk.debug" value="release"/>
    <property name="surefire.test.class.path" value="C:\Users\ahmed\Desktop\Automation_Test\target\test-classes;C:\Users\ahmed\Desktop\Automation_Test\target\classes;C:\Users\ahmed\.m2\repository\org\seleniumhq\selenium\selenium-java\4.0.0\selenium-java-4.0.0.jar;C:\Users\ahmed\.m2\repository\org\seleniumhq\selenium\selenium-api\4.0.0\selenium-api-4.0.0.jar;C:\Users\ahmed\.m2\repository\org\seleniumhq\selenium\selenium-chrome-driver\4.0.0\selenium-chrome-driver-4.0.0.jar;C:\Users\ahmed\.m2\repository\com\google\auto\service\auto-service-annotations\1.0\auto-service-annotations-1.0.jar;C:\Users\ahmed\.m2\repository\com\google\auto\service\auto-service\1.0\auto-service-1.0.jar;C:\Users\ahmed\.m2\repository\com\google\auto\auto-common\1.0\auto-common-1.0.jar;C:\Users\ahmed\.m2\repository\org\seleniumhq\selenium\selenium-chromium-driver\4.0.0\selenium-chromium-driver-4.0.0.jar;C:\Users\ahmed\.m2\repository\org\seleniumhq\selenium\selenium-json\4.0.0\selenium-json-4.0.0.jar;C:\Users\ahmed\.m2\repository\org\seleniumhq\selenium\selenium-devtools-v85\4.0.0\selenium-devtools-v85-4.0.0.jar;C:\Users\ahmed\.m2\repository\org\seleniumhq\selenium\selenium-devtools-v93\4.0.0\selenium-devtools-v93-4.0.0.jar;C:\Users\ahmed\.m2\repository\org\seleniumhq\selenium\selenium-devtools-v94\4.0.0\selenium-devtools-v94-4.0.0.jar;C:\Users\ahmed\.m2\repository\org\seleniumhq\selenium\selenium-devtools-v95\4.0.0\selenium-devtools-v95-4.0.0.jar;C:\Users\ahmed\.m2\repository\org\seleniumhq\selenium\selenium-edge-driver\4.0.0\selenium-edge-driver-4.0.0.jar;C:\Users\ahmed\.m2\repository\org\seleniumhq\selenium\selenium-firefox-driver\4.0.0\selenium-firefox-driver-4.0.0.jar;C:\Users\ahmed\.m2\repository\org\seleniumhq\selenium\selenium-firefox-xpi-driver\4.0.0\selenium-firefox-xpi-driver-4.0.0.jar;C:\Users\ahmed\.m2\repository\org\seleniumhq\selenium\selenium-ie-driver\4.0.0\selenium-ie-driver-4.0.0.jar;C:\Users\ahmed\.m2\repository\org\seleniumhq\selenium\selenium-opera-driver\4.0.0\selenium-opera-driver-4.0.0.jar;C:\Users\ahmed\.m2\repository\org\seleniumhq\selenium\selenium-remote-driver\4.0.0\selenium-remote-driver-4.0.0.jar;C:\Users\ahmed\.m2\repository\io\netty\netty-buffer\4.1.68.Final\netty-buffer-4.1.68.Final.jar;C:\Users\ahmed\.m2\repository\io\netty\netty-codec-http\4.1.67.Final\netty-codec-http-4.1.67.Final.jar;C:\Users\ahmed\.m2\repository\io\netty\netty-codec\4.1.67.Final\netty-codec-4.1.67.Final.jar;C:\Users\ahmed\.m2\repository\io\netty\netty-handler\4.1.67.Final\netty-handler-4.1.67.Final.jar;C:\Users\ahmed\.m2\repository\io\netty\netty-common\4.1.68.Final\netty-common-4.1.68.Final.jar;C:\Users\ahmed\.m2\repository\io\netty\netty-transport-native-epoll\4.1.67.Final\netty-transport-native-epoll-4.1.67.Final.jar;C:\Users\ahmed\.m2\repository\io\netty\netty-transport-native-kqueue\4.1.67.Final\netty-transport-native-kqueue-4.1.67.Final.jar;C:\Users\ahmed\.m2\repository\io\netty\netty-transport-native-unix-common\4.1.67.Final\netty-transport-native-unix-common-4.1.67.Final.jar;C:\Users\ahmed\.m2\repository\io\netty\netty-transport\4.1.68.Final\netty-transport-4.1.68.Final.jar;C:\Users\ahmed\.m2\repository\io\netty\netty-resolver\4.1.68.Final\netty-resolver-4.1.68.Final.jar;C:\Users\ahmed\.m2\repository\io\opentelemetry\opentelemetry-api\1.6.0\opentelemetry-api-1.6.0.jar;C:\Users\ahmed\.m2\repository\io\opentelemetry\opentelemetry-context\1.6.0\opentelemetry-context-1.6.0.jar;C:\Users\ahmed\.m2\repository\io\opentelemetry\opentelemetry-exporter-logging\1.6.0\opentelemetry-exporter-logging-1.6.0.jar;C:\Users\ahmed\.m2\repository\io\opentelemetry\opentelemetry-sdk-metrics\1.6.0-alpha\opentelemetry-sdk-metrics-1.6.0-alpha.jar;C:\Users\ahmed\.m2\repository\io\opentelemetry\opentelemetry-sdk-common\1.6.0\opentelemetry-sdk-common-1.6.0.jar;C:\Users\ahmed\.m2\repository\io\opentelemetry\opentelemetry-sdk-extension-autoconfigure-spi\1.6.0\opentelemetry-sdk-extension-autoconfigure-spi-1.6.0.jar;C:\Users\ahmed\.m2\repository\io\opentelemetry\opentelemetry-sdk-extension-autoconfigure\1.6.0-alpha\opentelemetry-sdk-extension-autoconfigure-1.6.0-alpha.jar;C:\Users\ahmed\.m2\repository\io\opentelemetry\opentelemetry-sdk-trace\1.6.0\opentelemetry-sdk-trace-1.6.0.jar;C:\Users\ahmed\.m2\repository\io\opentelemetry\opentelemetry-api-metrics\1.6.0-alpha\opentelemetry-api-metrics-1.6.0-alpha.jar;C:\Users\ahmed\.m2\repository\io\opentelemetry\opentelemetry-sdk\1.6.0\opentelemetry-sdk-1.6.0.jar;C:\Users\ahmed\.m2\repository\io\opentelemetry\opentelemetry-semconv\1.6.0-alpha\opentelemetry-semconv-1.6.0-alpha.jar;C:\Users\ahmed\.m2\repository\io\ous\jtoml\2.0.0\jtoml-2.0.0.jar;C:\Users\ahmed\.m2\repository\net\bytebuddy\byte-buddy\1.11.19\byte-buddy-1.11.19.jar;C:\Users\ahmed\.m2\repository\org\apache\commons\commons-exec\1.3\commons-exec-1.3.jar;C:\Users\ahmed\.m2\repository\org\asynchttpclient\async-http-client\2.12.3\async-http-client-2.12.3.jar;C:\Users\ahmed\.m2\repository\org\asynchttpclient\async-http-client-netty-utils\2.12.3\async-http-client-netty-utils-2.12.3.jar;C:\Users\ahmed\.m2\repository\io\netty\netty-codec-socks\4.1.60.Final\netty-codec-socks-4.1.60.Final.jar;C:\Users\ahmed\.m2\repository\io\netty\netty-handler-proxy\4.1.60.Final\netty-handler-proxy-4.1.60.Final.jar;C:\Users\ahmed\.m2\repository\io\netty\netty-transport-native-epoll\4.1.60.Final\netty-transport-native-epoll-4.1.60.Final-linux-x86_64.jar;C:\Users\ahmed\.m2\repository\io\netty\netty-transport-native-kqueue\4.1.60.Final\netty-transport-native-kqueue-4.1.60.Final-osx-x86_64.jar;C:\Users\ahmed\.m2\repository\org\reactivestreams\reactive-streams\1.0.3\reactive-streams-1.0.3.jar;C:\Users\ahmed\.m2\repository\com\typesafe\netty\netty-reactive-streams\2.0.4\netty-reactive-streams-2.0.4.jar;C:\Users\ahmed\.m2\repository\com\sun\activation\jakarta.activation\1.2.2\jakarta.activation-1.2.2.jar;C:\Users\ahmed\.m2\repository\org\seleniumhq\selenium\selenium-http\4.0.0\selenium-http-4.0.0.jar;C:\Users\ahmed\.m2\repository\org\seleniumhq\selenium\selenium-safari-driver\4.0.0\selenium-safari-driver-4.0.0.jar;C:\Users\ahmed\.m2\repository\org\seleniumhq\selenium\selenium-support\4.0.0\selenium-support-4.0.0.jar;C:\Users\ahmed\.m2\repository\io\github\bonigarcia\webdrivermanager\5.0.3\webdrivermanager-5.0.3.jar;C:\Users\ahmed\.m2\repository\org\slf4j\slf4j-api\1.7.32\slf4j-api-1.7.32.jar;C:\Users\ahmed\.m2\repository\com\google\code\gson\gson\2.8.8\gson-2.8.8.jar;C:\Users\ahmed\.m2\repository\org\jsoup\jsoup\1.14.2\jsoup-1.14.2.jar;C:\Users\ahmed\.m2\repository\com\github\docker-java\docker-java\3.2.12\docker-java-3.2.12.jar;C:\Users\ahmed\.m2\repository\com\github\docker-java\docker-java-core\3.2.12\docker-java-core-3.2.12.jar;C:\Users\ahmed\.m2\repository\com\github\docker-java\docker-java-api\3.2.12\docker-java-api-3.2.12.jar;C:\Users\ahmed\.m2\repository\com\fasterxml\jackson\core\jackson-annotations\2.10.3\jackson-annotations-2.10.3.jar;C:\Users\ahmed\.m2\repository\commons-io\commons-io\2.6\commons-io-2.6.jar;C:\Users\ahmed\.m2\repository\org\apache\commons\commons-compress\1.21\commons-compress-1.21.jar;C:\Users\ahmed\.m2\repository\commons-lang\commons-lang\2.6\commons-lang-2.6.jar;C:\Users\ahmed\.m2\repository\com\fasterxml\jackson\core\jackson-databind\2.10.3\jackson-databind-2.10.3.jar;C:\Users\ahmed\.m2\repository\com\fasterxml\jackson\core\jackson-core\2.10.3\jackson-core-2.10.3.jar;C:\Users\ahmed\.m2\repository\org\bouncycastle\bcpkix-jdk15on\1.64\bcpkix-jdk15on-1.64.jar;C:\Users\ahmed\.m2\repository\org\bouncycastle\bcprov-jdk15on\1.64\bcprov-jdk15on-1.64.jar;C:\Users\ahmed\.m2\repository\org\slf4j\jcl-over-slf4j\1.7.30\jcl-over-slf4j-1.7.30.jar;C:\Users\ahmed\.m2\repository\com\github\docker-java\docker-java-transport-httpclient5\3.2.12\docker-java-transport-httpclient5-3.2.12.jar;C:\Users\ahmed\.m2\repository\com\github\docker-java\docker-java-transport\3.2.12\docker-java-transport-3.2.12.jar;C:\Users\ahmed\.m2\repository\org\apache\httpcomponents\client5\httpclient5\5.0.3\httpclient5-5.0.3.jar;C:\Users\ahmed\.m2\repository\org\apache\httpcomponents\core5\httpcore5\5.0.2\httpcore5-5.0.2.jar;C:\Users\ahmed\.m2\repository\net\java\dev\jna\jna\5.8.0\jna-5.8.0.jar;C:\Users\ahmed\.m2\repository\com\google\guava\guava\30.1.1-jre\guava-30.1.1-jre.jar;C:\Users\ahmed\.m2\repository\com\google\guava\failureaccess\1.0.1\failureaccess-1.0.1.jar;C:\Users\ahmed\.m2\repository\com\google\guava\listenablefuture\9999.0-empty-to-avoid-conflict-with-guava\listenablefuture-9999.0-empty-to-avoid-conflict-with-guava.jar;C:\Users\ahmed\.m2\repository\com\google\code\findbugs\jsr305\3.0.2\jsr305-3.0.2.jar;C:\Users\ahmed\.m2\repository\com\google\errorprone\error_prone_annotations\2.5.1\error_prone_annotations-2.5.1.jar;C:\Users\ahmed\.m2\repository\com\google\j2objc\j2objc-annotations\1.3\j2objc-annotations-1.3.jar;C:\Users\ahmed\.m2\repository\org\brotli\dec\0.1.2\dec-0.1.2.jar;C:\Users\ahmed\.m2\repository\org\testng\testng\7.4.0\testng-7.4.0.jar;C:\Users\ahmed\.m2\repository\com\beust\jcommander\1.78\jcommander-1.78.jar;C:\Users\ahmed\.m2\repository\org\webjars\jquery\3.5.1\jquery-3.5.1.jar;C:\Users\ahmed\.m2\repository\junit\junit\4.13.2\junit-4.13.2.jar;C:\Users\ahmed\.m2\repository\org\hamcrest\hamcrest-core\1.3\hamcrest-core-1.3.jar;C:\Users\ahmed\.m2\repository\org\apache\logging\log4j\log4j-api\2.14.1\log4j-api-2.14.1.jar;C:\Users\ahmed\.m2\repository\org\apache\logging\log4j\log4j-core\2.14.1\log4j-core-2.14.1.jar;C:\Users\ahmed\.m2\repository\io\rest-assured\rest-assured\4.4.0\rest-assured-4.4.0.jar;C:\Users\ahmed\.m2\repository\org\codehaus\groovy\groovy\3.0.8\groovy-3.0.8.jar;C:\Users\ahmed\.m2\repository\org\codehaus\groovy\groovy-xml\3.0.8\groovy-xml-3.0.8.jar;C:\Users\ahmed\.m2\repository\org\apache\httpcomponents\httpclient\4.5.13\httpclient-4.5.13.jar;C:\Users\ahmed\.m2\repository\org\apache\httpcomponents\httpcore\4.4.13\httpcore-4.4.13.jar;C:\Users\ahmed\.m2\repository\commons-logging\commons-logging\1.2\commons-logging-1.2.jar;C:\Users\ahmed\.m2\repository\commons-codec\commons-codec\1.11\commons-codec-1.11.jar;C:\Users\ahmed\.m2\repository\org\apache\httpcomponents\httpmime\4.5.13\httpmime-4.5.13.jar;C:\Users\ahmed\.m2\repository\org\hamcrest\hamcrest\2.1\hamcrest-2.1.jar;C:\Users\ahmed\.m2\repository\org\ccil\cowan\tagsoup\tagsoup\1.2.1\tagsoup-1.2.1.jar;C:\Users\ahmed\.m2\repository\io\rest-assured\json-path\4.4.0\json-path-4.4.0.jar;C:\Users\ahmed\.m2\repository\org\codehaus\groovy\groovy-json\3.0.8\groovy-json-3.0.8.jar;C:\Users\ahmed\.m2\repository\io\rest-assured\rest-assured-common\4.4.0\rest-assured-common-4.4.0.jar;C:\Users\ahmed\.m2\repository\io\rest-assured\xml-path\4.4.0\xml-path-4.4.0.jar;C:\Users\ahmed\.m2\repository\jakarta\xml\bind\jakarta.xml.bind-api\2.3.3\jakarta.xml.bind-api-2.3.3.jar;C:\Users\ahmed\.m2\repository\jakarta\activation\jakarta.activation-api\1.2.2\jakarta.activation-api-1.2.2.jar;C:\Users\ahmed\.m2\repository\com\sun\xml\bind\jaxb-impl\2.3.3\jaxb-impl-2.3.3.jar;C:\Users\ahmed\.m2\repository\com\googlecode\json-simple\json-simple\1.1.1\json-simple-1.1.1.jar;C:\Users\ahmed\.m2\repository\com\github\javafaker\javafaker\1.0.2\javafaker-1.0.2.jar;C:\Users\ahmed\.m2\repository\org\apache\commons\commons-lang3\3.5\commons-lang3-3.5.jar;C:\Users\ahmed\.m2\repository\org\yaml\snakeyaml\1.23\snakeyaml-1.23-android.jar;C:\Users\ahmed\.m2\repository\com\github\mifmif\generex\1.0.2\generex-1.0.2.jar;C:\Users\ahmed\.m2\repository\dk\brics\automaton\automaton\1.11-8\automaton-1.11-8.jar;C:\Users\ahmed\.m2\repository\org\postgresql\postgresql\42.3.1\postgresql-42.3.1.jar;C:\Users\ahmed\.m2\repository\org\checkerframework\checker-qual\3.5.0\checker-qual-3.5.0.jar;C:\Users\ahmed\.m2\repository\io\qameta\allure\allure-testng\2.17.0\allure-testng-2.17.0.jar;C:\Users\ahmed\.m2\repository\io\qameta\allure\allure-java-commons\2.17.0\allure-java-commons-2.17.0.jar;C:\Users\ahmed\.m2\repository\io\qameta\allure\allure-model\2.17.0\allure-model-2.17.0.jar;C:\Users\ahmed\.m2\repository\io\qameta\allure\allure-test-filter\2.17.0\allure-test-filter-2.17.0.jar;"/>
    <property name="sun.cpu.endian" value="little"/>
    <property name="user.home" value="C:\Users\ahmed"/>
    <property name="user.language" value="en"/>
    <property name="java.specification.vendor" value="Oracle Corporation"/>
    <property name="java.version.date" value="2021-10-19"/>
    <property name="java.home" value="C:\Program Files\Java\jdk-11.0.13"/>
    <property name="file.separator" value="\"/>
    <property name="basedir" value="C:\Users\ahmed\Desktop\Automation_Test"/>
    <property name="java.vm.compressedOopsMode" value="Zero based"/>
    <property name="line.separator" value="&#10;"/>
    <property name="java.specification.name" value="Java Platform API Specification"/>
    <property name="java.vm.specification.vendor" value="Oracle Corporation"/>
    <property name="java.awt.graphicsenv" value="sun.awt.Win32GraphicsEnvironment"/>
    <property name="surefire.real.class.path" value="C:\Users\ahmed\AppData\Local\Temp\surefire15779299725795129917\surefirebooter6787851722533833160.jar"/>
    <property name="user.script" value=""/>
    <property name="sun.management.compiler" value="HotSpot 64-Bit Tiered Compilers"/>
    <property name="java.runtime.version" value="11.0.13+10-LTS-370"/>
    <property name="user.name" value="ahmed"/>
    <property name="path.separator" value=";"/>
    <property name="otel.metrics.exporter" value="none"/>
    <property name="os.version" value="10.0"/>
    <property name="java.runtime.name" value="Java(TM) SE Runtime Environment"/>
    <property name="otel.traces.exporter" value="none"/>
    <property name="file.encoding" value="Cp1252"/>
    <property name="browser" value="chrome"/>
    <property name="sun.nio.ch.bugLevel" value=""/>
    <property name="java.vm.name" value="Java HotSpot(TM) 64-Bit Server VM"/>
    <property name="java.vendor.version" value="18.9"/>
    <property name="localRepository" value="C:\Users\ahmed\.m2\repository"/>
    <property name="java.vendor.url.bug" value="https://bugreport.java.com/bugreport/"/>
    <property name="java.io.tmpdir" value="C:\Users\ahmed\AppData\Local\Temp\"/>
    <property name="java.version" value="11.0.13"/>
    <property name="user.dir" value="C:\Users\ahmed\Desktop\Automation_Test"/>
    <property name="os.arch" value="amd64"/>
    <property name="java.vm.specification.name" value="Java Virtual Machine Specification"/>
    <property name="java.awt.printerjob" value="sun.awt.windows.WPrinterJob"/>
    <property name="sun.os.patch.level" value=""/>
    <property name="environment" value="remote"/>
    <property name="java.library.path" value="C:\Program Files\Java\jdk-11.0.13\bin;C:\WINDOWS\Sun\Java\bin;C:\WINDOWS\system32;C:\WINDOWS;C:\Python310\Scripts\;C:\Python310\;C:\Program Files (x86)\Common Files\Intel\Shared Libraries\redist\intel64\compiler;C:\Windows\system32;C:\Windows;C:\Windows\System32\Wbem;C:\Windows\System32\WindowsPowerShell\v1.0\;C:\Windows\System32\OpenSSH\;C:\Program Files\NVIDIA Corporation\NVIDIA NvDLISR;C:\WINDOWS\system32;C:\WINDOWS;C:\WINDOWS\System32\Wbem;C:\WINDOWS\System32\WindowsPowerShell\v1.0\;C:\WINDOWS\System32\OpenSSH\;C:\ProgramData\chocolatey\bin;C:\Program Files (x86)\NVIDIA Corporation\PhysX\Common;C:\Program Files\maven\apache-maven-3.8.4\bin;C:\Program Files\Git\cmd;C:\Program Files\allure-2.16.1\bin;C:\Program Files\PuTTY\;C:\Program Files\Java\jdk-11.0.13\bin;C:\Program Files\nodejs\;C:\Users\ahmed\AppData\Local\Microsoft\WindowsApps;C:\Users\ahmed\AppData\Local\Programs\Microsoft VS Code\bin;C:\Users\ahmed\AppData\Local\gitkraken\bin;C:\Users\ahmed\AppData\Roaming\npm;."/>
    <property name="java.vendor" value="Oracle Corporation"/>
    <property name="java.vm.info" value="mixed mode"/>
    <property name="java.vm.version" value="11.0.13+10-LTS-370"/>
    <property name="sun.io.unicode.encoding" value="UnicodeLittle"/>
    <property name="java.class.version" value="55.0"/>
  </properties>
  <testcase name="CalculateRealAPR" classname="automation_test.Mortgage_Calculator.RealAPRCalculator" time="6.288">
    <system-out><![CDATA[2021-12-16 06:45:30,305 AsyncHttpClient-1-2 ERROR FileManager (logs/${ctx:threadName}.log) java.io.IOException: The filename, directory name, or volume label syntax is incorrect java.io.IOException: The filename, directory name, or volume label syntax is incorrect
	at java.base/java.io.WinNTFileSystem.canonicalizeWithPrefix0(Native Method)
	at java.base/java.io.WinNTFileSystem.canonicalizeWithPrefix(WinNTFileSystem.java:461)
	at java.base/java.io.WinNTFileSystem.canonicalize(WinNTFileSystem.java:432)
	at java.base/java.io.File.getCanonicalPath(File.java:626)
	at java.base/java.io.File.getCanonicalFile(File.java:651)
	at org.apache.logging.log4j.core.util.FileUtils.makeParentDirs(FileUtils.java:135)
	at org.apache.logging.log4j.core.appender.FileManager$FileManagerFactory.createManager(FileManager.java:434)
	at org.apache.logging.log4j.core.appender.FileManager$FileManagerFactory.createManager(FileManager.java:422)
	at org.apache.logging.log4j.core.appender.AbstractManager.getManager(AbstractManager.java:113)
	at org.apache.logging.log4j.core.appender.OutputStreamManager.getManager(OutputStreamManager.java:100)
	at org.apache.logging.log4j.core.appender.FileManager.getFileManager(FileManager.java:182)
	at org.apache.logging.log4j.core.appender.FileAppender$Builder.build(FileAppender.java:96)
	at org.apache.logging.log4j.core.appender.FileAppender$Builder.build(FileAppender.java:52)
	at org.apache.logging.log4j.core.config.plugins.util.PluginBuilder.build(PluginBuilder.java:122)
	at org.apache.logging.log4j.core.config.AbstractConfiguration.createPluginObject(AbstractConfiguration.java:1000)
	at org.apache.logging.log4j.core.config.AbstractConfiguration.createConfiguration(AbstractConfiguration.java:940)
	at org.apache.logging.log4j.core.appender.routing.RoutingAppender.createAppender(RoutingAppender.java:299)
	at org.apache.logging.log4j.core.appender.routing.RoutingAppender.getControl(RoutingAppender.java:271)
	at org.apache.logging.log4j.core.appender.routing.RoutingAppender.append(RoutingAppender.java:229)
	at org.apache.logging.log4j.core.config.AppenderControl.tryCallAppender(AppenderControl.java:156)
	at org.apache.logging.log4j.core.config.AppenderControl.callAppender0(AppenderControl.java:129)
	at org.apache.logging.log4j.core.config.AppenderControl.callAppenderPreventRecursion(AppenderControl.java:120)
	at org.apache.logging.log4j.core.config.AppenderControl.callAppender(AppenderControl.java:84)
	at org.apache.logging.log4j.core.config.LoggerConfig.callAppenders(LoggerConfig.java:540)
	at org.apache.logging.log4j.core.config.LoggerConfig.processLogEvent(LoggerConfig.java:498)
	at org.apache.logging.log4j.core.config.LoggerConfig.log(LoggerConfig.java:481)
	at org.apache.logging.log4j.core.config.LoggerConfig.log(LoggerConfig.java:410)
	at org.apache.logging.log4j.core.config.AwaitCompletionReliabilityStrategy.log(AwaitCompletionReliabilityStrategy.java:63)
	at org.apache.logging.log4j.core.Logger.logMessage(Logger.java:153)
	at org.apache.logging.log4j.spi.ExtendedLoggerWrapper.logMessage(ExtendedLoggerWrapper.java:222)
	at org.apache.logging.log4j.spi.AbstractLogger.log(AbstractLogger.java:2117)
	at org.apache.logging.log4j.spi.AbstractLogger.tryLogMessage(AbstractLogger.java:2205)
	at org.apache.logging.log4j.spi.AbstractLogger.logMessageTrackRecursion(AbstractLogger.java:2159)
	at org.apache.logging.log4j.spi.AbstractLogger.logMessageSafely(AbstractLogger.java:2142)
	at org.apache.logging.log4j.spi.AbstractLogger.logMessage(AbstractLogger.java:2040)
	at org.apache.logging.log4j.spi.AbstractLogger.logIfEnabled(AbstractLogger.java:1907)
	at org.apache.logging.log4j.spi.AbstractLogger.debug(AbstractLogger.java:458)
	at io.netty.buffer.AbstractByteBuf.<clinit>(AbstractByteBuf.java:63)
	at io.netty.buffer.UnpooledByteBufAllocator.newDirectBuffer(UnpooledByteBufAllocator.java:91)
	at io.netty.buffer.AbstractByteBufAllocator.directBuffer(AbstractByteBufAllocator.java:188)
	at io.netty.buffer.AbstractByteBufAllocator.directBuffer(AbstractByteBufAllocator.java:179)
	at io.netty.buffer.Unpooled.directBuffer(Unpooled.java:127)
	at io.netty.handler.codec.http.HttpObjectEncoder.<clinit>(HttpObjectEncoder.java:53)
	at io.netty.handler.codec.http.HttpClientCodec.<init>(HttpClientCodec.java:152)
	at io.netty.handler.codec.http.HttpClientCodec.<init>(HttpClientCodec.java:140)
	at io.netty.handler.codec.http.HttpClientCodec.<init>(HttpClientCodec.java:129)
	at io.netty.handler.codec.http.HttpClientCodec.<init>(HttpClientCodec.java:119)
	at org.asynchttpclient.netty.channel.ChannelManager.newHttpClientCodec(ChannelManager.java:332)
	at org.asynchttpclient.netty.channel.ChannelManager.access$100(ChannelManager.java:70)
	at org.asynchttpclient.netty.channel.ChannelManager$1.initChannel(ChannelManager.java:221)
	at io.netty.channel.ChannelInitializer.initChannel(ChannelInitializer.java:129)
	at io.netty.channel.ChannelInitializer.handlerAdded(ChannelInitializer.java:112)
	at io.netty.channel.AbstractChannelHandlerContext.callHandlerAdded(AbstractChannelHandlerContext.java:938)
	at io.netty.channel.DefaultChannelPipeline.callHandlerAdded0(DefaultChannelPipeline.java:609)
	at io.netty.channel.DefaultChannelPipeline.access$100(DefaultChannelPipeline.java:46)
	at io.netty.channel.DefaultChannelPipeline$PendingHandlerAddedTask.execute(DefaultChannelPipeline.java:1463)
	at io.netty.channel.DefaultChannelPipeline.callHandlerAddedForAllHandlers(DefaultChannelPipeline.java:1115)
	at io.netty.channel.DefaultChannelPipeline.invokeHandlerAddedIfNeeded(DefaultChannelPipeline.java:650)
	at io.netty.channel.AbstractChannel$AbstractUnsafe.register0(AbstractChannel.java:514)
	at io.netty.channel.AbstractChannel$AbstractUnsafe.access$200(AbstractChannel.java:429)
	at io.netty.channel.AbstractChannel$AbstractUnsafe$1.run(AbstractChannel.java:486)
	at io.netty.util.concurrent.AbstractEventExecutor.safeExecute(AbstractEventExecutor.java:164)
	at io.netty.util.concurrent.SingleThreadEventExecutor.runAllTasks(SingleThreadEventExecutor.java:469)
	at io.netty.channel.nio.NioEventLoop.run(NioEventLoop.java:500)
	at io.netty.util.concurrent.SingleThreadEventExecutor$4.run(SingleThreadEventExecutor.java:986)
	at io.netty.util.internal.ThreadExecutorMap$2.run(ThreadExecutorMap.java:74)
	at io.netty.util.concurrent.FastThreadLocalRunnable.run(FastThreadLocalRunnable.java:30)
	at java.base/java.lang.Thread.run(Thread.java:834)

2021-12-16 06:45:30,309 AsyncHttpClient-1-2 ERROR Could not create plugin of type class org.apache.logging.log4j.core.appender.FileAppender for element File: java.lang.IllegalStateException: ManagerFactory [org.apache.logging.log4j.core.appender.FileManager$FileManagerFactory@4d65b13e] unable to create manager for [logs/${ctx:threadName}.log] with data [org.apache.logging.log4j.core.appender.FileManager$FactoryData@1d55cd51] java.lang.IllegalStateException: ManagerFactory [org.apache.logging.log4j.core.appender.FileManager$FileManagerFactory@4d65b13e] unable to create manager for [logs/${ctx:threadName}.log] with data [org.apache.logging.log4j.core.appender.FileManager$FactoryData@1d55cd51]
	at org.apache.logging.log4j.core.appender.AbstractManager.getManager(AbstractManager.java:115)
	at org.apache.logging.log4j.core.appender.OutputStreamManager.getManager(OutputStreamManager.java:100)
	at org.apache.logging.log4j.core.appender.FileManager.getFileManager(FileManager.java:182)
	at org.apache.logging.log4j.core.appender.FileAppender$Builder.build(FileAppender.java:96)
	at org.apache.logging.log4j.core.appender.FileAppender$Builder.build(FileAppender.java:52)
	at org.apache.logging.log4j.core.config.plugins.util.PluginBuilder.build(PluginBuilder.java:122)
	at org.apache.logging.log4j.core.config.AbstractConfiguration.createPluginObject(AbstractConfiguration.java:1000)
	at org.apache.logging.log4j.core.config.AbstractConfiguration.createConfiguration(AbstractConfiguration.java:940)
	at org.apache.logging.log4j.core.appender.routing.RoutingAppender.createAppender(RoutingAppender.java:299)
	at org.apache.logging.log4j.core.appender.routing.RoutingAppender.getControl(RoutingAppender.java:271)
	at org.apache.logging.log4j.core.appender.routing.RoutingAppender.append(RoutingAppender.java:229)
	at org.apache.logging.log4j.core.config.AppenderControl.tryCallAppender(AppenderControl.java:156)
	at org.apache.logging.log4j.core.config.AppenderControl.callAppender0(AppenderControl.java:129)
	at org.apache.logging.log4j.core.config.AppenderControl.callAppenderPreventRecursion(AppenderControl.java:120)
	at org.apache.logging.log4j.core.config.AppenderControl.callAppender(AppenderControl.java:84)
	at org.apache.logging.log4j.core.config.LoggerConfig.callAppenders(LoggerConfig.java:540)
	at org.apache.logging.log4j.core.config.LoggerConfig.processLogEvent(LoggerConfig.java:498)
	at org.apache.logging.log4j.core.config.LoggerConfig.log(LoggerConfig.java:481)
	at org.apache.logging.log4j.core.config.LoggerConfig.log(LoggerConfig.java:410)
	at org.apache.logging.log4j.core.config.AwaitCompletionReliabilityStrategy.log(AwaitCompletionReliabilityStrategy.java:63)
	at org.apache.logging.log4j.core.Logger.logMessage(Logger.java:153)
	at org.apache.logging.log4j.spi.ExtendedLoggerWrapper.logMessage(ExtendedLoggerWrapper.java:222)
	at org.apache.logging.log4j.spi.AbstractLogger.log(AbstractLogger.java:2117)
	at org.apache.logging.log4j.spi.AbstractLogger.tryLogMessage(AbstractLogger.java:2205)
	at org.apache.logging.log4j.spi.AbstractLogger.logMessageTrackRecursion(AbstractLogger.java:2159)
	at org.apache.logging.log4j.spi.AbstractLogger.logMessageSafely(AbstractLogger.java:2142)
	at org.apache.logging.log4j.spi.AbstractLogger.logMessage(AbstractLogger.java:2040)
	at org.apache.logging.log4j.spi.AbstractLogger.logIfEnabled(AbstractLogger.java:1907)
	at org.apache.logging.log4j.spi.AbstractLogger.debug(AbstractLogger.java:458)
	at io.netty.buffer.AbstractByteBuf.<clinit>(AbstractByteBuf.java:63)
	at io.netty.buffer.UnpooledByteBufAllocator.newDirectBuffer(UnpooledByteBufAllocator.java:91)
	at io.netty.buffer.AbstractByteBufAllocator.directBuffer(AbstractByteBufAllocator.java:188)
	at io.netty.buffer.AbstractByteBufAllocator.directBuffer(AbstractByteBufAllocator.java:179)
	at io.netty.buffer.Unpooled.directBuffer(Unpooled.java:127)
	at io.netty.handler.codec.http.HttpObjectEncoder.<clinit>(HttpObjectEncoder.java:53)
	at io.netty.handler.codec.http.HttpClientCodec.<init>(HttpClientCodec.java:152)
	at io.netty.handler.codec.http.HttpClientCodec.<init>(HttpClientCodec.java:140)
	at io.netty.handler.codec.http.HttpClientCodec.<init>(HttpClientCodec.java:129)
	at io.netty.handler.codec.http.HttpClientCodec.<init>(HttpClientCodec.java:119)
	at org.asynchttpclient.netty.channel.ChannelManager.newHttpClientCodec(ChannelManager.java:332)
	at org.asynchttpclient.netty.channel.ChannelManager.access$100(ChannelManager.java:70)
	at org.asynchttpclient.netty.channel.ChannelManager$1.initChannel(ChannelManager.java:221)
	at io.netty.channel.ChannelInitializer.initChannel(ChannelInitializer.java:129)
	at io.netty.channel.ChannelInitializer.handlerAdded(ChannelInitializer.java:112)
	at io.netty.channel.AbstractChannelHandlerContext.callHandlerAdded(AbstractChannelHandlerContext.java:938)
	at io.netty.channel.DefaultChannelPipeline.callHandlerAdded0(DefaultChannelPipeline.java:609)
	at io.netty.channel.DefaultChannelPipeline.access$100(DefaultChannelPipeline.java:46)
	at io.netty.channel.DefaultChannelPipeline$PendingHandlerAddedTask.execute(DefaultChannelPipeline.java:1463)
	at io.netty.channel.DefaultChannelPipeline.callHandlerAddedForAllHandlers(DefaultChannelPipeline.java:1115)
	at io.netty.channel.DefaultChannelPipeline.invokeHandlerAddedIfNeeded(DefaultChannelPipeline.java:650)
	at io.netty.channel.AbstractChannel$AbstractUnsafe.register0(AbstractChannel.java:514)
	at io.netty.channel.AbstractChannel$AbstractUnsafe.access$200(AbstractChannel.java:429)
	at io.netty.channel.AbstractChannel$AbstractUnsafe$1.run(AbstractChannel.java:486)
	at io.netty.util.concurrent.AbstractEventExecutor.safeExecute(AbstractEventExecutor.java:164)
	at io.netty.util.concurrent.SingleThreadEventExecutor.runAllTasks(SingleThreadEventExecutor.java:469)
	at io.netty.channel.nio.NioEventLoop.run(NioEventLoop.java:500)
	at io.netty.util.concurrent.SingleThreadEventExecutor$4.run(SingleThreadEventExecutor.java:986)
	at io.netty.util.internal.ThreadExecutorMap$2.run(ThreadExecutorMap.java:74)
	at io.netty.util.concurrent.FastThreadLocalRunnable.run(FastThreadLocalRunnable.java:30)
	at java.base/java.lang.Thread.run(Thread.java:834)

2021-12-16 06:45:30,310 AsyncHttpClient-1-2 ERROR Unable to invoke factory method in class org.apache.logging.log4j.core.appender.FileAppender for element File: java.lang.IllegalStateException: No factory method found for class org.apache.logging.log4j.core.appender.FileAppender java.lang.IllegalStateException: No factory method found for class org.apache.logging.log4j.core.appender.FileAppender
	at org.apache.logging.log4j.core.config.plugins.util.PluginBuilder.findFactoryMethod(PluginBuilder.java:234)
	at org.apache.logging.log4j.core.config.plugins.util.PluginBuilder.build(PluginBuilder.java:134)
	at org.apache.logging.log4j.core.config.AbstractConfiguration.createPluginObject(AbstractConfiguration.java:1000)
	at org.apache.logging.log4j.core.config.AbstractConfiguration.createConfiguration(AbstractConfiguration.java:940)
	at org.apache.logging.log4j.core.appender.routing.RoutingAppender.createAppender(RoutingAppender.java:299)
	at org.apache.logging.log4j.core.appender.routing.RoutingAppender.getControl(RoutingAppender.java:271)
	at org.apache.logging.log4j.core.appender.routing.RoutingAppender.append(RoutingAppender.java:229)
	at org.apache.logging.log4j.core.config.AppenderControl.tryCallAppender(AppenderControl.java:156)
	at org.apache.logging.log4j.core.config.AppenderControl.callAppender0(AppenderControl.java:129)
	at org.apache.logging.log4j.core.config.AppenderControl.callAppenderPreventRecursion(AppenderControl.java:120)
	at org.apache.logging.log4j.core.config.AppenderControl.callAppender(AppenderControl.java:84)
	at org.apache.logging.log4j.core.config.LoggerConfig.callAppenders(LoggerConfig.java:540)
	at org.apache.logging.log4j.core.config.LoggerConfig.processLogEvent(LoggerConfig.java:498)
	at org.apache.logging.log4j.core.config.LoggerConfig.log(LoggerConfig.java:481)
	at org.apache.logging.log4j.core.config.LoggerConfig.log(LoggerConfig.java:410)
	at org.apache.logging.log4j.core.config.AwaitCompletionReliabilityStrategy.log(AwaitCompletionReliabilityStrategy.java:63)
	at org.apache.logging.log4j.core.Logger.logMessage(Logger.java:153)
	at org.apache.logging.log4j.spi.ExtendedLoggerWrapper.logMessage(ExtendedLoggerWrapper.java:222)
	at org.apache.logging.log4j.spi.AbstractLogger.log(AbstractLogger.java:2117)
	at org.apache.logging.log4j.spi.AbstractLogger.tryLogMessage(AbstractLogger.java:2205)
	at org.apache.logging.log4j.spi.AbstractLogger.logMessageTrackRecursion(AbstractLogger.java:2159)
	at org.apache.logging.log4j.spi.AbstractLogger.logMessageSafely(AbstractLogger.java:2142)
	at org.apache.logging.log4j.spi.AbstractLogger.logMessage(AbstractLogger.java:2040)
	at org.apache.logging.log4j.spi.AbstractLogger.logIfEnabled(AbstractLogger.java:1907)
	at org.apache.logging.log4j.spi.AbstractLogger.debug(AbstractLogger.java:458)
	at io.netty.buffer.AbstractByteBuf.<clinit>(AbstractByteBuf.java:63)
	at io.netty.buffer.UnpooledByteBufAllocator.newDirectBuffer(UnpooledByteBufAllocator.java:91)
	at io.netty.buffer.AbstractByteBufAllocator.directBuffer(AbstractByteBufAllocator.java:188)
	at io.netty.buffer.AbstractByteBufAllocator.directBuffer(AbstractByteBufAllocator.java:179)
	at io.netty.buffer.Unpooled.directBuffer(Unpooled.java:127)
	at io.netty.handler.codec.http.HttpObjectEncoder.<clinit>(HttpObjectEncoder.java:53)
	at io.netty.handler.codec.http.HttpClientCodec.<init>(HttpClientCodec.java:152)
	at io.netty.handler.codec.http.HttpClientCodec.<init>(HttpClientCodec.java:140)
	at io.netty.handler.codec.http.HttpClientCodec.<init>(HttpClientCodec.java:129)
	at io.netty.handler.codec.http.HttpClientCodec.<init>(HttpClientCodec.java:119)
	at org.asynchttpclient.netty.channel.ChannelManager.newHttpClientCodec(ChannelManager.java:332)
	at org.asynchttpclient.netty.channel.ChannelManager.access$100(ChannelManager.java:70)
	at org.asynchttpclient.netty.channel.ChannelManager$1.initChannel(ChannelManager.java:221)
	at io.netty.channel.ChannelInitializer.initChannel(ChannelInitializer.java:129)
	at io.netty.channel.ChannelInitializer.handlerAdded(ChannelInitializer.java:112)
	at io.netty.channel.AbstractChannelHandlerContext.callHandlerAdded(AbstractChannelHandlerContext.java:938)
	at io.netty.channel.DefaultChannelPipeline.callHandlerAdded0(DefaultChannelPipeline.java:609)
	at io.netty.channel.DefaultChannelPipeline.access$100(DefaultChannelPipeline.java:46)
	at io.netty.channel.DefaultChannelPipeline$PendingHandlerAddedTask.execute(DefaultChannelPipeline.java:1463)
	at io.netty.channel.DefaultChannelPipeline.callHandlerAddedForAllHandlers(DefaultChannelPipeline.java:1115)
	at io.netty.channel.DefaultChannelPipeline.invokeHandlerAddedIfNeeded(DefaultChannelPipeline.java:650)
	at io.netty.channel.AbstractChannel$AbstractUnsafe.register0(AbstractChannel.java:514)
	at io.netty.channel.AbstractChannel$AbstractUnsafe.access$200(AbstractChannel.java:429)
	at io.netty.channel.AbstractChannel$AbstractUnsafe$1.run(AbstractChannel.java:486)
	at io.netty.util.concurrent.AbstractEventExecutor.safeExecute(AbstractEventExecutor.java:164)
	at io.netty.util.concurrent.SingleThreadEventExecutor.runAllTasks(SingleThreadEventExecutor.java:469)
	at io.netty.channel.nio.NioEventLoop.run(NioEventLoop.java:500)
	at io.netty.util.concurrent.SingleThreadEventExecutor$4.run(SingleThreadEventExecutor.java:986)
	at io.netty.util.internal.ThreadExecutorMap$2.run(ThreadExecutorMap.java:74)
	at io.netty.util.concurrent.FastThreadLocalRunnable.run(FastThreadLocalRunnable.java:30)
	at java.base/java.lang.Thread.run(Thread.java:834)

2021-12-16 06:45:30,311 AsyncHttpClient-1-2 ERROR Unable to create Appender of type File
2021-12-16 06:45:30,312 AsyncHttpClient-1-2 ERROR FileManager (logs/${ctx:threadName}.log) java.io.IOException: The filename, directory name, or volume label syntax is incorrect java.io.IOException: The filename, directory name, or volume label syntax is incorrect
	at java.base/java.io.WinNTFileSystem.canonicalizeWithPrefix0(Native Method)
	at java.base/java.io.WinNTFileSystem.canonicalizeWithPrefix(WinNTFileSystem.java:461)
	at java.base/java.io.WinNTFileSystem.canonicalize(WinNTFileSystem.java:432)
	at java.base/java.io.File.getCanonicalPath(File.java:626)
	at java.base/java.io.File.getCanonicalFile(File.java:651)
	at org.apache.logging.log4j.core.util.FileUtils.makeParentDirs(FileUtils.java:135)
	at org.apache.logging.log4j.core.appender.FileManager$FileManagerFactory.createManager(FileManager.java:434)
	at org.apache.logging.log4j.core.appender.FileManager$FileManagerFactory.createManager(FileManager.java:422)
	at org.apache.logging.log4j.core.appender.AbstractManager.getManager(AbstractManager.java:113)
	at org.apache.logging.log4j.core.appender.OutputStreamManager.getManager(OutputStreamManager.java:100)
	at org.apache.logging.log4j.core.appender.FileManager.getFileManager(FileManager.java:182)
	at org.apache.logging.log4j.core.appender.FileAppender$Builder.build(FileAppender.java:96)
	at org.apache.logging.log4j.core.appender.FileAppender$Builder.build(FileAppender.java:52)
	at org.apache.logging.log4j.core.config.plugins.util.PluginBuilder.build(PluginBuilder.java:122)
	at org.apache.logging.log4j.core.config.AbstractConfiguration.createPluginObject(AbstractConfiguration.java:1000)
	at org.apache.logging.log4j.core.config.AbstractConfiguration.createConfiguration(AbstractConfiguration.java:940)
	at org.apache.logging.log4j.core.appender.routing.RoutingAppender.createAppender(RoutingAppender.java:299)
	at org.apache.logging.log4j.core.appender.routing.RoutingAppender.getControl(RoutingAppender.java:271)
	at org.apache.logging.log4j.core.appender.routing.RoutingAppender.append(RoutingAppender.java:229)
	at org.apache.logging.log4j.core.config.AppenderControl.tryCallAppender(AppenderControl.java:156)
	at org.apache.logging.log4j.core.config.AppenderControl.callAppender0(AppenderControl.java:129)
	at org.apache.logging.log4j.core.config.AppenderControl.callAppenderPreventRecursion(AppenderControl.java:120)
	at org.apache.logging.log4j.core.config.AppenderControl.callAppender(AppenderControl.java:84)
	at org.apache.logging.log4j.core.config.LoggerConfig.callAppenders(LoggerConfig.java:540)
	at org.apache.logging.log4j.core.config.LoggerConfig.processLogEvent(LoggerConfig.java:498)
	at org.apache.logging.log4j.core.config.LoggerConfig.log(LoggerConfig.java:481)
	at org.apache.logging.log4j.core.config.LoggerConfig.log(LoggerConfig.java:410)
	at org.apache.logging.log4j.core.config.AwaitCompletionReliabilityStrategy.log(AwaitCompletionReliabilityStrategy.java:63)
	at org.apache.logging.log4j.core.Logger.logMessage(Logger.java:153)
	at org.apache.logging.log4j.spi.ExtendedLoggerWrapper.logMessage(ExtendedLoggerWrapper.java:222)
	at org.apache.logging.log4j.spi.AbstractLogger.log(AbstractLogger.java:2117)
	at org.apache.logging.log4j.spi.AbstractLogger.tryLogMessage(AbstractLogger.java:2205)
	at org.apache.logging.log4j.spi.AbstractLogger.logMessageTrackRecursion(AbstractLogger.java:2159)
	at org.apache.logging.log4j.spi.AbstractLogger.logMessageSafely(AbstractLogger.java:2142)
	at org.apache.logging.log4j.spi.AbstractLogger.logMessage(AbstractLogger.java:2040)
	at org.apache.logging.log4j.spi.AbstractLogger.logIfEnabled(AbstractLogger.java:1907)
	at org.apache.logging.log4j.spi.AbstractLogger.debug(AbstractLogger.java:458)
	at io.netty.buffer.AbstractByteBuf.<clinit>(AbstractByteBuf.java:64)
	at io.netty.buffer.UnpooledByteBufAllocator.newDirectBuffer(UnpooledByteBufAllocator.java:91)
	at io.netty.buffer.AbstractByteBufAllocator.directBuffer(AbstractByteBufAllocator.java:188)
	at io.netty.buffer.AbstractByteBufAllocator.directBuffer(AbstractByteBufAllocator.java:179)
	at io.netty.buffer.Unpooled.directBuffer(Unpooled.java:127)
	at io.netty.handler.codec.http.HttpObjectEncoder.<clinit>(HttpObjectEncoder.java:53)
	at io.netty.handler.codec.http.HttpClientCodec.<init>(HttpClientCodec.java:152)
	at io.netty.handler.codec.http.HttpClientCodec.<init>(HttpClientCodec.java:140)
	at io.netty.handler.codec.http.HttpClientCodec.<init>(HttpClientCodec.java:129)
	at io.netty.handler.codec.http.HttpClientCodec.<init>(HttpClientCodec.java:119)
	at org.asynchttpclient.netty.channel.ChannelManager.newHttpClientCodec(ChannelManager.java:332)
	at org.asynchttpclient.netty.channel.ChannelManager.access$100(ChannelManager.java:70)
	at org.asynchttpclient.netty.channel.ChannelManager$1.initChannel(ChannelManager.java:221)
	at io.netty.channel.ChannelInitializer.initChannel(ChannelInitializer.java:129)
	at io.netty.channel.ChannelInitializer.handlerAdded(ChannelInitializer.java:112)
	at io.netty.channel.AbstractChannelHandlerContext.callHandlerAdded(AbstractChannelHandlerContext.java:938)
	at io.netty.channel.DefaultChannelPipeline.callHandlerAdded0(DefaultChannelPipeline.java:609)
	at io.netty.channel.DefaultChannelPipeline.access$100(DefaultChannelPipeline.java:46)
	at io.netty.channel.DefaultChannelPipeline$PendingHandlerAddedTask.execute(DefaultChannelPipeline.java:1463)
	at io.netty.channel.DefaultChannelPipeline.callHandlerAddedForAllHandlers(DefaultChannelPipeline.java:1115)
	at io.netty.channel.DefaultChannelPipeline.invokeHandlerAddedIfNeeded(DefaultChannelPipeline.java:650)
	at io.netty.channel.AbstractChannel$AbstractUnsafe.register0(AbstractChannel.java:514)
	at io.netty.channel.AbstractChannel$AbstractUnsafe.access$200(AbstractChannel.java:429)
	at io.netty.channel.AbstractChannel$AbstractUnsafe$1.run(AbstractChannel.java:486)
	at io.netty.util.concurrent.AbstractEventExecutor.safeExecute(AbstractEventExecutor.java:164)
	at io.netty.util.concurrent.SingleThreadEventExecutor.runAllTasks(SingleThreadEventExecutor.java:469)
	at io.netty.channel.nio.NioEventLoop.run(NioEventLoop.java:500)
	at io.netty.util.concurrent.SingleThreadEventExecutor$4.run(SingleThreadEventExecutor.java:986)
	at io.netty.util.internal.ThreadExecutorMap$2.run(ThreadExecutorMap.java:74)
	at io.netty.util.concurrent.FastThreadLocalRunnable.run(FastThreadLocalRunnable.java:30)
	at java.base/java.lang.Thread.run(Thread.java:834)

2021-12-16 06:45:30,313 AsyncHttpClient-1-2 ERROR Could not create plugin of type class org.apache.logging.log4j.core.appender.FileAppender for element File: java.lang.IllegalStateException: ManagerFactory [org.apache.logging.log4j.core.appender.FileManager$FileManagerFactory@4d65b13e] unable to create manager for [logs/${ctx:threadName}.log] with data [org.apache.logging.log4j.core.appender.FileManager$FactoryData@16da9aef] java.lang.IllegalStateException: ManagerFactory [org.apache.logging.log4j.core.appender.FileManager$FileManagerFactory@4d65b13e] unable to create manager for [logs/${ctx:threadName}.log] with data [org.apache.logging.log4j.core.appender.FileManager$FactoryData@16da9aef]
	at org.apache.logging.log4j.core.appender.AbstractManager.getManager(AbstractManager.java:115)
	at org.apache.logging.log4j.core.appender.OutputStreamManager.getManager(OutputStreamManager.java:100)
	at org.apache.logging.log4j.core.appender.FileManager.getFileManager(FileManager.java:182)
	at org.apache.logging.log4j.core.appender.FileAppender$Builder.build(FileAppender.java:96)
	at org.apache.logging.log4j.core.appender.FileAppender$Builder.build(FileAppender.java:52)
	at org.apache.logging.log4j.core.config.plugins.util.PluginBuilder.build(PluginBuilder.java:122)
	at org.apache.logging.log4j.core.config.AbstractConfiguration.createPluginObject(AbstractConfiguration.java:1000)
	at org.apache.logging.log4j.core.config.AbstractConfiguration.createConfiguration(AbstractConfiguration.java:940)
	at org.apache.logging.log4j.core.appender.routing.RoutingAppender.createAppender(RoutingAppender.java:299)
	at org.apache.logging.log4j.core.appender.routing.RoutingAppender.getControl(RoutingAppender.java:271)
	at org.apache.logging.log4j.core.appender.routing.RoutingAppender.append(RoutingAppender.java:229)
	at org.apache.logging.log4j.core.config.AppenderControl.tryCallAppender(AppenderControl.java:156)
	at org.apache.logging.log4j.core.config.AppenderControl.callAppender0(AppenderControl.java:129)
	at org.apache.logging.log4j.core.config.AppenderControl.callAppenderPreventRecursion(AppenderControl.java:120)
	at org.apache.logging.log4j.core.config.AppenderControl.callAppender(AppenderControl.java:84)
	at org.apache.logging.log4j.core.config.LoggerConfig.callAppenders(LoggerConfig.java:540)
	at org.apache.logging.log4j.core.config.LoggerConfig.processLogEvent(LoggerConfig.java:498)
	at org.apache.logging.log4j.core.config.LoggerConfig.log(LoggerConfig.java:481)
	at org.apache.logging.log4j.core.config.LoggerConfig.log(LoggerConfig.java:410)
	at org.apache.logging.log4j.core.config.AwaitCompletionReliabilityStrategy.log(AwaitCompletionReliabilityStrategy.java:63)
	at org.apache.logging.log4j.core.Logger.logMessage(Logger.java:153)
	at org.apache.logging.log4j.spi.ExtendedLoggerWrapper.logMessage(ExtendedLoggerWrapper.java:222)
	at org.apache.logging.log4j.spi.AbstractLogger.log(AbstractLogger.java:2117)
	at org.apache.logging.log4j.spi.AbstractLogger.tryLogMessage(AbstractLogger.java:2205)
	at org.apache.logging.log4j.spi.AbstractLogger.logMessageTrackRecursion(AbstractLogger.java:2159)
	at org.apache.logging.log4j.spi.AbstractLogger.logMessageSafely(AbstractLogger.java:2142)
	at org.apache.logging.log4j.spi.AbstractLogger.logMessage(AbstractLogger.java:2040)
	at org.apache.logging.log4j.spi.AbstractLogger.logIfEnabled(AbstractLogger.java:1907)
	at org.apache.logging.log4j.spi.AbstractLogger.debug(AbstractLogger.java:458)
	at io.netty.buffer.AbstractByteBuf.<clinit>(AbstractByteBuf.java:64)
	at io.netty.buffer.UnpooledByteBufAllocator.newDirectBuffer(UnpooledByteBufAllocator.java:91)
	at io.netty.buffer.AbstractByteBufAllocator.directBuffer(AbstractByteBufAllocator.java:188)
	at io.netty.buffer.AbstractByteBufAllocator.directBuffer(AbstractByteBufAllocator.java:179)
	at io.netty.buffer.Unpooled.directBuffer(Unpooled.java:127)
	at io.netty.handler.codec.http.HttpObjectEncoder.<clinit>(HttpObjectEncoder.java:53)
	at io.netty.handler.codec.http.HttpClientCodec.<init>(HttpClientCodec.java:152)
	at io.netty.handler.codec.http.HttpClientCodec.<init>(HttpClientCodec.java:140)
	at io.netty.handler.codec.http.HttpClientCodec.<init>(HttpClientCodec.java:129)
	at io.netty.handler.codec.http.HttpClientCodec.<init>(HttpClientCodec.java:119)
	at org.asynchttpclient.netty.channel.ChannelManager.newHttpClientCodec(ChannelManager.java:332)
	at org.asynchttpclient.netty.channel.ChannelManager.access$100(ChannelManager.java:70)
	at org.asynchttpclient.netty.channel.ChannelManager$1.initChannel(ChannelManager.java:221)
	at io.netty.channel.ChannelInitializer.initChannel(ChannelInitializer.java:129)
	at io.netty.channel.ChannelInitializer.handlerAdded(ChannelInitializer.java:112)
	at io.netty.channel.AbstractChannelHandlerContext.callHandlerAdded(AbstractChannelHandlerContext.java:938)
	at io.netty.channel.DefaultChannelPipeline.callHandlerAdded0(DefaultChannelPipeline.java:609)
	at io.netty.channel.DefaultChannelPipeline.access$100(DefaultChannelPipeline.java:46)
	at io.netty.channel.DefaultChannelPipeline$PendingHandlerAddedTask.execute(DefaultChannelPipeline.java:1463)
	at io.netty.channel.DefaultChannelPipeline.callHandlerAddedForAllHandlers(DefaultChannelPipeline.java:1115)
	at io.netty.channel.DefaultChannelPipeline.invokeHandlerAddedIfNeeded(DefaultChannelPipeline.java:650)
	at io.netty.channel.AbstractChannel$AbstractUnsafe.register0(AbstractChannel.java:514)
	at io.netty.channel.AbstractChannel$AbstractUnsafe.access$200(AbstractChannel.java:429)
	at io.netty.channel.AbstractChannel$AbstractUnsafe$1.run(AbstractChannel.java:486)
	at io.netty.util.concurrent.AbstractEventExecutor.safeExecute(AbstractEventExecutor.java:164)
	at io.netty.util.concurrent.SingleThreadEventExecutor.runAllTasks(SingleThreadEventExecutor.java:469)
	at io.netty.channel.nio.NioEventLoop.run(NioEventLoop.java:500)
	at io.netty.util.concurrent.SingleThreadEventExecutor$4.run(SingleThreadEventExecutor.java:986)
	at io.netty.util.internal.ThreadExecutorMap$2.run(ThreadExecutorMap.java:74)
	at io.netty.util.concurrent.FastThreadLocalRunnable.run(FastThreadLocalRunnable.java:30)
	at java.base/java.lang.Thread.run(Thread.java:834)

2021-12-16 06:45:30,314 AsyncHttpClient-1-2 ERROR Unable to invoke factory method in class org.apache.logging.log4j.core.appender.FileAppender for element File: java.lang.IllegalStateException: No factory method found for class org.apache.logging.log4j.core.appender.FileAppender java.lang.IllegalStateException: No factory method found for class org.apache.logging.log4j.core.appender.FileAppender
	at org.apache.logging.log4j.core.config.plugins.util.PluginBuilder.findFactoryMethod(PluginBuilder.java:234)
	at org.apache.logging.log4j.core.config.plugins.util.PluginBuilder.build(PluginBuilder.java:134)
	at org.apache.logging.log4j.core.config.AbstractConfiguration.createPluginObject(AbstractConfiguration.java:1000)
	at org.apache.logging.log4j.core.config.AbstractConfiguration.createConfiguration(AbstractConfiguration.java:940)
	at org.apache.logging.log4j.core.appender.routing.RoutingAppender.createAppender(RoutingAppender.java:299)
	at org.apache.logging.log4j.core.appender.routing.RoutingAppender.getControl(RoutingAppender.java:271)
	at org.apache.logging.log4j.core.appender.routing.RoutingAppender.append(RoutingAppender.java:229)
	at org.apache.logging.log4j.core.config.AppenderControl.tryCallAppender(AppenderControl.java:156)
	at org.apache.logging.log4j.core.config.AppenderControl.callAppender0(AppenderControl.java:129)
	at org.apache.logging.log4j.core.config.AppenderControl.callAppenderPreventRecursion(AppenderControl.java:120)
	at org.apache.logging.log4j.core.config.AppenderControl.callAppender(AppenderControl.java:84)
	at org.apache.logging.log4j.core.config.LoggerConfig.callAppenders(LoggerConfig.java:540)
	at org.apache.logging.log4j.core.config.LoggerConfig.processLogEvent(LoggerConfig.java:498)
	at org.apache.logging.log4j.core.config.LoggerConfig.log(LoggerConfig.java:481)
	at org.apache.logging.log4j.core.config.LoggerConfig.log(LoggerConfig.java:410)
	at org.apache.logging.log4j.core.config.AwaitCompletionReliabilityStrategy.log(AwaitCompletionReliabilityStrategy.java:63)
	at org.apache.logging.log4j.core.Logger.logMessage(Logger.java:153)
	at org.apache.logging.log4j.spi.ExtendedLoggerWrapper.logMessage(ExtendedLoggerWrapper.java:222)
	at org.apache.logging.log4j.spi.AbstractLogger.log(AbstractLogger.java:2117)
	at org.apache.logging.log4j.spi.AbstractLogger.tryLogMessage(AbstractLogger.java:2205)
	at org.apache.logging.log4j.spi.AbstractLogger.logMessageTrackRecursion(AbstractLogger.java:2159)
	at org.apache.logging.log4j.spi.AbstractLogger.logMessageSafely(AbstractLogger.java:2142)
	at org.apache.logging.log4j.spi.AbstractLogger.logMessage(AbstractLogger.java:2040)
	at org.apache.logging.log4j.spi.AbstractLogger.logIfEnabled(AbstractLogger.java:1907)
	at org.apache.logging.log4j.spi.AbstractLogger.debug(AbstractLogger.java:458)
	at io.netty.buffer.AbstractByteBuf.<clinit>(AbstractByteBuf.java:64)
	at io.netty.buffer.UnpooledByteBufAllocator.newDirectBuffer(UnpooledByteBufAllocator.java:91)
	at io.netty.buffer.AbstractByteBufAllocator.directBuffer(AbstractByteBufAllocator.java:188)
	at io.netty.buffer.AbstractByteBufAllocator.directBuffer(AbstractByteBufAllocator.java:179)
	at io.netty.buffer.Unpooled.directBuffer(Unpooled.java:127)
	at io.netty.handler.codec.http.HttpObjectEncoder.<clinit>(HttpObjectEncoder.java:53)
	at io.netty.handler.codec.http.HttpClientCodec.<init>(HttpClientCodec.java:152)
	at io.netty.handler.codec.http.HttpClientCodec.<init>(HttpClientCodec.java:140)
	at io.netty.handler.codec.http.HttpClientCodec.<init>(HttpClientCodec.java:129)
	at io.netty.handler.codec.http.HttpClientCodec.<init>(HttpClientCodec.java:119)
	at org.asynchttpclient.netty.channel.ChannelManager.newHttpClientCodec(ChannelManager.java:332)
	at org.asynchttpclient.netty.channel.ChannelManager.access$100(ChannelManager.java:70)
	at org.asynchttpclient.netty.channel.ChannelManager$1.initChannel(ChannelManager.java:221)
	at io.netty.channel.ChannelInitializer.initChannel(ChannelInitializer.java:129)
	at io.netty.channel.ChannelInitializer.handlerAdded(ChannelInitializer.java:112)
	at io.netty.channel.AbstractChannelHandlerContext.callHandlerAdded(AbstractChannelHandlerContext.java:938)
	at io.netty.channel.DefaultChannelPipeline.callHandlerAdded0(DefaultChannelPipeline.java:609)
	at io.netty.channel.DefaultChannelPipeline.access$100(DefaultChannelPipeline.java:46)
	at io.netty.channel.DefaultChannelPipeline$PendingHandlerAddedTask.execute(DefaultChannelPipeline.java:1463)
	at io.netty.channel.DefaultChannelPipeline.callHandlerAddedForAllHandlers(DefaultChannelPipeline.java:1115)
	at io.netty.channel.DefaultChannelPipeline.invokeHandlerAddedIfNeeded(DefaultChannelPipeline.java:650)
	at io.netty.channel.AbstractChannel$AbstractUnsafe.register0(AbstractChannel.java:514)
	at io.netty.channel.AbstractChannel$AbstractUnsafe.access$200(AbstractChannel.java:429)
	at io.netty.channel.AbstractChannel$AbstractUnsafe$1.run(AbstractChannel.java:486)
	at io.netty.util.concurrent.AbstractEventExecutor.safeExecute(AbstractEventExecutor.java:164)
	at io.netty.util.concurrent.SingleThreadEventExecutor.runAllTasks(SingleThreadEventExecutor.java:469)
	at io.netty.channel.nio.NioEventLoop.run(NioEventLoop.java:500)
	at io.netty.util.concurrent.SingleThreadEventExecutor$4.run(SingleThreadEventExecutor.java:986)
	at io.netty.util.internal.ThreadExecutorMap$2.run(ThreadExecutorMap.java:74)
	at io.netty.util.concurrent.FastThreadLocalRunnable.run(FastThreadLocalRunnable.java:30)
	at java.base/java.lang.Thread.run(Thread.java:834)

2021-12-16 06:45:30,315 AsyncHttpClient-1-2 ERROR Unable to create Appender of type File
2021-12-16 06:45:30,316 AsyncHttpClient-1-2 ERROR FileManager (logs/${ctx:threadName}.log) java.io.IOException: The filename, directory name, or volume label syntax is incorrect java.io.IOException: The filename, directory name, or volume label syntax is incorrect
	at java.base/java.io.WinNTFileSystem.canonicalizeWithPrefix0(Native Method)
	at java.base/java.io.WinNTFileSystem.canonicalizeWithPrefix(WinNTFileSystem.java:461)
	at java.base/java.io.WinNTFileSystem.canonicalize(WinNTFileSystem.java:432)
	at java.base/java.io.File.getCanonicalPath(File.java:626)
	at java.base/java.io.File.getCanonicalFile(File.java:651)
	at org.apache.logging.log4j.core.util.FileUtils.makeParentDirs(FileUtils.java:135)
	at org.apache.logging.log4j.core.appender.FileManager$FileManagerFactory.createManager(FileManager.java:434)
	at org.apache.logging.log4j.core.appender.FileManager$FileManagerFactory.createManager(FileManager.java:422)
	at org.apache.logging.log4j.core.appender.AbstractManager.getManager(AbstractManager.java:113)
	at org.apache.logging.log4j.core.appender.OutputStreamManager.getManager(OutputStreamManager.java:100)
	at org.apache.logging.log4j.core.appender.FileManager.getFileManager(FileManager.java:182)
	at org.apache.logging.log4j.core.appender.FileAppender$Builder.build(FileAppender.java:96)
	at org.apache.logging.log4j.core.appender.FileAppender$Builder.build(FileAppender.java:52)
	at org.apache.logging.log4j.core.config.plugins.util.PluginBuilder.build(PluginBuilder.java:122)
	at org.apache.logging.log4j.core.config.AbstractConfiguration.createPluginObject(AbstractConfiguration.java:1000)
	at org.apache.logging.log4j.core.config.AbstractConfiguration.createConfiguration(AbstractConfiguration.java:940)
	at org.apache.logging.log4j.core.appender.routing.RoutingAppender.createAppender(RoutingAppender.java:299)
	at org.apache.logging.log4j.core.appender.routing.RoutingAppender.getControl(RoutingAppender.java:271)
	at org.apache.logging.log4j.core.appender.routing.RoutingAppender.append(RoutingAppender.java:229)
	at org.apache.logging.log4j.core.config.AppenderControl.tryCallAppender(AppenderControl.java:156)
	at org.apache.logging.log4j.core.config.AppenderControl.callAppender0(AppenderControl.java:129)
	at org.apache.logging.log4j.core.config.AppenderControl.callAppenderPreventRecursion(AppenderControl.java:120)
	at org.apache.logging.log4j.core.config.AppenderControl.callAppender(AppenderControl.java:84)
	at org.apache.logging.log4j.core.config.LoggerConfig.callAppenders(LoggerConfig.java:540)
	at org.apache.logging.log4j.core.config.LoggerConfig.processLogEvent(LoggerConfig.java:498)
	at org.apache.logging.log4j.core.config.LoggerConfig.log(LoggerConfig.java:481)
	at org.apache.logging.log4j.core.config.LoggerConfig.log(LoggerConfig.java:410)
	at org.apache.logging.log4j.core.config.AwaitCompletionReliabilityStrategy.log(AwaitCompletionReliabilityStrategy.java:63)
	at org.apache.logging.log4j.core.Logger.logMessage(Logger.java:153)
	at org.apache.logging.log4j.spi.ExtendedLoggerWrapper.logMessage(ExtendedLoggerWrapper.java:222)
	at org.apache.logging.log4j.spi.AbstractLogger.log(AbstractLogger.java:2117)
	at org.apache.logging.log4j.spi.AbstractLogger.tryLogMessage(AbstractLogger.java:2205)
	at org.apache.logging.log4j.spi.AbstractLogger.logMessageTrackRecursion(AbstractLogger.java:2159)
	at org.apache.logging.log4j.spi.AbstractLogger.logMessageSafely(AbstractLogger.java:2142)
	at org.apache.logging.log4j.spi.AbstractLogger.logMessage(AbstractLogger.java:2034)
	at org.apache.logging.log4j.spi.AbstractLogger.logIfEnabled(AbstractLogger.java:1899)
	at org.apache.logging.log4j.spi.AbstractLogger.debug(AbstractLogger.java:453)
	at io.netty.util.ResourceLeakDetectorFactory$DefaultResourceLeakDetectorFactory.newResourceLeakDetector(ResourceLeakDetectorFactory.java:196)
	at io.netty.util.ResourceLeakDetectorFactory.newResourceLeakDetector(ResourceLeakDetectorFactory.java:63)
	at io.netty.buffer.AbstractByteBuf.<clinit>(AbstractByteBuf.java:69)
	at io.netty.buffer.UnpooledByteBufAllocator.newDirectBuffer(UnpooledByteBufAllocator.java:91)
	at io.netty.buffer.AbstractByteBufAllocator.directBuffer(AbstractByteBufAllocator.java:188)
	at io.netty.buffer.AbstractByteBufAllocator.directBuffer(AbstractByteBufAllocator.java:179)
	at io.netty.buffer.Unpooled.directBuffer(Unpooled.java:127)
	at io.netty.handler.codec.http.HttpObjectEncoder.<clinit>(HttpObjectEncoder.java:53)
	at io.netty.handler.codec.http.HttpClientCodec.<init>(HttpClientCodec.java:152)
	at io.netty.handler.codec.http.HttpClientCodec.<init>(HttpClientCodec.java:140)
	at io.netty.handler.codec.http.HttpClientCodec.<init>(HttpClientCodec.java:129)
	at io.netty.handler.codec.http.HttpClientCodec.<init>(HttpClientCodec.java:119)
	at org.asynchttpclient.netty.channel.ChannelManager.newHttpClientCodec(ChannelManager.java:332)
	at org.asynchttpclient.netty.channel.ChannelManager.access$100(ChannelManager.java:70)
	at org.asynchttpclient.netty.channel.ChannelManager$1.initChannel(ChannelManager.java:221)
	at io.netty.channel.ChannelInitializer.initChannel(ChannelInitializer.java:129)
	at io.netty.channel.ChannelInitializer.handlerAdded(ChannelInitializer.java:112)
	at io.netty.channel.AbstractChannelHandlerContext.callHandlerAdded(AbstractChannelHandlerContext.java:938)
	at io.netty.channel.DefaultChannelPipeline.callHandlerAdded0(DefaultChannelPipeline.java:609)
	at io.netty.channel.DefaultChannelPipeline.access$100(DefaultChannelPipeline.java:46)
	at io.netty.channel.DefaultChannelPipeline$PendingHandlerAddedTask.execute(DefaultChannelPipeline.java:1463)
	at io.netty.channel.DefaultChannelPipeline.callHandlerAddedForAllHandlers(DefaultChannelPipeline.java:1115)
	at io.netty.channel.DefaultChannelPipeline.invokeHandlerAddedIfNeeded(DefaultChannelPipeline.java:650)
	at io.netty.channel.AbstractChannel$AbstractUnsafe.register0(AbstractChannel.java:514)
	at io.netty.channel.AbstractChannel$AbstractUnsafe.access$200(AbstractChannel.java:429)
	at io.netty.channel.AbstractChannel$AbstractUnsafe$1.run(AbstractChannel.java:486)
	at io.netty.util.concurrent.AbstractEventExecutor.safeExecute(AbstractEventExecutor.java:164)
	at io.netty.util.concurrent.SingleThreadEventExecutor.runAllTasks(SingleThreadEventExecutor.java:469)
	at io.netty.channel.nio.NioEventLoop.run(NioEventLoop.java:500)
	at io.netty.util.concurrent.SingleThreadEventExecutor$4.run(SingleThreadEventExecutor.java:986)
	at io.netty.util.internal.ThreadExecutorMap$2.run(ThreadExecutorMap.java:74)
	at io.netty.util.concurrent.FastThreadLocalRunnable.run(FastThreadLocalRunnable.java:30)
	at java.base/java.lang.Thread.run(Thread.java:834)

2021-12-16 06:45:30,317 AsyncHttpClient-1-2 ERROR Could not create plugin of type class org.apache.logging.log4j.core.appender.FileAppender for element File: java.lang.IllegalStateException: ManagerFactory [org.apache.logging.log4j.core.appender.FileManager$FileManagerFactory@4d65b13e] unable to create manager for [logs/${ctx:threadName}.log] with data [org.apache.logging.log4j.core.appender.FileManager$FactoryData@1cc21441] java.lang.IllegalStateException: ManagerFactory [org.apache.logging.log4j.core.appender.FileManager$FileManagerFactory@4d65b13e] unable to create manager for [logs/${ctx:threadName}.log] with data [org.apache.logging.log4j.core.appender.FileManager$FactoryData@1cc21441]
	at org.apache.logging.log4j.core.appender.AbstractManager.getManager(AbstractManager.java:115)
	at org.apache.logging.log4j.core.appender.OutputStreamManager.getManager(OutputStreamManager.java:100)
	at org.apache.logging.log4j.core.appender.FileManager.getFileManager(FileManager.java:182)
	at org.apache.logging.log4j.core.appender.FileAppender$Builder.build(FileAppender.java:96)
	at org.apache.logging.log4j.core.appender.FileAppender$Builder.build(FileAppender.java:52)
	at org.apache.logging.log4j.core.config.plugins.util.PluginBuilder.build(PluginBuilder.java:122)
	at org.apache.logging.log4j.core.config.AbstractConfiguration.createPluginObject(AbstractConfiguration.java:1000)
	at org.apache.logging.log4j.core.config.AbstractConfiguration.createConfiguration(AbstractConfiguration.java:940)
	at org.apache.logging.log4j.core.appender.routing.RoutingAppender.createAppender(RoutingAppender.java:299)
	at org.apache.logging.log4j.core.appender.routing.RoutingAppender.getControl(RoutingAppender.java:271)
	at org.apache.logging.log4j.core.appender.routing.RoutingAppender.append(RoutingAppender.java:229)
	at org.apache.logging.log4j.core.config.AppenderControl.tryCallAppender(AppenderControl.java:156)
	at org.apache.logging.log4j.core.config.AppenderControl.callAppender0(AppenderControl.java:129)
	at org.apache.logging.log4j.core.config.AppenderControl.callAppenderPreventRecursion(AppenderControl.java:120)
	at org.apache.logging.log4j.core.config.AppenderControl.callAppender(AppenderControl.java:84)
	at org.apache.logging.log4j.core.config.LoggerConfig.callAppenders(LoggerConfig.java:540)
	at org.apache.logging.log4j.core.config.LoggerConfig.processLogEvent(LoggerConfig.java:498)
	at org.apache.logging.log4j.core.config.LoggerConfig.log(LoggerConfig.java:481)
	at org.apache.logging.log4j.core.config.LoggerConfig.log(LoggerConfig.java:410)
	at org.apache.logging.log4j.core.config.AwaitCompletionReliabilityStrategy.log(AwaitCompletionReliabilityStrategy.java:63)
	at org.apache.logging.log4j.core.Logger.logMessage(Logger.java:153)
	at org.apache.logging.log4j.spi.ExtendedLoggerWrapper.logMessage(ExtendedLoggerWrapper.java:222)
	at org.apache.logging.log4j.spi.AbstractLogger.log(AbstractLogger.java:2117)
	at org.apache.logging.log4j.spi.AbstractLogger.tryLogMessage(AbstractLogger.java:2205)
	at org.apache.logging.log4j.spi.AbstractLogger.logMessageTrackRecursion(AbstractLogger.java:2159)
	at org.apache.logging.log4j.spi.AbstractLogger.logMessageSafely(AbstractLogger.java:2142)
	at org.apache.logging.log4j.spi.AbstractLogger.logMessage(AbstractLogger.java:2034)
	at org.apache.logging.log4j.spi.AbstractLogger.logIfEnabled(AbstractLogger.java:1899)
	at org.apache.logging.log4j.spi.AbstractLogger.debug(AbstractLogger.java:453)
	at io.netty.util.ResourceLeakDetectorFactory$DefaultResourceLeakDetectorFactory.newResourceLeakDetector(ResourceLeakDetectorFactory.java:196)
	at io.netty.util.ResourceLeakDetectorFactory.newResourceLeakDetector(ResourceLeakDetectorFactory.java:63)
	at io.netty.buffer.AbstractByteBuf.<clinit>(AbstractByteBuf.java:69)
	at io.netty.buffer.UnpooledByteBufAllocator.newDirectBuffer(UnpooledByteBufAllocator.java:91)
	at io.netty.buffer.AbstractByteBufAllocator.directBuffer(AbstractByteBufAllocator.java:188)
	at io.netty.buffer.AbstractByteBufAllocator.directBuffer(AbstractByteBufAllocator.java:179)
	at io.netty.buffer.Unpooled.directBuffer(Unpooled.java:127)
	at io.netty.handler.codec.http.HttpObjectEncoder.<clinit>(HttpObjectEncoder.java:53)
	at io.netty.handler.codec.http.HttpClientCodec.<init>(HttpClientCodec.java:152)
	at io.netty.handler.codec.http.HttpClientCodec.<init>(HttpClientCodec.java:140)
	at io.netty.handler.codec.http.HttpClientCodec.<init>(HttpClientCodec.java:129)
	at io.netty.handler.codec.http.HttpClientCodec.<init>(HttpClientCodec.java:119)
	at org.asynchttpclient.netty.channel.ChannelManager.newHttpClientCodec(ChannelManager.java:332)
	at org.asynchttpclient.netty.channel.ChannelManager.access$100(ChannelManager.java:70)
	at org.asynchttpclient.netty.channel.ChannelManager$1.initChannel(ChannelManager.java:221)
	at io.netty.channel.ChannelInitializer.initChannel(ChannelInitializer.java:129)
	at io.netty.channel.ChannelInitializer.handlerAdded(ChannelInitializer.java:112)
	at io.netty.channel.AbstractChannelHandlerContext.callHandlerAdded(AbstractChannelHandlerContext.java:938)
	at io.netty.channel.DefaultChannelPipeline.callHandlerAdded0(DefaultChannelPipeline.java:609)
	at io.netty.channel.DefaultChannelPipeline.access$100(DefaultChannelPipeline.java:46)
	at io.netty.channel.DefaultChannelPipeline$PendingHandlerAddedTask.execute(DefaultChannelPipeline.java:1463)
	at io.netty.channel.DefaultChannelPipeline.callHandlerAddedForAllHandlers(DefaultChannelPipeline.java:1115)
	at io.netty.channel.DefaultChannelPipeline.invokeHandlerAddedIfNeeded(DefaultChannelPipeline.java:650)
	at io.netty.channel.AbstractChannel$AbstractUnsafe.register0(AbstractChannel.java:514)
	at io.netty.channel.AbstractChannel$AbstractUnsafe.access$200(AbstractChannel.java:429)
	at io.netty.channel.AbstractChannel$AbstractUnsafe$1.run(AbstractChannel.java:486)
	at io.netty.util.concurrent.AbstractEventExecutor.safeExecute(AbstractEventExecutor.java:164)
	at io.netty.util.concurrent.SingleThreadEventExecutor.runAllTasks(SingleThreadEventExecutor.java:469)
	at io.netty.channel.nio.NioEventLoop.run(NioEventLoop.java:500)
	at io.netty.util.concurrent.SingleThreadEventExecutor$4.run(SingleThreadEventExecutor.java:986)
	at io.netty.util.internal.ThreadExecutorMap$2.run(ThreadExecutorMap.java:74)
	at io.netty.util.concurrent.FastThreadLocalRunnable.run(FastThreadLocalRunnable.java:30)
	at java.base/java.lang.Thread.run(Thread.java:834)

2021-12-16 06:45:30,318 AsyncHttpClient-1-2 ERROR Unable to invoke factory method in class org.apache.logging.log4j.core.appender.FileAppender for element File: java.lang.IllegalStateException: No factory method found for class org.apache.logging.log4j.core.appender.FileAppender java.lang.IllegalStateException: No factory method found for class org.apache.logging.log4j.core.appender.FileAppender
	at org.apache.logging.log4j.core.config.plugins.util.PluginBuilder.findFactoryMethod(PluginBuilder.java:234)
	at org.apache.logging.log4j.core.config.plugins.util.PluginBuilder.build(PluginBuilder.java:134)
	at org.apache.logging.log4j.core.config.AbstractConfiguration.createPluginObject(AbstractConfiguration.java:1000)
	at org.apache.logging.log4j.core.config.AbstractConfiguration.createConfiguration(AbstractConfiguration.java:940)
	at org.apache.logging.log4j.core.appender.routing.RoutingAppender.createAppender(RoutingAppender.java:299)
	at org.apache.logging.log4j.core.appender.routing.RoutingAppender.getControl(RoutingAppender.java:271)
	at org.apache.logging.log4j.core.appender.routing.RoutingAppender.append(RoutingAppender.java:229)
	at org.apache.logging.log4j.core.config.AppenderControl.tryCallAppender(AppenderControl.java:156)
	at org.apache.logging.log4j.core.config.AppenderControl.callAppender0(AppenderControl.java:129)
	at org.apache.logging.log4j.core.config.AppenderControl.callAppenderPreventRecursion(AppenderControl.java:120)
	at org.apache.logging.log4j.core.config.AppenderControl.callAppender(AppenderControl.java:84)
	at org.apache.logging.log4j.core.config.LoggerConfig.callAppenders(LoggerConfig.java:540)
	at org.apache.logging.log4j.core.config.LoggerConfig.processLogEvent(LoggerConfig.java:498)
	at org.apache.logging.log4j.core.config.LoggerConfig.log(LoggerConfig.java:481)
	at org.apache.logging.log4j.core.config.LoggerConfig.log(LoggerConfig.java:410)
	at org.apache.logging.log4j.core.config.AwaitCompletionReliabilityStrategy.log(AwaitCompletionReliabilityStrategy.java:63)
	at org.apache.logging.log4j.core.Logger.logMessage(Logger.java:153)
	at org.apache.logging.log4j.spi.ExtendedLoggerWrapper.logMessage(ExtendedLoggerWrapper.java:222)
	at org.apache.logging.log4j.spi.AbstractLogger.log(AbstractLogger.java:2117)
	at org.apache.logging.log4j.spi.AbstractLogger.tryLogMessage(AbstractLogger.java:2205)
	at org.apache.logging.log4j.spi.AbstractLogger.logMessageTrackRecursion(AbstractLogger.java:2159)
	at org.apache.logging.log4j.spi.AbstractLogger.logMessageSafely(AbstractLogger.java:2142)
	at org.apache.logging.log4j.spi.AbstractLogger.logMessage(AbstractLogger.java:2034)
	at org.apache.logging.log4j.spi.AbstractLogger.logIfEnabled(AbstractLogger.java:1899)
	at org.apache.logging.log4j.spi.AbstractLogger.debug(AbstractLogger.java:453)
	at io.netty.util.ResourceLeakDetectorFactory$DefaultResourceLeakDetectorFactory.newResourceLeakDetector(ResourceLeakDetectorFactory.java:196)
	at io.netty.util.ResourceLeakDetectorFactory.newResourceLeakDetector(ResourceLeakDetectorFactory.java:63)
	at io.netty.buffer.AbstractByteBuf.<clinit>(AbstractByteBuf.java:69)
	at io.netty.buffer.UnpooledByteBufAllocator.newDirectBuffer(UnpooledByteBufAllocator.java:91)
	at io.netty.buffer.AbstractByteBufAllocator.directBuffer(AbstractByteBufAllocator.java:188)
	at io.netty.buffer.AbstractByteBufAllocator.directBuffer(AbstractByteBufAllocator.java:179)
	at io.netty.buffer.Unpooled.directBuffer(Unpooled.java:127)
	at io.netty.handler.codec.http.HttpObjectEncoder.<clinit>(HttpObjectEncoder.java:53)
	at io.netty.handler.codec.http.HttpClientCodec.<init>(HttpClientCodec.java:152)
	at io.netty.handler.codec.http.HttpClientCodec.<init>(HttpClientCodec.java:140)
	at io.netty.handler.codec.http.HttpClientCodec.<init>(HttpClientCodec.java:129)
	at io.netty.handler.codec.http.HttpClientCodec.<init>(HttpClientCodec.java:119)
	at org.asynchttpclient.netty.channel.ChannelManager.newHttpClientCodec(ChannelManager.java:332)
	at org.asynchttpclient.netty.channel.ChannelManager.access$100(ChannelManager.java:70)
	at org.asynchttpclient.netty.channel.ChannelManager$1.initChannel(ChannelManager.java:221)
	at io.netty.channel.ChannelInitializer.initChannel(ChannelInitializer.java:129)
	at io.netty.channel.ChannelInitializer.handlerAdded(ChannelInitializer.java:112)
	at io.netty.channel.AbstractChannelHandlerContext.callHandlerAdded(AbstractChannelHandlerContext.java:938)
	at io.netty.channel.DefaultChannelPipeline.callHandlerAdded0(DefaultChannelPipeline.java:609)
	at io.netty.channel.DefaultChannelPipeline.access$100(DefaultChannelPipeline.java:46)
	at io.netty.channel.DefaultChannelPipeline$PendingHandlerAddedTask.execute(DefaultChannelPipeline.java:1463)
	at io.netty.channel.DefaultChannelPipeline.callHandlerAddedForAllHandlers(DefaultChannelPipeline.java:1115)
	at io.netty.channel.DefaultChannelPipeline.invokeHandlerAddedIfNeeded(DefaultChannelPipeline.java:650)
	at io.netty.channel.AbstractChannel$AbstractUnsafe.register0(AbstractChannel.java:514)
	at io.netty.channel.AbstractChannel$AbstractUnsafe.access$200(AbstractChannel.java:429)
	at io.netty.channel.AbstractChannel$AbstractUnsafe$1.run(AbstractChannel.java:486)
	at io.netty.util.concurrent.AbstractEventExecutor.safeExecute(AbstractEventExecutor.java:164)
	at io.netty.util.concurrent.SingleThreadEventExecutor.runAllTasks(SingleThreadEventExecutor.java:469)
	at io.netty.channel.nio.NioEventLoop.run(NioEventLoop.java:500)
	at io.netty.util.concurrent.SingleThreadEventExecutor$4.run(SingleThreadEventExecutor.java:986)
	at io.netty.util.internal.ThreadExecutorMap$2.run(ThreadExecutorMap.java:74)
	at io.netty.util.concurrent.FastThreadLocalRunnable.run(FastThreadLocalRunnable.java:30)
	at java.base/java.lang.Thread.run(Thread.java:834)

2021-12-16 06:45:30,319 AsyncHttpClient-1-2 ERROR Unable to create Appender of type File
2021-12-16 06:45:30,354 AsyncHttpClient-1-3 ERROR FileManager (logs/${ctx:threadName}.log) java.io.IOException: The filename, directory name, or volume label syntax is incorrect java.io.IOException: The filename, directory name, or volume label syntax is incorrect
	at java.base/java.io.WinNTFileSystem.canonicalizeWithPrefix0(Native Method)
	at java.base/java.io.WinNTFileSystem.canonicalizeWithPrefix(WinNTFileSystem.java:461)
	at java.base/java.io.WinNTFileSystem.canonicalize(WinNTFileSystem.java:432)
	at java.base/java.io.File.getCanonicalPath(File.java:626)
	at java.base/java.io.File.getCanonicalFile(File.java:651)
	at org.apache.logging.log4j.core.util.FileUtils.makeParentDirs(FileUtils.java:135)
	at org.apache.logging.log4j.core.appender.FileManager$FileManagerFactory.createManager(FileManager.java:434)
	at org.apache.logging.log4j.core.appender.FileManager$FileManagerFactory.createManager(FileManager.java:422)
	at org.apache.logging.log4j.core.appender.AbstractManager.getManager(AbstractManager.java:113)
	at org.apache.logging.log4j.core.appender.OutputStreamManager.getManager(OutputStreamManager.java:100)
	at org.apache.logging.log4j.core.appender.FileManager.getFileManager(FileManager.java:182)
	at org.apache.logging.log4j.core.appender.FileAppender$Builder.build(FileAppender.java:96)
	at org.apache.logging.log4j.core.appender.FileAppender$Builder.build(FileAppender.java:52)
	at org.apache.logging.log4j.core.config.plugins.util.PluginBuilder.build(PluginBuilder.java:122)
	at org.apache.logging.log4j.core.config.AbstractConfiguration.createPluginObject(AbstractConfiguration.java:1000)
	at org.apache.logging.log4j.core.config.AbstractConfiguration.createConfiguration(AbstractConfiguration.java:940)
	at org.apache.logging.log4j.core.appender.routing.RoutingAppender.createAppender(RoutingAppender.java:299)
	at org.apache.logging.log4j.core.appender.routing.RoutingAppender.getControl(RoutingAppender.java:271)
	at org.apache.logging.log4j.core.appender.routing.RoutingAppender.append(RoutingAppender.java:229)
	at org.apache.logging.log4j.core.config.AppenderControl.tryCallAppender(AppenderControl.java:156)
	at org.apache.logging.log4j.core.config.AppenderControl.callAppender0(AppenderControl.java:129)
	at org.apache.logging.log4j.core.config.AppenderControl.callAppenderPreventRecursion(AppenderControl.java:120)
	at org.apache.logging.log4j.core.config.AppenderControl.callAppender(AppenderControl.java:84)
	at org.apache.logging.log4j.core.config.LoggerConfig.callAppenders(LoggerConfig.java:540)
	at org.apache.logging.log4j.core.config.LoggerConfig.processLogEvent(LoggerConfig.java:498)
	at org.apache.logging.log4j.core.config.LoggerConfig.log(LoggerConfig.java:481)
	at org.apache.logging.log4j.core.config.LoggerConfig.log(LoggerConfig.java:410)
	at org.apache.logging.log4j.core.config.AwaitCompletionReliabilityStrategy.log(AwaitCompletionReliabilityStrategy.java:63)
	at org.apache.logging.log4j.core.Logger.logMessage(Logger.java:153)
	at org.apache.logging.log4j.spi.ExtendedLoggerWrapper.logMessage(ExtendedLoggerWrapper.java:222)
	at org.apache.logging.log4j.spi.AbstractLogger.log(AbstractLogger.java:2117)
	at org.apache.logging.log4j.spi.AbstractLogger.tryLogMessage(AbstractLogger.java:2205)
	at org.apache.logging.log4j.spi.AbstractLogger.logMessageTrackRecursion(AbstractLogger.java:2159)
	at org.apache.logging.log4j.spi.AbstractLogger.logMessageSafely(AbstractLogger.java:2142)
	at org.apache.logging.log4j.spi.AbstractLogger.logMessage(AbstractLogger.java:2034)
	at org.apache.logging.log4j.spi.AbstractLogger.logIfEnabled(AbstractLogger.java:1899)
	at org.apache.logging.log4j.spi.AbstractLogger.debug(AbstractLogger.java:453)
	at io.netty.util.Recycler.<clinit>(Recycler.java:103)
	at io.netty.util.internal.ObjectPool$RecyclerObjectPool.<init>(ObjectPool.java:74)
	at io.netty.util.internal.ObjectPool.newPool(ObjectPool.java:67)
	at io.netty.buffer.PoolThreadCache$MemoryRegionCache.<clinit>(PoolThreadCache.java:463)
	at io.netty.buffer.PoolThreadCache.createSubPageCaches(PoolThreadCache.java:117)
	at io.netty.buffer.PoolThreadCache.<init>(PoolThreadCache.java:74)
	at io.netty.buffer.PooledByteBufAllocator$PoolThreadLocalCache.initialValue(PooledByteBufAllocator.java:516)
	at io.netty.buffer.PooledByteBufAllocator$PoolThreadLocalCache.initialValue(PooledByteBufAllocator.java:500)
	at io.netty.util.concurrent.FastThreadLocal.initialize(FastThreadLocal.java:177)
	at io.netty.util.concurrent.FastThreadLocal.get(FastThreadLocal.java:142)
	at io.netty.buffer.PooledByteBufAllocator.newDirectBuffer(PooledByteBufAllocator.java:390)
	at io.netty.buffer.AbstractByteBufAllocator.directBuffer(AbstractByteBufAllocator.java:188)
	at io.netty.buffer.AbstractByteBufAllocator.directBuffer(AbstractByteBufAllocator.java:179)
	at io.netty.buffer.AbstractByteBufAllocator.buffer(AbstractByteBufAllocator.java:116)
	at io.netty.handler.codec.http.HttpObjectEncoder.encode(HttpObjectEncoder.java:93)
	at io.netty.handler.codec.http.HttpClientCodec$Encoder.encode(HttpClientCodec.java:202)
	at io.netty.handler.codec.MessageToMessageEncoder.write(MessageToMessageEncoder.java:89)
	at io.netty.channel.CombinedChannelDuplexHandler.write(CombinedChannelDuplexHandler.java:346)
	at io.netty.channel.AbstractChannelHandlerContext.invokeWrite0(AbstractChannelHandlerContext.java:717)
	at io.netty.channel.AbstractChannelHandlerContext.invokeWrite(AbstractChannelHandlerContext.java:709)
	at io.netty.channel.AbstractChannelHandlerContext.write(AbstractChannelHandlerContext.java:792)
	at io.netty.channel.AbstractChannelHandlerContext.write(AbstractChannelHandlerContext.java:702)
	at io.netty.handler.stream.ChunkedWriteHandler.doFlush(ChunkedWriteHandler.java:302)
	at io.netty.handler.stream.ChunkedWriteHandler.flush(ChunkedWriteHandler.java:131)
	at io.netty.channel.AbstractChannelHandlerContext.invokeFlush0(AbstractChannelHandlerContext.java:750)
	at io.netty.channel.AbstractChannelHandlerContext.invokeWriteAndFlush(AbstractChannelHandlerContext.java:765)
	at io.netty.channel.AbstractChannelHandlerContext.write(AbstractChannelHandlerContext.java:790)
	at io.netty.channel.AbstractChannelHandlerContext.writeAndFlush(AbstractChannelHandlerContext.java:758)
	at io.netty.channel.DefaultChannelPipeline.writeAndFlush(DefaultChannelPipeline.java:1020)
	at io.netty.channel.AbstractChannel.writeAndFlush(AbstractChannel.java:311)
	at org.asynchttpclient.netty.request.body.NettyInputStreamBody.write(NettyInputStreamBody.java:77)
	at org.asynchttpclient.netty.request.NettyRequestSender.writeRequest(NettyRequestSender.java:433)
	at org.asynchttpclient.netty.channel.NettyConnectListener.writeRequest(NettyConnectListener.java:80)
	at org.asynchttpclient.netty.channel.NettyConnectListener.onSuccess(NettyConnectListener.java:156)
	at org.asynchttpclient.netty.channel.NettyChannelConnector$1.onSuccess(NettyChannelConnector.java:92)
	at org.asynchttpclient.netty.SimpleChannelFutureListener.operationComplete(SimpleChannelFutureListener.java:26)
	at org.asynchttpclient.netty.SimpleChannelFutureListener.operationComplete(SimpleChannelFutureListener.java:20)
	at io.netty.util.concurrent.DefaultPromise.notifyListener0(DefaultPromise.java:578)
	at io.netty.util.concurrent.DefaultPromise.notifyListeners0(DefaultPromise.java:571)
	at io.netty.util.concurrent.DefaultPromise.notifyListenersNow(DefaultPromise.java:550)
	at io.netty.util.concurrent.DefaultPromise.notifyListeners(DefaultPromise.java:491)
	at io.netty.util.concurrent.DefaultPromise.setValue0(DefaultPromise.java:616)
	at io.netty.util.concurrent.DefaultPromise.setSuccess0(DefaultPromise.java:605)
	at io.netty.util.concurrent.DefaultPromise.trySuccess(DefaultPromise.java:104)
	at io.netty.channel.DefaultChannelPromise.trySuccess(DefaultChannelPromise.java:84)
	at io.netty.channel.nio.AbstractNioChannel$AbstractNioUnsafe.fulfillConnectPromise(AbstractNioChannel.java:300)
	at io.netty.channel.nio.AbstractNioChannel$AbstractNioUnsafe.finishConnect(AbstractNioChannel.java:335)
	at io.netty.channel.nio.NioEventLoop.processSelectedKey(NioEventLoop.java:707)
	at io.netty.channel.nio.NioEventLoop.processSelectedKeysOptimized(NioEventLoop.java:655)
	at io.netty.channel.nio.NioEventLoop.processSelectedKeys(NioEventLoop.java:581)
	at io.netty.channel.nio.NioEventLoop.run(NioEventLoop.java:493)
	at io.netty.util.concurrent.SingleThreadEventExecutor$4.run(SingleThreadEventExecutor.java:986)
	at io.netty.util.internal.ThreadExecutorMap$2.run(ThreadExecutorMap.java:74)
	at io.netty.util.concurrent.FastThreadLocalRunnable.run(FastThreadLocalRunnable.java:30)
	at java.base/java.lang.Thread.run(Thread.java:834)

2021-12-16 06:45:30,356 AsyncHttpClient-1-3 ERROR Could not create plugin of type class org.apache.logging.log4j.core.appender.FileAppender for element File: java.lang.IllegalStateException: ManagerFactory [org.apache.logging.log4j.core.appender.FileManager$FileManagerFactory@4d65b13e] unable to create manager for [logs/${ctx:threadName}.log] with data [org.apache.logging.log4j.core.appender.FileManager$FactoryData@13c3dd9] java.lang.IllegalStateException: ManagerFactory [org.apache.logging.log4j.core.appender.FileManager$FileManagerFactory@4d65b13e] unable to create manager for [logs/${ctx:threadName}.log] with data [org.apache.logging.log4j.core.appender.FileManager$FactoryData@13c3dd9]
	at org.apache.logging.log4j.core.appender.AbstractManager.getManager(AbstractManager.java:115)
	at org.apache.logging.log4j.core.appender.OutputStreamManager.getManager(OutputStreamManager.java:100)
	at org.apache.logging.log4j.core.appender.FileManager.getFileManager(FileManager.java:182)
	at org.apache.logging.log4j.core.appender.FileAppender$Builder.build(FileAppender.java:96)
	at org.apache.logging.log4j.core.appender.FileAppender$Builder.build(FileAppender.java:52)
	at org.apache.logging.log4j.core.config.plugins.util.PluginBuilder.build(PluginBuilder.java:122)
	at org.apache.logging.log4j.core.config.AbstractConfiguration.createPluginObject(AbstractConfiguration.java:1000)
	at org.apache.logging.log4j.core.config.AbstractConfiguration.createConfiguration(AbstractConfiguration.java:940)
	at org.apache.logging.log4j.core.appender.routing.RoutingAppender.createAppender(RoutingAppender.java:299)
	at org.apache.logging.log4j.core.appender.routing.RoutingAppender.getControl(RoutingAppender.java:271)
	at org.apache.logging.log4j.core.appender.routing.RoutingAppender.append(RoutingAppender.java:229)
	at org.apache.logging.log4j.core.config.AppenderControl.tryCallAppender(AppenderControl.java:156)
	at org.apache.logging.log4j.core.config.AppenderControl.callAppender0(AppenderControl.java:129)
	at org.apache.logging.log4j.core.config.AppenderControl.callAppenderPreventRecursion(AppenderControl.java:120)
	at org.apache.logging.log4j.core.config.AppenderControl.callAppender(AppenderControl.java:84)
	at org.apache.logging.log4j.core.config.LoggerConfig.callAppenders(LoggerConfig.java:540)
	at org.apache.logging.log4j.core.config.LoggerConfig.processLogEvent(LoggerConfig.java:498)
	at org.apache.logging.log4j.core.config.LoggerConfig.log(LoggerConfig.java:481)
	at org.apache.logging.log4j.core.config.LoggerConfig.log(LoggerConfig.java:410)
	at org.apache.logging.log4j.core.config.AwaitCompletionReliabilityStrategy.log(AwaitCompletionReliabilityStrategy.java:63)
	at org.apache.logging.log4j.core.Logger.logMessage(Logger.java:153)
	at org.apache.logging.log4j.spi.ExtendedLoggerWrapper.logMessage(ExtendedLoggerWrapper.java:222)
	at org.apache.logging.log4j.spi.AbstractLogger.log(AbstractLogger.java:2117)
	at org.apache.logging.log4j.spi.AbstractLogger.tryLogMessage(AbstractLogger.java:2205)
	at org.apache.logging.log4j.spi.AbstractLogger.logMessageTrackRecursion(AbstractLogger.java:2159)
	at org.apache.logging.log4j.spi.AbstractLogger.logMessageSafely(AbstractLogger.java:2142)
	at org.apache.logging.log4j.spi.AbstractLogger.logMessage(AbstractLogger.java:2034)
	at org.apache.logging.log4j.spi.AbstractLogger.logIfEnabled(AbstractLogger.java:1899)
	at org.apache.logging.log4j.spi.AbstractLogger.debug(AbstractLogger.java:453)
	at io.netty.util.Recycler.<clinit>(Recycler.java:103)
	at io.netty.util.internal.ObjectPool$RecyclerObjectPool.<init>(ObjectPool.java:74)
	at io.netty.util.internal.ObjectPool.newPool(ObjectPool.java:67)
	at io.netty.buffer.PoolThreadCache$MemoryRegionCache.<clinit>(PoolThreadCache.java:463)
	at io.netty.buffer.PoolThreadCache.createSubPageCaches(PoolThreadCache.java:117)
	at io.netty.buffer.PoolThreadCache.<init>(PoolThreadCache.java:74)
	at io.netty.buffer.PooledByteBufAllocator$PoolThreadLocalCache.initialValue(PooledByteBufAllocator.java:516)
	at io.netty.buffer.PooledByteBufAllocator$PoolThreadLocalCache.initialValue(PooledByteBufAllocator.java:500)
	at io.netty.util.concurrent.FastThreadLocal.initialize(FastThreadLocal.java:177)
	at io.netty.util.concurrent.FastThreadLocal.get(FastThreadLocal.java:142)
	at io.netty.buffer.PooledByteBufAllocator.newDirectBuffer(PooledByteBufAllocator.java:390)
	at io.netty.buffer.AbstractByteBufAllocator.directBuffer(AbstractByteBufAllocator.java:188)
	at io.netty.buffer.AbstractByteBufAllocator.directBuffer(AbstractByteBufAllocator.java:179)
	at io.netty.buffer.AbstractByteBufAllocator.buffer(AbstractByteBufAllocator.java:116)
	at io.netty.handler.codec.http.HttpObjectEncoder.encode(HttpObjectEncoder.java:93)
	at io.netty.handler.codec.http.HttpClientCodec$Encoder.encode(HttpClientCodec.java:202)
	at io.netty.handler.codec.MessageToMessageEncoder.write(MessageToMessageEncoder.java:89)
	at io.netty.channel.CombinedChannelDuplexHandler.write(CombinedChannelDuplexHandler.java:346)
	at io.netty.channel.AbstractChannelHandlerContext.invokeWrite0(AbstractChannelHandlerContext.java:717)
	at io.netty.channel.AbstractChannelHandlerContext.invokeWrite(AbstractChannelHandlerContext.java:709)
	at io.netty.channel.AbstractChannelHandlerContext.write(AbstractChannelHandlerContext.java:792)
	at io.netty.channel.AbstractChannelHandlerContext.write(AbstractChannelHandlerContext.java:702)
	at io.netty.handler.stream.ChunkedWriteHandler.doFlush(ChunkedWriteHandler.java:302)
	at io.netty.handler.stream.ChunkedWriteHandler.flush(ChunkedWriteHandler.java:131)
	at io.netty.channel.AbstractChannelHandlerContext.invokeFlush0(AbstractChannelHandlerContext.java:750)
	at io.netty.channel.AbstractChannelHandlerContext.invokeWriteAndFlush(AbstractChannelHandlerContext.java:765)
	at io.netty.channel.AbstractChannelHandlerContext.write(AbstractChannelHandlerContext.java:790)
	at io.netty.channel.AbstractChannelHandlerContext.writeAndFlush(AbstractChannelHandlerContext.java:758)
	at io.netty.channel.DefaultChannelPipeline.writeAndFlush(DefaultChannelPipeline.java:1020)
	at io.netty.channel.AbstractChannel.writeAndFlush(AbstractChannel.java:311)
	at org.asynchttpclient.netty.request.body.NettyInputStreamBody.write(NettyInputStreamBody.java:77)
	at org.asynchttpclient.netty.request.NettyRequestSender.writeRequest(NettyRequestSender.java:433)
	at org.asynchttpclient.netty.channel.NettyConnectListener.writeRequest(NettyConnectListener.java:80)
	at org.asynchttpclient.netty.channel.NettyConnectListener.onSuccess(NettyConnectListener.java:156)
	at org.asynchttpclient.netty.channel.NettyChannelConnector$1.onSuccess(NettyChannelConnector.java:92)
	at org.asynchttpclient.netty.SimpleChannelFutureListener.operationComplete(SimpleChannelFutureListener.java:26)
	at org.asynchttpclient.netty.SimpleChannelFutureListener.operationComplete(SimpleChannelFutureListener.java:20)
	at io.netty.util.concurrent.DefaultPromise.notifyListener0(DefaultPromise.java:578)
	at io.netty.util.concurrent.DefaultPromise.notifyListeners0(DefaultPromise.java:571)
	at io.netty.util.concurrent.DefaultPromise.notifyListenersNow(DefaultPromise.java:550)
	at io.netty.util.concurrent.DefaultPromise.notifyListeners(DefaultPromise.java:491)
	at io.netty.util.concurrent.DefaultPromise.setValue0(DefaultPromise.java:616)
	at io.netty.util.concurrent.DefaultPromise.setSuccess0(DefaultPromise.java:605)
	at io.netty.util.concurrent.DefaultPromise.trySuccess(DefaultPromise.java:104)
	at io.netty.channel.DefaultChannelPromise.trySuccess(DefaultChannelPromise.java:84)
	at io.netty.channel.nio.AbstractNioChannel$AbstractNioUnsafe.fulfillConnectPromise(AbstractNioChannel.java:300)
	at io.netty.channel.nio.AbstractNioChannel$AbstractNioUnsafe.finishConnect(AbstractNioChannel.java:335)
	at io.netty.channel.nio.NioEventLoop.processSelectedKey(NioEventLoop.java:707)
	at io.netty.channel.nio.NioEventLoop.processSelectedKeysOptimized(NioEventLoop.java:655)
	at io.netty.channel.nio.NioEventLoop.processSelectedKeys(NioEventLoop.java:581)
	at io.netty.channel.nio.NioEventLoop.run(NioEventLoop.java:493)
	at io.netty.util.concurrent.SingleThreadEventExecutor$4.run(SingleThreadEventExecutor.java:986)
	at io.netty.util.internal.ThreadExecutorMap$2.run(ThreadExecutorMap.java:74)
	at io.netty.util.concurrent.FastThreadLocalRunnable.run(FastThreadLocalRunnable.java:30)
	at java.base/java.lang.Thread.run(Thread.java:834)

2021-12-16 06:45:30,356 AsyncHttpClient-1-3 ERROR Unable to invoke factory method in class org.apache.logging.log4j.core.appender.FileAppender for element File: java.lang.IllegalStateException: No factory method found for class org.apache.logging.log4j.core.appender.FileAppender java.lang.IllegalStateException: No factory method found for class org.apache.logging.log4j.core.appender.FileAppender
	at org.apache.logging.log4j.core.config.plugins.util.PluginBuilder.findFactoryMethod(PluginBuilder.java:234)
	at org.apache.logging.log4j.core.config.plugins.util.PluginBuilder.build(PluginBuilder.java:134)
	at org.apache.logging.log4j.core.config.AbstractConfiguration.createPluginObject(AbstractConfiguration.java:1000)
	at org.apache.logging.log4j.core.config.AbstractConfiguration.createConfiguration(AbstractConfiguration.java:940)
	at org.apache.logging.log4j.core.appender.routing.RoutingAppender.createAppender(RoutingAppender.java:299)
	at org.apache.logging.log4j.core.appender.routing.RoutingAppender.getControl(RoutingAppender.java:271)
	at org.apache.logging.log4j.core.appender.routing.RoutingAppender.append(RoutingAppender.java:229)
	at org.apache.logging.log4j.core.config.AppenderControl.tryCallAppender(AppenderControl.java:156)
	at org.apache.logging.log4j.core.config.AppenderControl.callAppender0(AppenderControl.java:129)
	at org.apache.logging.log4j.core.config.AppenderControl.callAppenderPreventRecursion(AppenderControl.java:120)
	at org.apache.logging.log4j.core.config.AppenderControl.callAppender(AppenderControl.java:84)
	at org.apache.logging.log4j.core.config.LoggerConfig.callAppenders(LoggerConfig.java:540)
	at org.apache.logging.log4j.core.config.LoggerConfig.processLogEvent(LoggerConfig.java:498)
	at org.apache.logging.log4j.core.config.LoggerConfig.log(LoggerConfig.java:481)
	at org.apache.logging.log4j.core.config.LoggerConfig.log(LoggerConfig.java:410)
	at org.apache.logging.log4j.core.config.AwaitCompletionReliabilityStrategy.log(AwaitCompletionReliabilityStrategy.java:63)
	at org.apache.logging.log4j.core.Logger.logMessage(Logger.java:153)
	at org.apache.logging.log4j.spi.ExtendedLoggerWrapper.logMessage(ExtendedLoggerWrapper.java:222)
	at org.apache.logging.log4j.spi.AbstractLogger.log(AbstractLogger.java:2117)
	at org.apache.logging.log4j.spi.AbstractLogger.tryLogMessage(AbstractLogger.java:2205)
	at org.apache.logging.log4j.spi.AbstractLogger.logMessageTrackRecursion(AbstractLogger.java:2159)
	at org.apache.logging.log4j.spi.AbstractLogger.logMessageSafely(AbstractLogger.java:2142)
	at org.apache.logging.log4j.spi.AbstractLogger.logMessage(AbstractLogger.java:2034)
	at org.apache.logging.log4j.spi.AbstractLogger.logIfEnabled(AbstractLogger.java:1899)
	at org.apache.logging.log4j.spi.AbstractLogger.debug(AbstractLogger.java:453)
	at io.netty.util.Recycler.<clinit>(Recycler.java:103)
	at io.netty.util.internal.ObjectPool$RecyclerObjectPool.<init>(ObjectPool.java:74)
	at io.netty.util.internal.ObjectPool.newPool(ObjectPool.java:67)
	at io.netty.buffer.PoolThreadCache$MemoryRegionCache.<clinit>(PoolThreadCache.java:463)
	at io.netty.buffer.PoolThreadCache.createSubPageCaches(PoolThreadCache.java:117)
	at io.netty.buffer.PoolThreadCache.<init>(PoolThreadCache.java:74)
	at io.netty.buffer.PooledByteBufAllocator$PoolThreadLocalCache.initialValue(PooledByteBufAllocator.java:516)
	at io.netty.buffer.PooledByteBufAllocator$PoolThreadLocalCache.initialValue(PooledByteBufAllocator.java:500)
	at io.netty.util.concurrent.FastThreadLocal.initialize(FastThreadLocal.java:177)
	at io.netty.util.concurrent.FastThreadLocal.get(FastThreadLocal.java:142)
	at io.netty.buffer.PooledByteBufAllocator.newDirectBuffer(PooledByteBufAllocator.java:390)
	at io.netty.buffer.AbstractByteBufAllocator.directBuffer(AbstractByteBufAllocator.java:188)
	at io.netty.buffer.AbstractByteBufAllocator.directBuffer(AbstractByteBufAllocator.java:179)
	at io.netty.buffer.AbstractByteBufAllocator.buffer(AbstractByteBufAllocator.java:116)
	at io.netty.handler.codec.http.HttpObjectEncoder.encode(HttpObjectEncoder.java:93)
	at io.netty.handler.codec.http.HttpClientCodec$Encoder.encode(HttpClientCodec.java:202)
	at io.netty.handler.codec.MessageToMessageEncoder.write(MessageToMessageEncoder.java:89)
	at io.netty.channel.CombinedChannelDuplexHandler.write(CombinedChannelDuplexHandler.java:346)
	at io.netty.channel.AbstractChannelHandlerContext.invokeWrite0(AbstractChannelHandlerContext.java:717)
	at io.netty.channel.AbstractChannelHandlerContext.invokeWrite(AbstractChannelHandlerContext.java:709)
	at io.netty.channel.AbstractChannelHandlerContext.write(AbstractChannelHandlerContext.java:792)
	at io.netty.channel.AbstractChannelHandlerContext.write(AbstractChannelHandlerContext.java:702)
	at io.netty.handler.stream.ChunkedWriteHandler.doFlush(ChunkedWriteHandler.java:302)
	at io.netty.handler.stream.ChunkedWriteHandler.flush(ChunkedWriteHandler.java:131)
	at io.netty.channel.AbstractChannelHandlerContext.invokeFlush0(AbstractChannelHandlerContext.java:750)
	at io.netty.channel.AbstractChannelHandlerContext.invokeWriteAndFlush(AbstractChannelHandlerContext.java:765)
	at io.netty.channel.AbstractChannelHandlerContext.write(AbstractChannelHandlerContext.java:790)
	at io.netty.channel.AbstractChannelHandlerContext.writeAndFlush(AbstractChannelHandlerContext.java:758)
	at io.netty.channel.DefaultChannelPipeline.writeAndFlush(DefaultChannelPipeline.java:1020)
	at io.netty.channel.AbstractChannel.writeAndFlush(AbstractChannel.java:311)
	at org.asynchttpclient.netty.request.body.NettyInputStreamBody.write(NettyInputStreamBody.java:77)
	at org.asynchttpclient.netty.request.NettyRequestSender.writeRequest(NettyRequestSender.java:433)
	at org.asynchttpclient.netty.channel.NettyConnectListener.writeRequest(NettyConnectListener.java:80)
	at org.asynchttpclient.netty.channel.NettyConnectListener.onSuccess(NettyConnectListener.java:156)
	at org.asynchttpclient.netty.channel.NettyChannelConnector$1.onSuccess(NettyChannelConnector.java:92)
	at org.asynchttpclient.netty.SimpleChannelFutureListener.operationComplete(SimpleChannelFutureListener.java:26)
	at org.asynchttpclient.netty.SimpleChannelFutureListener.operationComplete(SimpleChannelFutureListener.java:20)
	at io.netty.util.concurrent.DefaultPromise.notifyListener0(DefaultPromise.java:578)
	at io.netty.util.concurrent.DefaultPromise.notifyListeners0(DefaultPromise.java:571)
	at io.netty.util.concurrent.DefaultPromise.notifyListenersNow(DefaultPromise.java:550)
	at io.netty.util.concurrent.DefaultPromise.notifyListeners(DefaultPromise.java:491)
	at io.netty.util.concurrent.DefaultPromise.setValue0(DefaultPromise.java:616)
	at io.netty.util.concurrent.DefaultPromise.setSuccess0(DefaultPromise.java:605)
	at io.netty.util.concurrent.DefaultPromise.trySuccess(DefaultPromise.java:104)
	at io.netty.channel.DefaultChannelPromise.trySuccess(DefaultChannelPromise.java:84)
	at io.netty.channel.nio.AbstractNioChannel$AbstractNioUnsafe.fulfillConnectPromise(AbstractNioChannel.java:300)
	at io.netty.channel.nio.AbstractNioChannel$AbstractNioUnsafe.finishConnect(AbstractNioChannel.java:335)
	at io.netty.channel.nio.NioEventLoop.processSelectedKey(NioEventLoop.java:707)
	at io.netty.channel.nio.NioEventLoop.processSelectedKeysOptimized(NioEventLoop.java:655)
	at io.netty.channel.nio.NioEventLoop.processSelectedKeys(NioEventLoop.java:581)
	at io.netty.channel.nio.NioEventLoop.run(NioEventLoop.java:493)
	at io.netty.util.concurrent.SingleThreadEventExecutor$4.run(SingleThreadEventExecutor.java:986)
	at io.netty.util.internal.ThreadExecutorMap$2.run(ThreadExecutorMap.java:74)
	at io.netty.util.concurrent.FastThreadLocalRunnable.run(FastThreadLocalRunnable.java:30)
	at java.base/java.lang.Thread.run(Thread.java:834)

2021-12-16 06:45:30,357 AsyncHttpClient-1-3 ERROR Unable to create Appender of type File
2021-12-16 06:45:30,358 AsyncHttpClient-1-3 ERROR FileManager (logs/${ctx:threadName}.log) java.io.IOException: The filename, directory name, or volume label syntax is incorrect java.io.IOException: The filename, directory name, or volume label syntax is incorrect
	at java.base/java.io.WinNTFileSystem.canonicalizeWithPrefix0(Native Method)
	at java.base/java.io.WinNTFileSystem.canonicalizeWithPrefix(WinNTFileSystem.java:461)
	at java.base/java.io.WinNTFileSystem.canonicalize(WinNTFileSystem.java:432)
	at java.base/java.io.File.getCanonicalPath(File.java:626)
	at java.base/java.io.File.getCanonicalFile(File.java:651)
	at org.apache.logging.log4j.core.util.FileUtils.makeParentDirs(FileUtils.java:135)
	at org.apache.logging.log4j.core.appender.FileManager$FileManagerFactory.createManager(FileManager.java:434)
	at org.apache.logging.log4j.core.appender.FileManager$FileManagerFactory.createManager(FileManager.java:422)
	at org.apache.logging.log4j.core.appender.AbstractManager.getManager(AbstractManager.java:113)
	at org.apache.logging.log4j.core.appender.OutputStreamManager.getManager(OutputStreamManager.java:100)
	at org.apache.logging.log4j.core.appender.FileManager.getFileManager(FileManager.java:182)
	at org.apache.logging.log4j.core.appender.FileAppender$Builder.build(FileAppender.java:96)
	at org.apache.logging.log4j.core.appender.FileAppender$Builder.build(FileAppender.java:52)
	at org.apache.logging.log4j.core.config.plugins.util.PluginBuilder.build(PluginBuilder.java:122)
	at org.apache.logging.log4j.core.config.AbstractConfiguration.createPluginObject(AbstractConfiguration.java:1000)
	at org.apache.logging.log4j.core.config.AbstractConfiguration.createConfiguration(AbstractConfiguration.java:940)
	at org.apache.logging.log4j.core.appender.routing.RoutingAppender.createAppender(RoutingAppender.java:299)
	at org.apache.logging.log4j.core.appender.routing.RoutingAppender.getControl(RoutingAppender.java:271)
	at org.apache.logging.log4j.core.appender.routing.RoutingAppender.append(RoutingAppender.java:229)
	at org.apache.logging.log4j.core.config.AppenderControl.tryCallAppender(AppenderControl.java:156)
	at org.apache.logging.log4j.core.config.AppenderControl.callAppender0(AppenderControl.java:129)
	at org.apache.logging.log4j.core.config.AppenderControl.callAppenderPreventRecursion(AppenderControl.java:120)
	at org.apache.logging.log4j.core.config.AppenderControl.callAppender(AppenderControl.java:84)
	at org.apache.logging.log4j.core.config.LoggerConfig.callAppenders(LoggerConfig.java:540)
	at org.apache.logging.log4j.core.config.LoggerConfig.processLogEvent(LoggerConfig.java:498)
	at org.apache.logging.log4j.core.config.LoggerConfig.log(LoggerConfig.java:481)
	at org.apache.logging.log4j.core.config.LoggerConfig.log(LoggerConfig.java:410)
	at org.apache.logging.log4j.core.config.AwaitCompletionReliabilityStrategy.log(AwaitCompletionReliabilityStrategy.java:63)
	at org.apache.logging.log4j.core.Logger.logMessage(Logger.java:153)
	at org.apache.logging.log4j.spi.ExtendedLoggerWrapper.logMessage(ExtendedLoggerWrapper.java:222)
	at org.apache.logging.log4j.spi.AbstractLogger.log(AbstractLogger.java:2117)
	at org.apache.logging.log4j.spi.AbstractLogger.tryLogMessage(AbstractLogger.java:2205)
	at org.apache.logging.log4j.spi.AbstractLogger.logMessageTrackRecursion(AbstractLogger.java:2159)
	at org.apache.logging.log4j.spi.AbstractLogger.logMessageSafely(AbstractLogger.java:2142)
	at org.apache.logging.log4j.spi.AbstractLogger.logMessage(AbstractLogger.java:2034)
	at org.apache.logging.log4j.spi.AbstractLogger.logIfEnabled(AbstractLogger.java:1899)
	at org.apache.logging.log4j.spi.AbstractLogger.debug(AbstractLogger.java:453)
	at io.netty.util.Recycler.<clinit>(Recycler.java:104)
	at io.netty.util.internal.ObjectPool$RecyclerObjectPool.<init>(ObjectPool.java:74)
	at io.netty.util.internal.ObjectPool.newPool(ObjectPool.java:67)
	at io.netty.buffer.PoolThreadCache$MemoryRegionCache.<clinit>(PoolThreadCache.java:463)
	at io.netty.buffer.PoolThreadCache.createSubPageCaches(PoolThreadCache.java:117)
	at io.netty.buffer.PoolThreadCache.<init>(PoolThreadCache.java:74)
	at io.netty.buffer.PooledByteBufAllocator$PoolThreadLocalCache.initialValue(PooledByteBufAllocator.java:516)
	at io.netty.buffer.PooledByteBufAllocator$PoolThreadLocalCache.initialValue(PooledByteBufAllocator.java:500)
	at io.netty.util.concurrent.FastThreadLocal.initialize(FastThreadLocal.java:177)
	at io.netty.util.concurrent.FastThreadLocal.get(FastThreadLocal.java:142)
	at io.netty.buffer.PooledByteBufAllocator.newDirectBuffer(PooledByteBufAllocator.java:390)
	at io.netty.buffer.AbstractByteBufAllocator.directBuffer(AbstractByteBufAllocator.java:188)
	at io.netty.buffer.AbstractByteBufAllocator.directBuffer(AbstractByteBufAllocator.java:179)
	at io.netty.buffer.AbstractByteBufAllocator.buffer(AbstractByteBufAllocator.java:116)
	at io.netty.handler.codec.http.HttpObjectEncoder.encode(HttpObjectEncoder.java:93)
	at io.netty.handler.codec.http.HttpClientCodec$Encoder.encode(HttpClientCodec.java:202)
	at io.netty.handler.codec.MessageToMessageEncoder.write(MessageToMessageEncoder.java:89)
	at io.netty.channel.CombinedChannelDuplexHandler.write(CombinedChannelDuplexHandler.java:346)
	at io.netty.channel.AbstractChannelHandlerContext.invokeWrite0(AbstractChannelHandlerContext.java:717)
	at io.netty.channel.AbstractChannelHandlerContext.invokeWrite(AbstractChannelHandlerContext.java:709)
	at io.netty.channel.AbstractChannelHandlerContext.write(AbstractChannelHandlerContext.java:792)
	at io.netty.channel.AbstractChannelHandlerContext.write(AbstractChannelHandlerContext.java:702)
	at io.netty.handler.stream.ChunkedWriteHandler.doFlush(ChunkedWriteHandler.java:302)
	at io.netty.handler.stream.ChunkedWriteHandler.flush(ChunkedWriteHandler.java:131)
	at io.netty.channel.AbstractChannelHandlerContext.invokeFlush0(AbstractChannelHandlerContext.java:750)
	at io.netty.channel.AbstractChannelHandlerContext.invokeWriteAndFlush(AbstractChannelHandlerContext.java:765)
	at io.netty.channel.AbstractChannelHandlerContext.write(AbstractChannelHandlerContext.java:790)
	at io.netty.channel.AbstractChannelHandlerContext.writeAndFlush(AbstractChannelHandlerContext.java:758)
	at io.netty.channel.DefaultChannelPipeline.writeAndFlush(DefaultChannelPipeline.java:1020)
	at io.netty.channel.AbstractChannel.writeAndFlush(AbstractChannel.java:311)
	at org.asynchttpclient.netty.request.body.NettyInputStreamBody.write(NettyInputStreamBody.java:77)
	at org.asynchttpclient.netty.request.NettyRequestSender.writeRequest(NettyRequestSender.java:433)
	at org.asynchttpclient.netty.channel.NettyConnectListener.writeRequest(NettyConnectListener.java:80)
	at org.asynchttpclient.netty.channel.NettyConnectListener.onSuccess(NettyConnectListener.java:156)
	at org.asynchttpclient.netty.channel.NettyChannelConnector$1.onSuccess(NettyChannelConnector.java:92)
	at org.asynchttpclient.netty.SimpleChannelFutureListener.operationComplete(SimpleChannelFutureListener.java:26)
	at org.asynchttpclient.netty.SimpleChannelFutureListener.operationComplete(SimpleChannelFutureListener.java:20)
	at io.netty.util.concurrent.DefaultPromise.notifyListener0(DefaultPromise.java:578)
	at io.netty.util.concurrent.DefaultPromise.notifyListeners0(DefaultPromise.java:571)
	at io.netty.util.concurrent.DefaultPromise.notifyListenersNow(DefaultPromise.java:550)
	at io.netty.util.concurrent.DefaultPromise.notifyListeners(DefaultPromise.java:491)
	at io.netty.util.concurrent.DefaultPromise.setValue0(DefaultPromise.java:616)
	at io.netty.util.concurrent.DefaultPromise.setSuccess0(DefaultPromise.java:605)
	at io.netty.util.concurrent.DefaultPromise.trySuccess(DefaultPromise.java:104)
	at io.netty.channel.DefaultChannelPromise.trySuccess(DefaultChannelPromise.java:84)
	at io.netty.channel.nio.AbstractNioChannel$AbstractNioUnsafe.fulfillConnectPromise(AbstractNioChannel.java:300)
	at io.netty.channel.nio.AbstractNioChannel$AbstractNioUnsafe.finishConnect(AbstractNioChannel.java:335)
	at io.netty.channel.nio.NioEventLoop.processSelectedKey(NioEventLoop.java:707)
	at io.netty.channel.nio.NioEventLoop.processSelectedKeysOptimized(NioEventLoop.java:655)
	at io.netty.channel.nio.NioEventLoop.processSelectedKeys(NioEventLoop.java:581)
	at io.netty.channel.nio.NioEventLoop.run(NioEventLoop.java:493)
	at io.netty.util.concurrent.SingleThreadEventExecutor$4.run(SingleThreadEventExecutor.java:986)
	at io.netty.util.internal.ThreadExecutorMap$2.run(ThreadExecutorMap.java:74)
	at io.netty.util.concurrent.FastThreadLocalRunnable.run(FastThreadLocalRunnable.java:30)
	at java.base/java.lang.Thread.run(Thread.java:834)

2021-12-16 06:45:30,358 AsyncHttpClient-1-3 ERROR Could not create plugin of type class org.apache.logging.log4j.core.appender.FileAppender for element File: java.lang.IllegalStateException: ManagerFactory [org.apache.logging.log4j.core.appender.FileManager$FileManagerFactory@4d65b13e] unable to create manager for [logs/${ctx:threadName}.log] with data [org.apache.logging.log4j.core.appender.FileManager$FactoryData@274078b4] java.lang.IllegalStateException: ManagerFactory [org.apache.logging.log4j.core.appender.FileManager$FileManagerFactory@4d65b13e] unable to create manager for [logs/${ctx:threadName}.log] with data [org.apache.logging.log4j.core.appender.FileManager$FactoryData@274078b4]
	at org.apache.logging.log4j.core.appender.AbstractManager.getManager(AbstractManager.java:115)
	at org.apache.logging.log4j.core.appender.OutputStreamManager.getManager(OutputStreamManager.java:100)
	at org.apache.logging.log4j.core.appender.FileManager.getFileManager(FileManager.java:182)
	at org.apache.logging.log4j.core.appender.FileAppender$Builder.build(FileAppender.java:96)
	at org.apache.logging.log4j.core.appender.FileAppender$Builder.build(FileAppender.java:52)
	at org.apache.logging.log4j.core.config.plugins.util.PluginBuilder.build(PluginBuilder.java:122)
	at org.apache.logging.log4j.core.config.AbstractConfiguration.createPluginObject(AbstractConfiguration.java:1000)
	at org.apache.logging.log4j.core.config.AbstractConfiguration.createConfiguration(AbstractConfiguration.java:940)
	at org.apache.logging.log4j.core.appender.routing.RoutingAppender.createAppender(RoutingAppender.java:299)
	at org.apache.logging.log4j.core.appender.routing.RoutingAppender.getControl(RoutingAppender.java:271)
	at org.apache.logging.log4j.core.appender.routing.RoutingAppender.append(RoutingAppender.java:229)
	at org.apache.logging.log4j.core.config.AppenderControl.tryCallAppender(AppenderControl.java:156)
	at org.apache.logging.log4j.core.config.AppenderControl.callAppender0(AppenderControl.java:129)
	at org.apache.logging.log4j.core.config.AppenderControl.callAppenderPreventRecursion(AppenderControl.java:120)
	at org.apache.logging.log4j.core.config.AppenderControl.callAppender(AppenderControl.java:84)
	at org.apache.logging.log4j.core.config.LoggerConfig.callAppenders(LoggerConfig.java:540)
	at org.apache.logging.log4j.core.config.LoggerConfig.processLogEvent(LoggerConfig.java:498)
	at org.apache.logging.log4j.core.config.LoggerConfig.log(LoggerConfig.java:481)
	at org.apache.logging.log4j.core.config.LoggerConfig.log(LoggerConfig.java:410)
	at org.apache.logging.log4j.core.config.AwaitCompletionReliabilityStrategy.log(AwaitCompletionReliabilityStrategy.java:63)
	at org.apache.logging.log4j.core.Logger.logMessage(Logger.java:153)
	at org.apache.logging.log4j.spi.ExtendedLoggerWrapper.logMessage(ExtendedLoggerWrapper.java:222)
	at org.apache.logging.log4j.spi.AbstractLogger.log(AbstractLogger.java:2117)
	at org.apache.logging.log4j.spi.AbstractLogger.tryLogMessage(AbstractLogger.java:2205)
	at org.apache.logging.log4j.spi.AbstractLogger.logMessageTrackRecursion(AbstractLogger.java:2159)
	at org.apache.logging.log4j.spi.AbstractLogger.logMessageSafely(AbstractLogger.java:2142)
	at org.apache.logging.log4j.spi.AbstractLogger.logMessage(AbstractLogger.java:2034)
	at org.apache.logging.log4j.spi.AbstractLogger.logIfEnabled(AbstractLogger.java:1899)
	at org.apache.logging.log4j.spi.AbstractLogger.debug(AbstractLogger.java:453)
	at io.netty.util.Recycler.<clinit>(Recycler.java:104)
	at io.netty.util.internal.ObjectPool$RecyclerObjectPool.<init>(ObjectPool.java:74)
	at io.netty.util.internal.ObjectPool.newPool(ObjectPool.java:67)
	at io.netty.buffer.PoolThreadCache$MemoryRegionCache.<clinit>(PoolThreadCache.java:463)
	at io.netty.buffer.PoolThreadCache.createSubPageCaches(PoolThreadCache.java:117)
	at io.netty.buffer.PoolThreadCache.<init>(PoolThreadCache.java:74)
	at io.netty.buffer.PooledByteBufAllocator$PoolThreadLocalCache.initialValue(PooledByteBufAllocator.java:516)
	at io.netty.buffer.PooledByteBufAllocator$PoolThreadLocalCache.initialValue(PooledByteBufAllocator.java:500)
	at io.netty.util.concurrent.FastThreadLocal.initialize(FastThreadLocal.java:177)
	at io.netty.util.concurrent.FastThreadLocal.get(FastThreadLocal.java:142)
	at io.netty.buffer.PooledByteBufAllocator.newDirectBuffer(PooledByteBufAllocator.java:390)
	at io.netty.buffer.AbstractByteBufAllocator.directBuffer(AbstractByteBufAllocator.java:188)
	at io.netty.buffer.AbstractByteBufAllocator.directBuffer(AbstractByteBufAllocator.java:179)
	at io.netty.buffer.AbstractByteBufAllocator.buffer(AbstractByteBufAllocator.java:116)
	at io.netty.handler.codec.http.HttpObjectEncoder.encode(HttpObjectEncoder.java:93)
	at io.netty.handler.codec.http.HttpClientCodec$Encoder.encode(HttpClientCodec.java:202)
	at io.netty.handler.codec.MessageToMessageEncoder.write(MessageToMessageEncoder.java:89)
	at io.netty.channel.CombinedChannelDuplexHandler.write(CombinedChannelDuplexHandler.java:346)
	at io.netty.channel.AbstractChannelHandlerContext.invokeWrite0(AbstractChannelHandlerContext.java:717)
	at io.netty.channel.AbstractChannelHandlerContext.invokeWrite(AbstractChannelHandlerContext.java:709)
	at io.netty.channel.AbstractChannelHandlerContext.write(AbstractChannelHandlerContext.java:792)
	at io.netty.channel.AbstractChannelHandlerContext.write(AbstractChannelHandlerContext.java:702)
	at io.netty.handler.stream.ChunkedWriteHandler.doFlush(ChunkedWriteHandler.java:302)
	at io.netty.handler.stream.ChunkedWriteHandler.flush(ChunkedWriteHandler.java:131)
	at io.netty.channel.AbstractChannelHandlerContext.invokeFlush0(AbstractChannelHandlerContext.java:750)
	at io.netty.channel.AbstractChannelHandlerContext.invokeWriteAndFlush(AbstractChannelHandlerContext.java:765)
	at io.netty.channel.AbstractChannelHandlerContext.write(AbstractChannelHandlerContext.java:790)
	at io.netty.channel.AbstractChannelHandlerContext.writeAndFlush(AbstractChannelHandlerContext.java:758)
	at io.netty.channel.DefaultChannelPipeline.writeAndFlush(DefaultChannelPipeline.java:1020)
	at io.netty.channel.AbstractChannel.writeAndFlush(AbstractChannel.java:311)
	at org.asynchttpclient.netty.request.body.NettyInputStreamBody.write(NettyInputStreamBody.java:77)
	at org.asynchttpclient.netty.request.NettyRequestSender.writeRequest(NettyRequestSender.java:433)
	at org.asynchttpclient.netty.channel.NettyConnectListener.writeRequest(NettyConnectListener.java:80)
	at org.asynchttpclient.netty.channel.NettyConnectListener.onSuccess(NettyConnectListener.java:156)
	at org.asynchttpclient.netty.channel.NettyChannelConnector$1.onSuccess(NettyChannelConnector.java:92)
	at org.asynchttpclient.netty.SimpleChannelFutureListener.operationComplete(SimpleChannelFutureListener.java:26)
	at org.asynchttpclient.netty.SimpleChannelFutureListener.operationComplete(SimpleChannelFutureListener.java:20)
	at io.netty.util.concurrent.DefaultPromise.notifyListener0(DefaultPromise.java:578)
	at io.netty.util.concurrent.DefaultPromise.notifyListeners0(DefaultPromise.java:571)
	at io.netty.util.concurrent.DefaultPromise.notifyListenersNow(DefaultPromise.java:550)
	at io.netty.util.concurrent.DefaultPromise.notifyListeners(DefaultPromise.java:491)
	at io.netty.util.concurrent.DefaultPromise.setValue0(DefaultPromise.java:616)
	at io.netty.util.concurrent.DefaultPromise.setSuccess0(DefaultPromise.java:605)
	at io.netty.util.concurrent.DefaultPromise.trySuccess(DefaultPromise.java:104)
	at io.netty.channel.DefaultChannelPromise.trySuccess(DefaultChannelPromise.java:84)
	at io.netty.channel.nio.AbstractNioChannel$AbstractNioUnsafe.fulfillConnectPromise(AbstractNioChannel.java:300)
	at io.netty.channel.nio.AbstractNioChannel$AbstractNioUnsafe.finishConnect(AbstractNioChannel.java:335)
	at io.netty.channel.nio.NioEventLoop.processSelectedKey(NioEventLoop.java:707)
	at io.netty.channel.nio.NioEventLoop.processSelectedKeysOptimized(NioEventLoop.java:655)
	at io.netty.channel.nio.NioEventLoop.processSelectedKeys(NioEventLoop.java:581)
	at io.netty.channel.nio.NioEventLoop.run(NioEventLoop.java:493)
	at io.netty.util.concurrent.SingleThreadEventExecutor$4.run(SingleThreadEventExecutor.java:986)
	at io.netty.util.internal.ThreadExecutorMap$2.run(ThreadExecutorMap.java:74)
	at io.netty.util.concurrent.FastThreadLocalRunnable.run(FastThreadLocalRunnable.java:30)
	at java.base/java.lang.Thread.run(Thread.java:834)

2021-12-16 06:45:30,359 AsyncHttpClient-1-3 ERROR Unable to invoke factory method in class org.apache.logging.log4j.core.appender.FileAppender for element File: java.lang.IllegalStateException: No factory method found for class org.apache.logging.log4j.core.appender.FileAppender java.lang.IllegalStateException: No factory method found for class org.apache.logging.log4j.core.appender.FileAppender
	at org.apache.logging.log4j.core.config.plugins.util.PluginBuilder.findFactoryMethod(PluginBuilder.java:234)
	at org.apache.logging.log4j.core.config.plugins.util.PluginBuilder.build(PluginBuilder.java:134)
	at org.apache.logging.log4j.core.config.AbstractConfiguration.createPluginObject(AbstractConfiguration.java:1000)
	at org.apache.logging.log4j.core.config.AbstractConfiguration.createConfiguration(AbstractConfiguration.java:940)
	at org.apache.logging.log4j.core.appender.routing.RoutingAppender.createAppender(RoutingAppender.java:299)
	at org.apache.logging.log4j.core.appender.routing.RoutingAppender.getControl(RoutingAppender.java:271)
	at org.apache.logging.log4j.core.appender.routing.RoutingAppender.append(RoutingAppender.java:229)
	at org.apache.logging.log4j.core.config.AppenderControl.tryCallAppender(AppenderControl.java:156)
	at org.apache.logging.log4j.core.config.AppenderControl.callAppender0(AppenderControl.java:129)
	at org.apache.logging.log4j.core.config.AppenderControl.callAppenderPreventRecursion(AppenderControl.java:120)
	at org.apache.logging.log4j.core.config.AppenderControl.callAppender(AppenderControl.java:84)
	at org.apache.logging.log4j.core.config.LoggerConfig.callAppenders(LoggerConfig.java:540)
	at org.apache.logging.log4j.core.config.LoggerConfig.processLogEvent(LoggerConfig.java:498)
	at org.apache.logging.log4j.core.config.LoggerConfig.log(LoggerConfig.java:481)
	at org.apache.logging.log4j.core.config.LoggerConfig.log(LoggerConfig.java:410)
	at org.apache.logging.log4j.core.config.AwaitCompletionReliabilityStrategy.log(AwaitCompletionReliabilityStrategy.java:63)
	at org.apache.logging.log4j.core.Logger.logMessage(Logger.java:153)
	at org.apache.logging.log4j.spi.ExtendedLoggerWrapper.logMessage(ExtendedLoggerWrapper.java:222)
	at org.apache.logging.log4j.spi.AbstractLogger.log(AbstractLogger.java:2117)
	at org.apache.logging.log4j.spi.AbstractLogger.tryLogMessage(AbstractLogger.java:2205)
	at org.apache.logging.log4j.spi.AbstractLogger.logMessageTrackRecursion(AbstractLogger.java:2159)
	at org.apache.logging.log4j.spi.AbstractLogger.logMessageSafely(AbstractLogger.java:2142)
	at org.apache.logging.log4j.spi.AbstractLogger.logMessage(AbstractLogger.java:2034)
	at org.apache.logging.log4j.spi.AbstractLogger.logIfEnabled(AbstractLogger.java:1899)
	at org.apache.logging.log4j.spi.AbstractLogger.debug(AbstractLogger.java:453)
	at io.netty.util.Recycler.<clinit>(Recycler.java:104)
	at io.netty.util.internal.ObjectPool$RecyclerObjectPool.<init>(ObjectPool.java:74)
	at io.netty.util.internal.ObjectPool.newPool(ObjectPool.java:67)
	at io.netty.buffer.PoolThreadCache$MemoryRegionCache.<clinit>(PoolThreadCache.java:463)
	at io.netty.buffer.PoolThreadCache.createSubPageCaches(PoolThreadCache.java:117)
	at io.netty.buffer.PoolThreadCache.<init>(PoolThreadCache.java:74)
	at io.netty.buffer.PooledByteBufAllocator$PoolThreadLocalCache.initialValue(PooledByteBufAllocator.java:516)
	at io.netty.buffer.PooledByteBufAllocator$PoolThreadLocalCache.initialValue(PooledByteBufAllocator.java:500)
	at io.netty.util.concurrent.FastThreadLocal.initialize(FastThreadLocal.java:177)
	at io.netty.util.concurrent.FastThreadLocal.get(FastThreadLocal.java:142)
	at io.netty.buffer.PooledByteBufAllocator.newDirectBuffer(PooledByteBufAllocator.java:390)
	at io.netty.buffer.AbstractByteBufAllocator.directBuffer(AbstractByteBufAllocator.java:188)
	at io.netty.buffer.AbstractByteBufAllocator.directBuffer(AbstractByteBufAllocator.java:179)
	at io.netty.buffer.AbstractByteBufAllocator.buffer(AbstractByteBufAllocator.java:116)
	at io.netty.handler.codec.http.HttpObjectEncoder.encode(HttpObjectEncoder.java:93)
	at io.netty.handler.codec.http.HttpClientCodec$Encoder.encode(HttpClientCodec.java:202)
	at io.netty.handler.codec.MessageToMessageEncoder.write(MessageToMessageEncoder.java:89)
	at io.netty.channel.CombinedChannelDuplexHandler.write(CombinedChannelDuplexHandler.java:346)
	at io.netty.channel.AbstractChannelHandlerContext.invokeWrite0(AbstractChannelHandlerContext.java:717)
	at io.netty.channel.AbstractChannelHandlerContext.invokeWrite(AbstractChannelHandlerContext.java:709)
	at io.netty.channel.AbstractChannelHandlerContext.write(AbstractChannelHandlerContext.java:792)
	at io.netty.channel.AbstractChannelHandlerContext.write(AbstractChannelHandlerContext.java:702)
	at io.netty.handler.stream.ChunkedWriteHandler.doFlush(ChunkedWriteHandler.java:302)
	at io.netty.handler.stream.ChunkedWriteHandler.flush(ChunkedWriteHandler.java:131)
	at io.netty.channel.AbstractChannelHandlerContext.invokeFlush0(AbstractChannelHandlerContext.java:750)
	at io.netty.channel.AbstractChannelHandlerContext.invokeWriteAndFlush(AbstractChannelHandlerContext.java:765)
	at io.netty.channel.AbstractChannelHandlerContext.write(AbstractChannelHandlerContext.java:790)
	at io.netty.channel.AbstractChannelHandlerContext.writeAndFlush(AbstractChannelHandlerContext.java:758)
	at io.netty.channel.DefaultChannelPipeline.writeAndFlush(DefaultChannelPipeline.java:1020)
	at io.netty.channel.AbstractChannel.writeAndFlush(AbstractChannel.java:311)
	at org.asynchttpclient.netty.request.body.NettyInputStreamBody.write(NettyInputStreamBody.java:77)
	at org.asynchttpclient.netty.request.NettyRequestSender.writeRequest(NettyRequestSender.java:433)
	at org.asynchttpclient.netty.channel.NettyConnectListener.writeRequest(NettyConnectListener.java:80)
	at org.asynchttpclient.netty.channel.NettyConnectListener.onSuccess(NettyConnectListener.java:156)
	at org.asynchttpclient.netty.channel.NettyChannelConnector$1.onSuccess(NettyChannelConnector.java:92)
	at org.asynchttpclient.netty.SimpleChannelFutureListener.operationComplete(SimpleChannelFutureListener.java:26)
	at org.asynchttpclient.netty.SimpleChannelFutureListener.operationComplete(SimpleChannelFutureListener.java:20)
	at io.netty.util.concurrent.DefaultPromise.notifyListener0(DefaultPromise.java:578)
	at io.netty.util.concurrent.DefaultPromise.notifyListeners0(DefaultPromise.java:571)
	at io.netty.util.concurrent.DefaultPromise.notifyListenersNow(DefaultPromise.java:550)
	at io.netty.util.concurrent.DefaultPromise.notifyListeners(DefaultPromise.java:491)
	at io.netty.util.concurrent.DefaultPromise.setValue0(DefaultPromise.java:616)
	at io.netty.util.concurrent.DefaultPromise.setSuccess0(DefaultPromise.java:605)
	at io.netty.util.concurrent.DefaultPromise.trySuccess(DefaultPromise.java:104)
	at io.netty.channel.DefaultChannelPromise.trySuccess(DefaultChannelPromise.java:84)
	at io.netty.channel.nio.AbstractNioChannel$AbstractNioUnsafe.fulfillConnectPromise(AbstractNioChannel.java:300)
	at io.netty.channel.nio.AbstractNioChannel$AbstractNioUnsafe.finishConnect(AbstractNioChannel.java:335)
	at io.netty.channel.nio.NioEventLoop.processSelectedKey(NioEventLoop.java:707)
	at io.netty.channel.nio.NioEventLoop.processSelectedKeysOptimized(NioEventLoop.java:655)
	at io.netty.channel.nio.NioEventLoop.processSelectedKeys(NioEventLoop.java:581)
	at io.netty.channel.nio.NioEventLoop.run(NioEventLoop.java:493)
	at io.netty.util.concurrent.SingleThreadEventExecutor$4.run(SingleThreadEventExecutor.java:986)
	at io.netty.util.internal.ThreadExecutorMap$2.run(ThreadExecutorMap.java:74)
	at io.netty.util.concurrent.FastThreadLocalRunnable.run(FastThreadLocalRunnable.java:30)
	at java.base/java.lang.Thread.run(Thread.java:834)

2021-12-16 06:45:30,361 AsyncHttpClient-1-3 ERROR FileManager (logs/${ctx:threadName}.log) java.io.IOException: The filename, directory name, or volume label syntax is incorrect java.io.IOException: The filename, directory name, or volume label syntax is incorrect
	at java.base/java.io.WinNTFileSystem.canonicalizeWithPrefix0(Native Method)
	at java.base/java.io.WinNTFileSystem.canonicalizeWithPrefix(WinNTFileSystem.java:461)
	at java.base/java.io.WinNTFileSystem.canonicalize(WinNTFileSystem.java:432)
	at java.base/java.io.File.getCanonicalPath(File.java:626)
	at java.base/java.io.File.getCanonicalFile(File.java:651)
	at org.apache.logging.log4j.core.util.FileUtils.makeParentDirs(FileUtils.java:135)
	at org.apache.logging.log4j.core.appender.FileManager$FileManagerFactory.createManager(FileManager.java:434)
	at org.apache.logging.log4j.core.appender.FileManager$FileManagerFactory.createManager(FileManager.java:422)
	at org.apache.logging.log4j.core.appender.AbstractManager.getManager(AbstractManager.java:113)
	at org.apache.logging.log4j.core.appender.OutputStreamManager.getManager(OutputStreamManager.java:100)
	at org.apache.logging.log4j.core.appender.FileManager.getFileManager(FileManager.java:182)
	at org.apache.logging.log4j.core.appender.FileAppender$Builder.build(FileAppender.java:96)
	at org.apache.logging.log4j.core.appender.FileAppender$Builder.build(FileAppender.java:52)
	at org.apache.logging.log4j.core.config.plugins.util.PluginBuilder.build(PluginBuilder.java:122)
	at org.apache.logging.log4j.core.config.AbstractConfiguration.createPluginObject(AbstractConfiguration.java:1000)
	at org.apache.logging.log4j.core.config.AbstractConfiguration.createConfiguration(AbstractConfiguration.java:940)
	at org.apache.logging.log4j.core.appender.routing.RoutingAppender.createAppender(RoutingAppender.java:299)
	at org.apache.logging.log4j.core.appender.routing.RoutingAppender.getControl(RoutingAppender.java:271)
	at org.apache.logging.log4j.core.appender.routing.RoutingAppender.append(RoutingAppender.java:229)
	at org.apache.logging.log4j.core.config.AppenderControl.tryCallAppender(AppenderControl.java:156)
	at org.apache.logging.log4j.core.config.AppenderControl.callAppender0(AppenderControl.java:129)
	at org.apache.logging.log4j.core.config.AppenderControl.callAppenderPreventRecursion(AppenderControl.java:120)
	at org.apache.logging.log4j.core.config.AppenderControl.callAppender(AppenderControl.java:84)
	at org.apache.logging.log4j.core.config.LoggerConfig.callAppenders(LoggerConfig.java:540)
	at org.apache.logging.log4j.core.config.LoggerConfig.processLogEvent(LoggerConfig.java:498)
	at org.apache.logging.log4j.core.config.LoggerConfig.log(LoggerConfig.java:481)
	at org.apache.logging.log4j.core.config.LoggerConfig.log(LoggerConfig.java:410)
	at org.apache.logging.log4j.core.config.AwaitCompletionReliabilityStrategy.log(AwaitCompletionReliabilityStrategy.java:63)
	at org.apache.logging.log4j.core.Logger.logMessage(Logger.java:153)
	at org.apache.logging.log4j.spi.ExtendedLoggerWrapper.logMessage(ExtendedLoggerWrapper.java:222)
	at org.apache.logging.log4j.spi.AbstractLogger.log(AbstractLogger.java:2117)
	at org.apache.logging.log4j.spi.AbstractLogger.tryLogMessage(AbstractLogger.java:2205)
	at org.apache.logging.log4j.spi.AbstractLogger.logMessageTrackRecursion(AbstractLogger.java:2159)
	at org.apache.logging.log4j.spi.AbstractLogger.logMessageSafely(AbstractLogger.java:2142)
	at org.apache.logging.log4j.spi.AbstractLogger.logMessage(AbstractLogger.java:2034)
	at org.apache.logging.log4j.spi.AbstractLogger.logIfEnabled(AbstractLogger.java:1899)
	at org.apache.logging.log4j.spi.AbstractLogger.debug(AbstractLogger.java:453)
	at io.netty.util.Recycler.<clinit>(Recycler.java:105)
	at io.netty.util.internal.ObjectPool$RecyclerObjectPool.<init>(ObjectPool.java:74)
	at io.netty.util.internal.ObjectPool.newPool(ObjectPool.java:67)
	at io.netty.buffer.PoolThreadCache$MemoryRegionCache.<clinit>(PoolThreadCache.java:463)
	at io.netty.buffer.PoolThreadCache.createSubPageCaches(PoolThreadCache.java:117)
	at io.netty.buffer.PoolThreadCache.<init>(PoolThreadCache.java:74)
	at io.netty.buffer.PooledByteBufAllocator$PoolThreadLocalCache.initialValue(PooledByteBufAllocator.java:516)
	at io.netty.buffer.PooledByteBufAllocator$PoolThreadLocalCache.initialValue(PooledByteBufAllocator.java:500)
	at io.netty.util.concurrent.FastThreadLocal.initialize(FastThreadLocal.java:177)
	at io.netty.util.concurrent.FastThreadLocal.get(FastThreadLocal.java:142)
	at io.netty.buffer.PooledByteBufAllocator.newDirectBuffer(PooledByteBufAllocator.java:390)
	at io.netty.buffer.AbstractByteBufAllocator.directBuffer(AbstractByteBufAllocator.java:188)
	at io.netty.buffer.AbstractByteBufAllocator.directBuffer(AbstractByteBufAllocator.java:179)
	at io.netty.buffer.AbstractByteBufAllocator.buffer(AbstractByteBufAllocator.java:116)
	at io.netty.handler.codec.http.HttpObjectEncoder.encode(HttpObjectEncoder.java:93)
	at io.netty.handler.codec.http.HttpClientCodec$Encoder.encode(HttpClientCodec.java:202)
	at io.netty.handler.codec.MessageToMessageEncoder.write(MessageToMessageEncoder.java:89)
	at io.netty.channel.CombinedChannelDuplexHandler.write(CombinedChannelDuplexHandler.java:346)
	at io.netty.channel.AbstractChannelHandlerContext.invokeWrite0(AbstractChannelHandlerContext.java:717)
	at io.netty.channel.AbstractChannelHandlerContext.invokeWrite(AbstractChannelHandlerContext.java:709)
	at io.netty.channel.AbstractChannelHandlerContext.write(AbstractChannelHandlerContext.java:792)
	at io.netty.channel.AbstractChannelHandlerContext.write(AbstractChannelHandlerContext.java:702)
	at io.netty.handler.stream.ChunkedWriteHandler.doFlush(ChunkedWriteHandler.java:302)
	at io.netty.handler.stream.ChunkedWriteHandler.flush(ChunkedWriteHandler.java:131)
	at io.netty.channel.AbstractChannelHandlerContext.invokeFlush0(AbstractChannelHandlerContext.java:750)
	at io.netty.channel.AbstractChannelHandlerContext.invokeWriteAndFlush(AbstractChannelHandlerContext.java:765)
	at io.netty.channel.AbstractChannelHandlerContext.write(AbstractChannelHandlerContext.java:790)
	at io.netty.channel.AbstractChannelHandlerContext.writeAndFlush(AbstractChannelHandlerContext.java:758)
	at io.netty.channel.DefaultChannelPipeline.writeAndFlush(DefaultChannelPipeline.java:1020)
	at io.netty.channel.AbstractChannel.writeAndFlush(AbstractChannel.java:311)
	at org.asynchttpclient.netty.request.body.NettyInputStreamBody.write(NettyInputStreamBody.java:77)
	at org.asynchttpclient.netty.request.NettyRequestSender.writeRequest(NettyRequestSender.java:433)
	at org.asynchttpclient.netty.channel.NettyConnectListener.writeRequest(NettyConnectListener.java:80)
	at org.asynchttpclient.netty.channel.NettyConnectListener.onSuccess(NettyConnectListener.java:156)
	at org.asynchttpclient.netty.channel.NettyChannelConnector$1.onSuccess(NettyChannelConnector.java:92)
	at org.asynchttpclient.netty.SimpleChannelFutureListener.operationComplete(SimpleChannelFutureListener.java:26)
	at org.asynchttpclient.netty.SimpleChannelFutureListener.operationComplete(SimpleChannelFutureListener.java:20)
	at io.netty.util.concurrent.DefaultPromise.notifyListener0(DefaultPromise.java:578)
	at io.netty.util.concurrent.DefaultPromise.notifyListeners0(DefaultPromise.java:571)
	at io.netty.util.concurrent.DefaultPromise.notifyListenersNow(DefaultPromise.java:550)
	at io.netty.util.concurrent.DefaultPromise.notifyListeners(DefaultPromise.java:491)
	at io.netty.util.concurrent.DefaultPromise.setValue0(DefaultPromise.java:616)
	at io.netty.util.concurrent.DefaultPromise.setSuccess0(DefaultPromise.java:605)
	at io.netty.util.concurrent.DefaultPromise.trySuccess(DefaultPromise.java:104)
	at io.netty.channel.DefaultChannelPromise.trySuccess(DefaultChannelPromise.java:84)
	at io.netty.channel.nio.AbstractNioChannel$AbstractNioUnsafe.fulfillConnectPromise(AbstractNioChannel.java:300)
	at io.netty.channel.nio.AbstractNioChannel$AbstractNioUnsafe.finishConnect(AbstractNioChannel.java:335)
	at io.netty.channel.nio.NioEventLoop.processSelectedKey(NioEventLoop.java:707)
	at io.netty.channel.nio.NioEventLoop.processSelectedKeysOptimized(NioEventLoop.java:655)
	at io.netty.channel.nio.NioEventLoop.processSelectedKeys(NioEventLoop.java:581)
	at io.netty.channel.nio.NioEventLoop.run(NioEventLoop.java:493)
	at io.netty.util.concurrent.SingleThreadEventExecutor$4.run(SingleThreadEventExecutor.java:986)
	at io.netty.util.internal.ThreadExecutorMap$2.run(ThreadExecutorMap.java:74)
	at io.netty.util.concurrent.FastThreadLocalRunnable.run(FastThreadLocalRunnable.java:30)
	at java.base/java.lang.Thread.run(Thread.java:834)

2021-12-16 06:45:30,362 AsyncHttpClient-1-3 ERROR Could not create plugin of type class org.apache.logging.log4j.core.appender.FileAppender for element File: java.lang.IllegalStateException: ManagerFactory [org.apache.logging.log4j.core.appender.FileManager$FileManagerFactory@4d65b13e] unable to create manager for [logs/${ctx:threadName}.log] with data [org.apache.logging.log4j.core.appender.FileManager$FactoryData@440b59de] java.lang.IllegalStateException: ManagerFactory [org.apache.logging.log4j.core.appender.FileManager$FileManagerFactory@4d65b13e] unable to create manager for [logs/${ctx:threadName}.log] with data [org.apache.logging.log4j.core.appender.FileManager$FactoryData@440b59de]
	at org.apache.logging.log4j.core.appender.AbstractManager.getManager(AbstractManager.java:115)
	at org.apache.logging.log4j.core.appender.OutputStreamManager.getManager(OutputStreamManager.java:100)
	at org.apache.logging.log4j.core.appender.FileManager.getFileManager(FileManager.java:182)
	at org.apache.logging.log4j.core.appender.FileAppender$Builder.build(FileAppender.java:96)
	at org.apache.logging.log4j.core.appender.FileAppender$Builder.build(FileAppender.java:52)
	at org.apache.logging.log4j.core.config.plugins.util.PluginBuilder.build(PluginBuilder.java:122)
	at org.apache.logging.log4j.core.config.AbstractConfiguration.createPluginObject(AbstractConfiguration.java:1000)
	at org.apache.logging.log4j.core.config.AbstractConfiguration.createConfiguration(AbstractConfiguration.java:940)
	at org.apache.logging.log4j.core.appender.routing.RoutingAppender.createAppender(RoutingAppender.java:299)
	at org.apache.logging.log4j.core.appender.routing.RoutingAppender.getControl(RoutingAppender.java:271)
	at org.apache.logging.log4j.core.appender.routing.RoutingAppender.append(RoutingAppender.java:229)
	at org.apache.logging.log4j.core.config.AppenderControl.tryCallAppender(AppenderControl.java:156)
	at org.apache.logging.log4j.core.config.AppenderControl.callAppender0(AppenderControl.java:129)
	at org.apache.logging.log4j.core.config.AppenderControl.callAppenderPreventRecursion(AppenderControl.java:120)
	at org.apache.logging.log4j.core.config.AppenderControl.callAppender(AppenderControl.java:84)
	at org.apache.logging.log4j.core.config.LoggerConfig.callAppenders(LoggerConfig.java:540)
	at org.apache.logging.log4j.core.config.LoggerConfig.processLogEvent(LoggerConfig.java:498)
	at org.apache.logging.log4j.core.config.LoggerConfig.log(LoggerConfig.java:481)
	at org.apache.logging.log4j.core.config.LoggerConfig.log(LoggerConfig.java:410)
	at org.apache.logging.log4j.core.config.AwaitCompletionReliabilityStrategy.log(AwaitCompletionReliabilityStrategy.java:63)
	at org.apache.logging.log4j.core.Logger.logMessage(Logger.java:153)
	at org.apache.logging.log4j.spi.ExtendedLoggerWrapper.logMessage(ExtendedLoggerWrapper.java:222)
	at org.apache.logging.log4j.spi.AbstractLogger.log(AbstractLogger.java:2117)
	at org.apache.logging.log4j.spi.AbstractLogger.tryLogMessage(AbstractLogger.java:2205)
	at org.apache.logging.log4j.spi.AbstractLogger.logMessageTrackRecursion(AbstractLogger.java:2159)
	at org.apache.logging.log4j.spi.AbstractLogger.logMessageSafely(AbstractLogger.java:2142)
	at org.apache.logging.log4j.spi.AbstractLogger.logMessage(AbstractLogger.java:2034)
	at org.apache.logging.log4j.spi.AbstractLogger.logIfEnabled(AbstractLogger.java:1899)
	at org.apache.logging.log4j.spi.AbstractLogger.debug(AbstractLogger.java:453)
	at io.netty.util.Recycler.<clinit>(Recycler.java:105)
	at io.netty.util.internal.ObjectPool$RecyclerObjectPool.<init>(ObjectPool.java:74)
	at io.netty.util.internal.ObjectPool.newPool(ObjectPool.java:67)
	at io.netty.buffer.PoolThreadCache$MemoryRegionCache.<clinit>(PoolThreadCache.java:463)
	at io.netty.buffer.PoolThreadCache.createSubPageCaches(PoolThreadCache.java:117)
	at io.netty.buffer.PoolThreadCache.<init>(PoolThreadCache.java:74)
	at io.netty.buffer.PooledByteBufAllocator$PoolThreadLocalCache.initialValue(PooledByteBufAllocator.java:516)
	at io.netty.buffer.PooledByteBufAllocator$PoolThreadLocalCache.initialValue(PooledByteBufAllocator.java:500)
	at io.netty.util.concurrent.FastThreadLocal.initialize(FastThreadLocal.java:177)
	at io.netty.util.concurrent.FastThreadLocal.get(FastThreadLocal.java:142)
	at io.netty.buffer.PooledByteBufAllocator.newDirectBuffer(PooledByteBufAllocator.java:390)
	at io.netty.buffer.AbstractByteBufAllocator.directBuffer(AbstractByteBufAllocator.java:188)
	at io.netty.buffer.AbstractByteBufAllocator.directBuffer(AbstractByteBufAllocator.java:179)
	at io.netty.buffer.AbstractByteBufAllocator.buffer(AbstractByteBufAllocator.java:116)
	at io.netty.handler.codec.http.HttpObjectEncoder.encode(HttpObjectEncoder.java:93)
	at io.netty.handler.codec.http.HttpClientCodec$Encoder.encode(HttpClientCodec.java:202)
	at io.netty.handler.codec.MessageToMessageEncoder.write(MessageToMessageEncoder.java:89)
	at io.netty.channel.CombinedChannelDuplexHandler.write(CombinedChannelDuplexHandler.java:346)
	at io.netty.channel.AbstractChannelHandlerContext.invokeWrite0(AbstractChannelHandlerContext.java:717)
	at io.netty.channel.AbstractChannelHandlerContext.invokeWrite(AbstractChannelHandlerContext.java:709)
	at io.netty.channel.AbstractChannelHandlerContext.write(AbstractChannelHandlerContext.java:792)
	at io.netty.channel.AbstractChannelHandlerContext.write(AbstractChannelHandlerContext.java:702)
	at io.netty.handler.stream.ChunkedWriteHandler.doFlush(ChunkedWriteHandler.java:302)
	at io.netty.handler.stream.ChunkedWriteHandler.flush(ChunkedWriteHandler.java:131)
	at io.netty.channel.AbstractChannelHandlerContext.invokeFlush0(AbstractChannelHandlerContext.java:750)
	at io.netty.channel.AbstractChannelHandlerContext.invokeWriteAndFlush(AbstractChannelHandlerContext.java:765)
	at io.netty.channel.AbstractChannelHandlerContext.write(AbstractChannelHandlerContext.java:790)
	at io.netty.channel.AbstractChannelHandlerContext.writeAndFlush(AbstractChannelHandlerContext.java:758)
	at io.netty.channel.DefaultChannelPipeline.writeAndFlush(DefaultChannelPipeline.java:1020)
	at io.netty.channel.AbstractChannel.writeAndFlush(AbstractChannel.java:311)
	at org.asynchttpclient.netty.request.body.NettyInputStreamBody.write(NettyInputStreamBody.java:77)
	at org.asynchttpclient.netty.request.NettyRequestSender.writeRequest(NettyRequestSender.java:433)
	at org.asynchttpclient.netty.channel.NettyConnectListener.writeRequest(NettyConnectListener.java:80)
	at org.asynchttpclient.netty.channel.NettyConnectListener.onSuccess(NettyConnectListener.java:156)
	at org.asynchttpclient.netty.channel.NettyChannelConnector$1.onSuccess(NettyChannelConnector.java:92)
	at org.asynchttpclient.netty.SimpleChannelFutureListener.operationComplete(SimpleChannelFutureListener.java:26)
	at org.asynchttpclient.netty.SimpleChannelFutureListener.operationComplete(SimpleChannelFutureListener.java:20)
	at io.netty.util.concurrent.DefaultPromise.notifyListener0(DefaultPromise.java:578)
	at io.netty.util.concurrent.DefaultPromise.notifyListeners0(DefaultPromise.java:571)
	at io.netty.util.concurrent.DefaultPromise.notifyListenersNow(DefaultPromise.java:550)
	at io.netty.util.concurrent.DefaultPromise.notifyListeners(DefaultPromise.java:491)
	at io.netty.util.concurrent.DefaultPromise.setValue0(DefaultPromise.java:616)
	at io.netty.util.concurrent.DefaultPromise.setSuccess0(DefaultPromise.java:605)
	at io.netty.util.concurrent.DefaultPromise.trySuccess(DefaultPromise.java:104)
	at io.netty.channel.DefaultChannelPromise.trySuccess(DefaultChannelPromise.java:84)
	at io.netty.channel.nio.AbstractNioChannel$AbstractNioUnsafe.fulfillConnectPromise(AbstractNioChannel.java:300)
	at io.netty.channel.nio.AbstractNioChannel$AbstractNioUnsafe.finishConnect(AbstractNioChannel.java:335)
	at io.netty.channel.nio.NioEventLoop.processSelectedKey(NioEventLoop.java:707)
	at io.netty.channel.nio.NioEventLoop.processSelectedKeysOptimized(NioEventLoop.java:655)
	at io.netty.channel.nio.NioEventLoop.processSelectedKeys(NioEventLoop.java:581)
	at io.netty.channel.nio.NioEventLoop.run(NioEventLoop.java:493)
	at io.netty.util.concurrent.SingleThreadEventExecutor$4.run(SingleThreadEventExecutor.java:986)
	at io.netty.util.internal.ThreadExecutorMap$2.run(ThreadExecutorMap.java:74)
	at io.netty.util.concurrent.FastThreadLocalRunnable.run(FastThreadLocalRunnable.java:30)
	at java.base/java.lang.Thread.run(Thread.java:834)

2021-12-16 06:45:30,363 AsyncHttpClient-1-3 ERROR Unable to invoke factory method in class org.apache.logging.log4j.core.appender.FileAppender for element File: java.lang.IllegalStateException: No factory method found for class org.apache.logging.log4j.core.appender.FileAppender java.lang.IllegalStateException: No factory method found for class org.apache.logging.log4j.core.appender.FileAppender
	at org.apache.logging.log4j.core.config.plugins.util.PluginBuilder.findFactoryMethod(PluginBuilder.java:234)
	at org.apache.logging.log4j.core.config.plugins.util.PluginBuilder.build(PluginBuilder.java:134)
	at org.apache.logging.log4j.core.config.AbstractConfiguration.createPluginObject(AbstractConfiguration.java:1000)
	at org.apache.logging.log4j.core.config.AbstractConfiguration.createConfiguration(AbstractConfiguration.java:940)
	at org.apache.logging.log4j.core.appender.routing.RoutingAppender.createAppender(RoutingAppender.java:299)
	at org.apache.logging.log4j.core.appender.routing.RoutingAppender.getControl(RoutingAppender.java:271)
	at org.apache.logging.log4j.core.appender.routing.RoutingAppender.append(RoutingAppender.java:229)
	at org.apache.logging.log4j.core.config.AppenderControl.tryCallAppender(AppenderControl.java:156)
	at org.apache.logging.log4j.core.config.AppenderControl.callAppender0(AppenderControl.java:129)
	at org.apache.logging.log4j.core.config.AppenderControl.callAppenderPreventRecursion(AppenderControl.java:120)
	at org.apache.logging.log4j.core.config.AppenderControl.callAppender(AppenderControl.java:84)
	at org.apache.logging.log4j.core.config.LoggerConfig.callAppenders(LoggerConfig.java:540)
	at org.apache.logging.log4j.core.config.LoggerConfig.processLogEvent(LoggerConfig.java:498)
	at org.apache.logging.log4j.core.config.LoggerConfig.log(LoggerConfig.java:481)
	at org.apache.logging.log4j.core.config.LoggerConfig.log(LoggerConfig.java:410)
	at org.apache.logging.log4j.core.config.AwaitCompletionReliabilityStrategy.log(AwaitCompletionReliabilityStrategy.java:63)
	at org.apache.logging.log4j.core.Logger.logMessage(Logger.java:153)
	at org.apache.logging.log4j.spi.ExtendedLoggerWrapper.logMessage(ExtendedLoggerWrapper.java:222)
	at org.apache.logging.log4j.spi.AbstractLogger.log(AbstractLogger.java:2117)
	at org.apache.logging.log4j.spi.AbstractLogger.tryLogMessage(AbstractLogger.java:2205)
	at org.apache.logging.log4j.spi.AbstractLogger.logMessageTrackRecursion(AbstractLogger.java:2159)
	at org.apache.logging.log4j.spi.AbstractLogger.logMessageSafely(AbstractLogger.java:2142)
	at org.apache.logging.log4j.spi.AbstractLogger.logMessage(AbstractLogger.java:2034)
	at org.apache.logging.log4j.spi.AbstractLogger.logIfEnabled(AbstractLogger.java:1899)
	at org.apache.logging.log4j.spi.AbstractLogger.debug(AbstractLogger.java:453)
	at io.netty.util.Recycler.<clinit>(Recycler.java:105)
	at io.netty.util.internal.ObjectPool$RecyclerObjectPool.<init>(ObjectPool.java:74)
	at io.netty.util.internal.ObjectPool.newPool(ObjectPool.java:67)
	at io.netty.buffer.PoolThreadCache$MemoryRegionCache.<clinit>(PoolThreadCache.java:463)
	at io.netty.buffer.PoolThreadCache.createSubPageCaches(PoolThreadCache.java:117)
	at io.netty.buffer.PoolThreadCache.<init>(PoolThreadCache.java:74)
	at io.netty.buffer.PooledByteBufAllocator$PoolThreadLocalCache.initialValue(PooledByteBufAllocator.java:516)
	at io.netty.buffer.PooledByteBufAllocator$PoolThreadLocalCache.initialValue(PooledByteBufAllocator.java:500)
	at io.netty.util.concurrent.FastThreadLocal.initialize(FastThreadLocal.java:177)
	at io.netty.util.concurrent.FastThreadLocal.get(FastThreadLocal.java:142)
	at io.netty.buffer.PooledByteBufAllocator.newDirectBuffer(PooledByteBufAllocator.java:390)
	at io.netty.buffer.AbstractByteBufAllocator.directBuffer(AbstractByteBufAllocator.java:188)
	at io.netty.buffer.AbstractByteBufAllocator.directBuffer(AbstractByteBufAllocator.java:179)
	at io.netty.buffer.AbstractByteBufAllocator.buffer(AbstractByteBufAllocator.java:116)
	at io.netty.handler.codec.http.HttpObjectEncoder.encode(HttpObjectEncoder.java:93)
	at io.netty.handler.codec.http.HttpClientCodec$Encoder.encode(HttpClientCodec.java:202)
	at io.netty.handler.codec.MessageToMessageEncoder.write(MessageToMessageEncoder.java:89)
	at io.netty.channel.CombinedChannelDuplexHandler.write(CombinedChannelDuplexHandler.java:346)
	at io.netty.channel.AbstractChannelHandlerContext.invokeWrite0(AbstractChannelHandlerContext.java:717)
	at io.netty.channel.AbstractChannelHandlerContext.invokeWrite(AbstractChannelHandlerContext.java:709)
	at io.netty.channel.AbstractChannelHandlerContext.write(AbstractChannelHandlerContext.java:792)
	at io.netty.channel.AbstractChannelHandlerContext.write(AbstractChannelHandlerContext.java:702)
	at io.netty.handler.stream.ChunkedWriteHandler.doFlush(ChunkedWriteHandler.java:302)
	at io.netty.handler.stream.ChunkedWriteHandler.flush(ChunkedWriteHandler.java:131)
	at io.netty.channel.AbstractChannelHandlerContext.invokeFlush0(AbstractChannelHandlerContext.java:750)
	at io.netty.channel.AbstractChannelHandlerContext.invokeWriteAndFlush(AbstractChannelHandlerContext.java:765)
	at io.netty.channel.AbstractChannelHandlerContext.write(AbstractChannelHandlerContext.java:790)
	at io.netty.channel.AbstractChannelHandlerContext.writeAndFlush(AbstractChannelHandlerContext.java:758)
	at io.netty.channel.DefaultChannelPipeline.writeAndFlush(DefaultChannelPipeline.java:1020)
	at io.netty.channel.AbstractChannel.writeAndFlush(AbstractChannel.java:311)
	at org.asynchttpclient.netty.request.body.NettyInputStreamBody.write(NettyInputStreamBody.java:77)
	at org.asynchttpclient.netty.request.NettyRequestSender.writeRequest(NettyRequestSender.java:433)
	at org.asynchttpclient.netty.channel.NettyConnectListener.writeRequest(NettyConnectListener.java:80)
	at org.asynchttpclient.netty.channel.NettyConnectListener.onSuccess(NettyConnectListener.java:156)
	at org.asynchttpclient.netty.channel.NettyChannelConnector$1.onSuccess(NettyChannelConnector.java:92)
	at org.asynchttpclient.netty.SimpleChannelFutureListener.operationComplete(SimpleChannelFutureListener.java:26)
	at org.asynchttpclient.netty.SimpleChannelFutureListener.operationComplete(SimpleChannelFutureListener.java:20)
	at io.netty.util.concurrent.DefaultPromise.notifyListener0(DefaultPromise.java:578)
	at io.netty.util.concurrent.DefaultPromise.notifyListeners0(DefaultPromise.java:571)
	at io.netty.util.concurrent.DefaultPromise.notifyListenersNow(DefaultPromise.java:550)
	at io.netty.util.concurrent.DefaultPromise.notifyListeners(DefaultPromise.java:491)
	at io.netty.util.concurrent.DefaultPromise.setValue0(DefaultPromise.java:616)
	at io.netty.util.concurrent.DefaultPromise.setSuccess0(DefaultPromise.java:605)
	at io.netty.util.concurrent.DefaultPromise.trySuccess(DefaultPromise.java:104)
	at io.netty.channel.DefaultChannelPromise.trySuccess(DefaultChannelPromise.java:84)
	at io.netty.channel.nio.AbstractNioChannel$AbstractNioUnsafe.fulfillConnectPromise(AbstractNioChannel.java:300)
	at io.netty.channel.nio.AbstractNioChannel$AbstractNioUnsafe.finishConnect(AbstractNioChannel.java:335)
	at io.netty.channel.nio.NioEventLoop.processSelectedKey(NioEventLoop.java:707)
	at io.netty.channel.nio.NioEventLoop.processSelectedKeysOptimized(NioEventLoop.java:655)
	at io.netty.channel.nio.NioEventLoop.processSelectedKeys(NioEventLoop.java:581)
	at io.netty.channel.nio.NioEventLoop.run(NioEventLoop.java:493)
	at io.netty.util.concurrent.SingleThreadEventExecutor$4.run(SingleThreadEventExecutor.java:986)
	at io.netty.util.internal.ThreadExecutorMap$2.run(ThreadExecutorMap.java:74)
	at io.netty.util.concurrent.FastThreadLocalRunnable.run(FastThreadLocalRunnable.java:30)
	at java.base/java.lang.Thread.run(Thread.java:834)

2021-12-16 06:45:30,364 AsyncHttpClient-1-3 ERROR FileManager (logs/${ctx:threadName}.log) java.io.IOException: The filename, directory name, or volume label syntax is incorrect java.io.IOException: The filename, directory name, or volume label syntax is incorrect
	at java.base/java.io.WinNTFileSystem.canonicalizeWithPrefix0(Native Method)
	at java.base/java.io.WinNTFileSystem.canonicalizeWithPrefix(WinNTFileSystem.java:461)
	at java.base/java.io.WinNTFileSystem.canonicalize(WinNTFileSystem.java:432)
	at java.base/java.io.File.getCanonicalPath(File.java:626)
	at java.base/java.io.File.getCanonicalFile(File.java:651)
	at org.apache.logging.log4j.core.util.FileUtils.makeParentDirs(FileUtils.java:135)
	at org.apache.logging.log4j.core.appender.FileManager$FileManagerFactory.createManager(FileManager.java:434)
	at org.apache.logging.log4j.core.appender.FileManager$FileManagerFactory.createManager(FileManager.java:422)
	at org.apache.logging.log4j.core.appender.AbstractManager.getManager(AbstractManager.java:113)
	at org.apache.logging.log4j.core.appender.OutputStreamManager.getManager(OutputStreamManager.java:100)
	at org.apache.logging.log4j.core.appender.FileManager.getFileManager(FileManager.java:182)
	at org.apache.logging.log4j.core.appender.FileAppender$Builder.build(FileAppender.java:96)
	at org.apache.logging.log4j.core.appender.FileAppender$Builder.build(FileAppender.java:52)
	at org.apache.logging.log4j.core.config.plugins.util.PluginBuilder.build(PluginBuilder.java:122)
	at org.apache.logging.log4j.core.config.AbstractConfiguration.createPluginObject(AbstractConfiguration.java:1000)
	at org.apache.logging.log4j.core.config.AbstractConfiguration.createConfiguration(AbstractConfiguration.java:940)
	at org.apache.logging.log4j.core.appender.routing.RoutingAppender.createAppender(RoutingAppender.java:299)
	at org.apache.logging.log4j.core.appender.routing.RoutingAppender.getControl(RoutingAppender.java:271)
	at org.apache.logging.log4j.core.appender.routing.RoutingAppender.append(RoutingAppender.java:229)
	at org.apache.logging.log4j.core.config.AppenderControl.tryCallAppender(AppenderControl.java:156)
	at org.apache.logging.log4j.core.config.AppenderControl.callAppender0(AppenderControl.java:129)
	at org.apache.logging.log4j.core.config.AppenderControl.callAppenderPreventRecursion(AppenderControl.java:120)
	at org.apache.logging.log4j.core.config.AppenderControl.callAppender(AppenderControl.java:84)
	at org.apache.logging.log4j.core.config.LoggerConfig.callAppenders(LoggerConfig.java:540)
	at org.apache.logging.log4j.core.config.LoggerConfig.processLogEvent(LoggerConfig.java:498)
	at org.apache.logging.log4j.core.config.LoggerConfig.log(LoggerConfig.java:481)
	at org.apache.logging.log4j.core.config.LoggerConfig.log(LoggerConfig.java:410)
	at org.apache.logging.log4j.core.config.AwaitCompletionReliabilityStrategy.log(AwaitCompletionReliabilityStrategy.java:63)
	at org.apache.logging.log4j.core.Logger.logMessage(Logger.java:153)
	at org.apache.logging.log4j.spi.ExtendedLoggerWrapper.logMessage(ExtendedLoggerWrapper.java:222)
	at org.apache.logging.log4j.spi.AbstractLogger.log(AbstractLogger.java:2117)
	at org.apache.logging.log4j.spi.AbstractLogger.tryLogMessage(AbstractLogger.java:2205)
	at org.apache.logging.log4j.spi.AbstractLogger.logMessageTrackRecursion(AbstractLogger.java:2159)
	at org.apache.logging.log4j.spi.AbstractLogger.logMessageSafely(AbstractLogger.java:2142)
	at org.apache.logging.log4j.spi.AbstractLogger.logMessage(AbstractLogger.java:2034)
	at org.apache.logging.log4j.spi.AbstractLogger.logIfEnabled(AbstractLogger.java:1899)
	at org.apache.logging.log4j.spi.AbstractLogger.debug(AbstractLogger.java:453)
	at io.netty.util.Recycler.<clinit>(Recycler.java:106)
	at io.netty.util.internal.ObjectPool$RecyclerObjectPool.<init>(ObjectPool.java:74)
	at io.netty.util.internal.ObjectPool.newPool(ObjectPool.java:67)
	at io.netty.buffer.PoolThreadCache$MemoryRegionCache.<clinit>(PoolThreadCache.java:463)
	at io.netty.buffer.PoolThreadCache.createSubPageCaches(PoolThreadCache.java:117)
	at io.netty.buffer.PoolThreadCache.<init>(PoolThreadCache.java:74)
	at io.netty.buffer.PooledByteBufAllocator$PoolThreadLocalCache.initialValue(PooledByteBufAllocator.java:516)
	at io.netty.buffer.PooledByteBufAllocator$PoolThreadLocalCache.initialValue(PooledByteBufAllocator.java:500)
	at io.netty.util.concurrent.FastThreadLocal.initialize(FastThreadLocal.java:177)
	at io.netty.util.concurrent.FastThreadLocal.get(FastThreadLocal.java:142)
	at io.netty.buffer.PooledByteBufAllocator.newDirectBuffer(PooledByteBufAllocator.java:390)
	at io.netty.buffer.AbstractByteBufAllocator.directBuffer(AbstractByteBufAllocator.java:188)
	at io.netty.buffer.AbstractByteBufAllocator.directBuffer(AbstractByteBufAllocator.java:179)
	at io.netty.buffer.AbstractByteBufAllocator.buffer(AbstractByteBufAllocator.java:116)
	at io.netty.handler.codec.http.HttpObjectEncoder.encode(HttpObjectEncoder.java:93)
	at io.netty.handler.codec.http.HttpClientCodec$Encoder.encode(HttpClientCodec.java:202)
	at io.netty.handler.codec.MessageToMessageEncoder.write(MessageToMessageEncoder.java:89)
	at io.netty.channel.CombinedChannelDuplexHandler.write(CombinedChannelDuplexHandler.java:346)
	at io.netty.channel.AbstractChannelHandlerContext.invokeWrite0(AbstractChannelHandlerContext.java:717)
	at io.netty.channel.AbstractChannelHandlerContext.invokeWrite(AbstractChannelHandlerContext.java:709)
	at io.netty.channel.AbstractChannelHandlerContext.write(AbstractChannelHandlerContext.java:792)
	at io.netty.channel.AbstractChannelHandlerContext.write(AbstractChannelHandlerContext.java:702)
	at io.netty.handler.stream.ChunkedWriteHandler.doFlush(ChunkedWriteHandler.java:302)
	at io.netty.handler.stream.ChunkedWriteHandler.flush(ChunkedWriteHandler.java:131)
	at io.netty.channel.AbstractChannelHandlerContext.invokeFlush0(AbstractChannelHandlerContext.java:750)
	at io.netty.channel.AbstractChannelHandlerContext.invokeWriteAndFlush(AbstractChannelHandlerContext.java:765)
	at io.netty.channel.AbstractChannelHandlerContext.write(AbstractChannelHandlerContext.java:790)
	at io.netty.channel.AbstractChannelHandlerContext.writeAndFlush(AbstractChannelHandlerContext.java:758)
	at io.netty.channel.DefaultChannelPipeline.writeAndFlush(DefaultChannelPipeline.java:1020)
	at io.netty.channel.AbstractChannel.writeAndFlush(AbstractChannel.java:311)
	at org.asynchttpclient.netty.request.body.NettyInputStreamBody.write(NettyInputStreamBody.java:77)
	at org.asynchttpclient.netty.request.NettyRequestSender.writeRequest(NettyRequestSender.java:433)
	at org.asynchttpclient.netty.channel.NettyConnectListener.writeRequest(NettyConnectListener.java:80)
	at org.asynchttpclient.netty.channel.NettyConnectListener.onSuccess(NettyConnectListener.java:156)
	at org.asynchttpclient.netty.channel.NettyChannelConnector$1.onSuccess(NettyChannelConnector.java:92)
	at org.asynchttpclient.netty.SimpleChannelFutureListener.operationComplete(SimpleChannelFutureListener.java:26)
	at org.asynchttpclient.netty.SimpleChannelFutureListener.operationComplete(SimpleChannelFutureListener.java:20)
	at io.netty.util.concurrent.DefaultPromise.notifyListener0(DefaultPromise.java:578)
	at io.netty.util.concurrent.DefaultPromise.notifyListeners0(DefaultPromise.java:571)
	at io.netty.util.concurrent.DefaultPromise.notifyListenersNow(DefaultPromise.java:550)
	at io.netty.util.concurrent.DefaultPromise.notifyListeners(DefaultPromise.java:491)
	at io.netty.util.concurrent.DefaultPromise.setValue0(DefaultPromise.java:616)
	at io.netty.util.concurrent.DefaultPromise.setSuccess0(DefaultPromise.java:605)
	at io.netty.util.concurrent.DefaultPromise.trySuccess(DefaultPromise.java:104)
	at io.netty.channel.DefaultChannelPromise.trySuccess(DefaultChannelPromise.java:84)
	at io.netty.channel.nio.AbstractNioChannel$AbstractNioUnsafe.fulfillConnectPromise(AbstractNioChannel.java:300)
	at io.netty.channel.nio.AbstractNioChannel$AbstractNioUnsafe.finishConnect(AbstractNioChannel.java:335)
	at io.netty.channel.nio.NioEventLoop.processSelectedKey(NioEventLoop.java:707)
	at io.netty.channel.nio.NioEventLoop.processSelectedKeysOptimized(NioEventLoop.java:655)
	at io.netty.channel.nio.NioEventLoop.processSelectedKeys(NioEventLoop.java:581)
	at io.netty.channel.nio.NioEventLoop.run(NioEventLoop.java:493)
	at io.netty.util.concurrent.SingleThreadEventExecutor$4.run(SingleThreadEventExecutor.java:986)
	at io.netty.util.internal.ThreadExecutorMap$2.run(ThreadExecutorMap.java:74)
	at io.netty.util.concurrent.FastThreadLocalRunnable.run(FastThreadLocalRunnable.java:30)
	at java.base/java.lang.Thread.run(Thread.java:834)

2021-12-16 06:45:30,365 AsyncHttpClient-1-3 ERROR Could not create plugin of type class org.apache.logging.log4j.core.appender.FileAppender for element File: java.lang.IllegalStateException: ManagerFactory [org.apache.logging.log4j.core.appender.FileManager$FileManagerFactory@4d65b13e] unable to create manager for [logs/${ctx:threadName}.log] with data [org.apache.logging.log4j.core.appender.FileManager$FactoryData@24fb815] java.lang.IllegalStateException: ManagerFactory [org.apache.logging.log4j.core.appender.FileManager$FileManagerFactory@4d65b13e] unable to create manager for [logs/${ctx:threadName}.log] with data [org.apache.logging.log4j.core.appender.FileManager$FactoryData@24fb815]
	at org.apache.logging.log4j.core.appender.AbstractManager.getManager(AbstractManager.java:115)
	at org.apache.logging.log4j.core.appender.OutputStreamManager.getManager(OutputStreamManager.java:100)
	at org.apache.logging.log4j.core.appender.FileManager.getFileManager(FileManager.java:182)
	at org.apache.logging.log4j.core.appender.FileAppender$Builder.build(FileAppender.java:96)
	at org.apache.logging.log4j.core.appender.FileAppender$Builder.build(FileAppender.java:52)
	at org.apache.logging.log4j.core.config.plugins.util.PluginBuilder.build(PluginBuilder.java:122)
	at org.apache.logging.log4j.core.config.AbstractConfiguration.createPluginObject(AbstractConfiguration.java:1000)
	at org.apache.logging.log4j.core.config.AbstractConfiguration.createConfiguration(AbstractConfiguration.java:940)
	at org.apache.logging.log4j.core.appender.routing.RoutingAppender.createAppender(RoutingAppender.java:299)
	at org.apache.logging.log4j.core.appender.routing.RoutingAppender.getControl(RoutingAppender.java:271)
	at org.apache.logging.log4j.core.appender.routing.RoutingAppender.append(RoutingAppender.java:229)
	at org.apache.logging.log4j.core.config.AppenderControl.tryCallAppender(AppenderControl.java:156)
	at org.apache.logging.log4j.core.config.AppenderControl.callAppender0(AppenderControl.java:129)
	at org.apache.logging.log4j.core.config.AppenderControl.callAppenderPreventRecursion(AppenderControl.java:120)
	at org.apache.logging.log4j.core.config.AppenderControl.callAppender(AppenderControl.java:84)
	at org.apache.logging.log4j.core.config.LoggerConfig.callAppenders(LoggerConfig.java:540)
	at org.apache.logging.log4j.core.config.LoggerConfig.processLogEvent(LoggerConfig.java:498)
	at org.apache.logging.log4j.core.config.LoggerConfig.log(LoggerConfig.java:481)
	at org.apache.logging.log4j.core.config.LoggerConfig.log(LoggerConfig.java:410)
	at org.apache.logging.log4j.core.config.AwaitCompletionReliabilityStrategy.log(AwaitCompletionReliabilityStrategy.java:63)
	at org.apache.logging.log4j.core.Logger.logMessage(Logger.java:153)
	at org.apache.logging.log4j.spi.ExtendedLoggerWrapper.logMessage(ExtendedLoggerWrapper.java:222)
	at org.apache.logging.log4j.spi.AbstractLogger.log(AbstractLogger.java:2117)
	at org.apache.logging.log4j.spi.AbstractLogger.tryLogMessage(AbstractLogger.java:2205)
	at org.apache.logging.log4j.spi.AbstractLogger.logMessageTrackRecursion(AbstractLogger.java:2159)
	at org.apache.logging.log4j.spi.AbstractLogger.logMessageSafely(AbstractLogger.java:2142)
	at org.apache.logging.log4j.spi.AbstractLogger.logMessage(AbstractLogger.java:2034)
	at org.apache.logging.log4j.spi.AbstractLogger.logIfEnabled(AbstractLogger.java:1899)
	at org.apache.logging.log4j.spi.AbstractLogger.debug(AbstractLogger.java:453)
	at io.netty.util.Recycler.<clinit>(Recycler.java:106)
	at io.netty.util.internal.ObjectPool$RecyclerObjectPool.<init>(ObjectPool.java:74)
	at io.netty.util.internal.ObjectPool.newPool(ObjectPool.java:67)
	at io.netty.buffer.PoolThreadCache$MemoryRegionCache.<clinit>(PoolThreadCache.java:463)
	at io.netty.buffer.PoolThreadCache.createSubPageCaches(PoolThreadCache.java:117)
	at io.netty.buffer.PoolThreadCache.<init>(PoolThreadCache.java:74)
	at io.netty.buffer.PooledByteBufAllocator$PoolThreadLocalCache.initialValue(PooledByteBufAllocator.java:516)
	at io.netty.buffer.PooledByteBufAllocator$PoolThreadLocalCache.initialValue(PooledByteBufAllocator.java:500)
	at io.netty.util.concurrent.FastThreadLocal.initialize(FastThreadLocal.java:177)
	at io.netty.util.concurrent.FastThreadLocal.get(FastThreadLocal.java:142)
	at io.netty.buffer.PooledByteBufAllocator.newDirectBuffer(PooledByteBufAllocator.java:390)
	at io.netty.buffer.AbstractByteBufAllocator.directBuffer(AbstractByteBufAllocator.java:188)
	at io.netty.buffer.AbstractByteBufAllocator.directBuffer(AbstractByteBufAllocator.java:179)
	at io.netty.buffer.AbstractByteBufAllocator.buffer(AbstractByteBufAllocator.java:116)
	at io.netty.handler.codec.http.HttpObjectEncoder.encode(HttpObjectEncoder.java:93)
	at io.netty.handler.codec.http.HttpClientCodec$Encoder.encode(HttpClientCodec.java:202)
	at io.netty.handler.codec.MessageToMessageEncoder.write(MessageToMessageEncoder.java:89)
	at io.netty.channel.CombinedChannelDuplexHandler.write(CombinedChannelDuplexHandler.java:346)
	at io.netty.channel.AbstractChannelHandlerContext.invokeWrite0(AbstractChannelHandlerContext.java:717)
	at io.netty.channel.AbstractChannelHandlerContext.invokeWrite(AbstractChannelHandlerContext.java:709)
	at io.netty.channel.AbstractChannelHandlerContext.write(AbstractChannelHandlerContext.java:792)
	at io.netty.channel.AbstractChannelHandlerContext.write(AbstractChannelHandlerContext.java:702)
	at io.netty.handler.stream.ChunkedWriteHandler.doFlush(ChunkedWriteHandler.java:302)
	at io.netty.handler.stream.ChunkedWriteHandler.flush(ChunkedWriteHandler.java:131)
	at io.netty.channel.AbstractChannelHandlerContext.invokeFlush0(AbstractChannelHandlerContext.java:750)
	at io.netty.channel.AbstractChannelHandlerContext.invokeWriteAndFlush(AbstractChannelHandlerContext.java:765)
	at io.netty.channel.AbstractChannelHandlerContext.write(AbstractChannelHandlerContext.java:790)
	at io.netty.channel.AbstractChannelHandlerContext.writeAndFlush(AbstractChannelHandlerContext.java:758)
	at io.netty.channel.DefaultChannelPipeline.writeAndFlush(DefaultChannelPipeline.java:1020)
	at io.netty.channel.AbstractChannel.writeAndFlush(AbstractChannel.java:311)
	at org.asynchttpclient.netty.request.body.NettyInputStreamBody.write(NettyInputStreamBody.java:77)
	at org.asynchttpclient.netty.request.NettyRequestSender.writeRequest(NettyRequestSender.java:433)
	at org.asynchttpclient.netty.channel.NettyConnectListener.writeRequest(NettyConnectListener.java:80)
	at org.asynchttpclient.netty.channel.NettyConnectListener.onSuccess(NettyConnectListener.java:156)
	at org.asynchttpclient.netty.channel.NettyChannelConnector$1.onSuccess(NettyChannelConnector.java:92)
	at org.asynchttpclient.netty.SimpleChannelFutureListener.operationComplete(SimpleChannelFutureListener.java:26)
	at org.asynchttpclient.netty.SimpleChannelFutureListener.operationComplete(SimpleChannelFutureListener.java:20)
	at io.netty.util.concurrent.DefaultPromise.notifyListener0(DefaultPromise.java:578)
	at io.netty.util.concurrent.DefaultPromise.notifyListeners0(DefaultPromise.java:571)
	at io.netty.util.concurrent.DefaultPromise.notifyListenersNow(DefaultPromise.java:550)
	at io.netty.util.concurrent.DefaultPromise.notifyListeners(DefaultPromise.java:491)
	at io.netty.util.concurrent.DefaultPromise.setValue0(DefaultPromise.java:616)
	at io.netty.util.concurrent.DefaultPromise.setSuccess0(DefaultPromise.java:605)
	at io.netty.util.concurrent.DefaultPromise.trySuccess(DefaultPromise.java:104)
	at io.netty.channel.DefaultChannelPromise.trySuccess(DefaultChannelPromise.java:84)
	at io.netty.channel.nio.AbstractNioChannel$AbstractNioUnsafe.fulfillConnectPromise(AbstractNioChannel.java:300)
	at io.netty.channel.nio.AbstractNioChannel$AbstractNioUnsafe.finishConnect(AbstractNioChannel.java:335)
	at io.netty.channel.nio.NioEventLoop.processSelectedKey(NioEventLoop.java:707)
	at io.netty.channel.nio.NioEventLoop.processSelectedKeysOptimized(NioEventLoop.java:655)
	at io.netty.channel.nio.NioEventLoop.processSelectedKeys(NioEventLoop.java:581)
	at io.netty.channel.nio.NioEventLoop.run(NioEventLoop.java:493)
	at io.netty.util.concurrent.SingleThreadEventExecutor$4.run(SingleThreadEventExecutor.java:986)
	at io.netty.util.internal.ThreadExecutorMap$2.run(ThreadExecutorMap.java:74)
	at io.netty.util.concurrent.FastThreadLocalRunnable.run(FastThreadLocalRunnable.java:30)
	at java.base/java.lang.Thread.run(Thread.java:834)

2021-12-16 06:45:30,366 AsyncHttpClient-1-3 ERROR Unable to invoke factory method in class org.apache.logging.log4j.core.appender.FileAppender for element File: java.lang.IllegalStateException: No factory method found for class org.apache.logging.log4j.core.appender.FileAppender java.lang.IllegalStateException: No factory method found for class org.apache.logging.log4j.core.appender.FileAppender
	at org.apache.logging.log4j.core.config.plugins.util.PluginBuilder.findFactoryMethod(PluginBuilder.java:234)
	at org.apache.logging.log4j.core.config.plugins.util.PluginBuilder.build(PluginBuilder.java:134)
	at org.apache.logging.log4j.core.config.AbstractConfiguration.createPluginObject(AbstractConfiguration.java:1000)
	at org.apache.logging.log4j.core.config.AbstractConfiguration.createConfiguration(AbstractConfiguration.java:940)
	at org.apache.logging.log4j.core.appender.routing.RoutingAppender.createAppender(RoutingAppender.java:299)
	at org.apache.logging.log4j.core.appender.routing.RoutingAppender.getControl(RoutingAppender.java:271)
	at org.apache.logging.log4j.core.appender.routing.RoutingAppender.append(RoutingAppender.java:229)
	at org.apache.logging.log4j.core.config.AppenderControl.tryCallAppender(AppenderControl.java:156)
	at org.apache.logging.log4j.core.config.AppenderControl.callAppender0(AppenderControl.java:129)
	at org.apache.logging.log4j.core.config.AppenderControl.callAppenderPreventRecursion(AppenderControl.java:120)
	at org.apache.logging.log4j.core.config.AppenderControl.callAppender(AppenderControl.java:84)
	at org.apache.logging.log4j.core.config.LoggerConfig.callAppenders(LoggerConfig.java:540)
	at org.apache.logging.log4j.core.config.LoggerConfig.processLogEvent(LoggerConfig.java:498)
	at org.apache.logging.log4j.core.config.LoggerConfig.log(LoggerConfig.java:481)
	at org.apache.logging.log4j.core.config.LoggerConfig.log(LoggerConfig.java:410)
	at org.apache.logging.log4j.core.config.AwaitCompletionReliabilityStrategy.log(AwaitCompletionReliabilityStrategy.java:63)
	at org.apache.logging.log4j.core.Logger.logMessage(Logger.java:153)
	at org.apache.logging.log4j.spi.ExtendedLoggerWrapper.logMessage(ExtendedLoggerWrapper.java:222)
	at org.apache.logging.log4j.spi.AbstractLogger.log(AbstractLogger.java:2117)
	at org.apache.logging.log4j.spi.AbstractLogger.tryLogMessage(AbstractLogger.java:2205)
	at org.apache.logging.log4j.spi.AbstractLogger.logMessageTrackRecursion(AbstractLogger.java:2159)
	at org.apache.logging.log4j.spi.AbstractLogger.logMessageSafely(AbstractLogger.java:2142)
	at org.apache.logging.log4j.spi.AbstractLogger.logMessage(AbstractLogger.java:2034)
	at org.apache.logging.log4j.spi.AbstractLogger.logIfEnabled(AbstractLogger.java:1899)
	at org.apache.logging.log4j.spi.AbstractLogger.debug(AbstractLogger.java:453)
	at io.netty.util.Recycler.<clinit>(Recycler.java:106)
	at io.netty.util.internal.ObjectPool$RecyclerObjectPool.<init>(ObjectPool.java:74)
	at io.netty.util.internal.ObjectPool.newPool(ObjectPool.java:67)
	at io.netty.buffer.PoolThreadCache$MemoryRegionCache.<clinit>(PoolThreadCache.java:463)
	at io.netty.buffer.PoolThreadCache.createSubPageCaches(PoolThreadCache.java:117)
	at io.netty.buffer.PoolThreadCache.<init>(PoolThreadCache.java:74)
	at io.netty.buffer.PooledByteBufAllocator$PoolThreadLocalCache.initialValue(PooledByteBufAllocator.java:516)
	at io.netty.buffer.PooledByteBufAllocator$PoolThreadLocalCache.initialValue(PooledByteBufAllocator.java:500)
	at io.netty.util.concurrent.FastThreadLocal.initialize(FastThreadLocal.java:177)
	at io.netty.util.concurrent.FastThreadLocal.get(FastThreadLocal.java:142)
	at io.netty.buffer.PooledByteBufAllocator.newDirectBuffer(PooledByteBufAllocator.java:390)
	at io.netty.buffer.AbstractByteBufAllocator.directBuffer(AbstractByteBufAllocator.java:188)
	at io.netty.buffer.AbstractByteBufAllocator.directBuffer(AbstractByteBufAllocator.java:179)
	at io.netty.buffer.AbstractByteBufAllocator.buffer(AbstractByteBufAllocator.java:116)
	at io.netty.handler.codec.http.HttpObjectEncoder.encode(HttpObjectEncoder.java:93)
	at io.netty.handler.codec.http.HttpClientCodec$Encoder.encode(HttpClientCodec.java:202)
	at io.netty.handler.codec.MessageToMessageEncoder.write(MessageToMessageEncoder.java:89)
	at io.netty.channel.CombinedChannelDuplexHandler.write(CombinedChannelDuplexHandler.java:346)
	at io.netty.channel.AbstractChannelHandlerContext.invokeWrite0(AbstractChannelHandlerContext.java:717)
	at io.netty.channel.AbstractChannelHandlerContext.invokeWrite(AbstractChannelHandlerContext.java:709)
	at io.netty.channel.AbstractChannelHandlerContext.write(AbstractChannelHandlerContext.java:792)
	at io.netty.channel.AbstractChannelHandlerContext.write(AbstractChannelHandlerContext.java:702)
	at io.netty.handler.stream.ChunkedWriteHandler.doFlush(ChunkedWriteHandler.java:302)
	at io.netty.handler.stream.ChunkedWriteHandler.flush(ChunkedWriteHandler.java:131)
	at io.netty.channel.AbstractChannelHandlerContext.invokeFlush0(AbstractChannelHandlerContext.java:750)
	at io.netty.channel.AbstractChannelHandlerContext.invokeWriteAndFlush(AbstractChannelHandlerContext.java:765)
	at io.netty.channel.AbstractChannelHandlerContext.write(AbstractChannelHandlerContext.java:790)
	at io.netty.channel.AbstractChannelHandlerContext.writeAndFlush(AbstractChannelHandlerContext.java:758)
	at io.netty.channel.DefaultChannelPipeline.writeAndFlush(DefaultChannelPipeline.java:1020)
	at io.netty.channel.AbstractChannel.writeAndFlush(AbstractChannel.java:311)
	at org.asynchttpclient.netty.request.body.NettyInputStreamBody.write(NettyInputStreamBody.java:77)
	at org.asynchttpclient.netty.request.NettyRequestSender.writeRequest(NettyRequestSender.java:433)
	at org.asynchttpclient.netty.channel.NettyConnectListener.writeRequest(NettyConnectListener.java:80)
	at org.asynchttpclient.netty.channel.NettyConnectListener.onSuccess(NettyConnectListener.java:156)
	at org.asynchttpclient.netty.channel.NettyChannelConnector$1.onSuccess(NettyChannelConnector.java:92)
	at org.asynchttpclient.netty.SimpleChannelFutureListener.operationComplete(SimpleChannelFutureListener.java:26)
	at org.asynchttpclient.netty.SimpleChannelFutureListener.operationComplete(SimpleChannelFutureListener.java:20)
	at io.netty.util.concurrent.DefaultPromise.notifyListener0(DefaultPromise.java:578)
	at io.netty.util.concurrent.DefaultPromise.notifyListeners0(DefaultPromise.java:571)
	at io.netty.util.concurrent.DefaultPromise.notifyListenersNow(DefaultPromise.java:550)
	at io.netty.util.concurrent.DefaultPromise.notifyListeners(DefaultPromise.java:491)
	at io.netty.util.concurrent.DefaultPromise.setValue0(DefaultPromise.java:616)
	at io.netty.util.concurrent.DefaultPromise.setSuccess0(DefaultPromise.java:605)
	at io.netty.util.concurrent.DefaultPromise.trySuccess(DefaultPromise.java:104)
	at io.netty.channel.DefaultChannelPromise.trySuccess(DefaultChannelPromise.java:84)
	at io.netty.channel.nio.AbstractNioChannel$AbstractNioUnsafe.fulfillConnectPromise(AbstractNioChannel.java:300)
	at io.netty.channel.nio.AbstractNioChannel$AbstractNioUnsafe.finishConnect(AbstractNioChannel.java:335)
	at io.netty.channel.nio.NioEventLoop.processSelectedKey(NioEventLoop.java:707)
	at io.netty.channel.nio.NioEventLoop.processSelectedKeysOptimized(NioEventLoop.java:655)
	at io.netty.channel.nio.NioEventLoop.processSelectedKeys(NioEventLoop.java:581)
	at io.netty.channel.nio.NioEventLoop.run(NioEventLoop.java:493)
	at io.netty.util.concurrent.SingleThreadEventExecutor$4.run(SingleThreadEventExecutor.java:986)
	at io.netty.util.internal.ThreadExecutorMap$2.run(ThreadExecutorMap.java:74)
	at io.netty.util.concurrent.FastThreadLocalRunnable.run(FastThreadLocalRunnable.java:30)
	at java.base/java.lang.Thread.run(Thread.java:834)

2021-12-16 06:45:30,368 AsyncHttpClient-1-3 ERROR FileManager (logs/${ctx:threadName}.log) java.io.IOException: The filename, directory name, or volume label syntax is incorrect java.io.IOException: The filename, directory name, or volume label syntax is incorrect
	at java.base/java.io.WinNTFileSystem.canonicalizeWithPrefix0(Native Method)
	at java.base/java.io.WinNTFileSystem.canonicalizeWithPrefix(WinNTFileSystem.java:461)
	at java.base/java.io.WinNTFileSystem.canonicalize(WinNTFileSystem.java:432)
	at java.base/java.io.File.getCanonicalPath(File.java:626)
	at java.base/java.io.File.getCanonicalFile(File.java:651)
	at org.apache.logging.log4j.core.util.FileUtils.makeParentDirs(FileUtils.java:135)
	at org.apache.logging.log4j.core.appender.FileManager$FileManagerFactory.createManager(FileManager.java:434)
	at org.apache.logging.log4j.core.appender.FileManager$FileManagerFactory.createManager(FileManager.java:422)
	at org.apache.logging.log4j.core.appender.AbstractManager.getManager(AbstractManager.java:113)
	at org.apache.logging.log4j.core.appender.OutputStreamManager.getManager(OutputStreamManager.java:100)
	at org.apache.logging.log4j.core.appender.FileManager.getFileManager(FileManager.java:182)
	at org.apache.logging.log4j.core.appender.FileAppender$Builder.build(FileAppender.java:96)
	at org.apache.logging.log4j.core.appender.FileAppender$Builder.build(FileAppender.java:52)
	at org.apache.logging.log4j.core.config.plugins.util.PluginBuilder.build(PluginBuilder.java:122)
	at org.apache.logging.log4j.core.config.AbstractConfiguration.createPluginObject(AbstractConfiguration.java:1000)
	at org.apache.logging.log4j.core.config.AbstractConfiguration.createConfiguration(AbstractConfiguration.java:940)
	at org.apache.logging.log4j.core.appender.routing.RoutingAppender.createAppender(RoutingAppender.java:299)
	at org.apache.logging.log4j.core.appender.routing.RoutingAppender.getControl(RoutingAppender.java:271)
	at org.apache.logging.log4j.core.appender.routing.RoutingAppender.append(RoutingAppender.java:229)
	at org.apache.logging.log4j.core.config.AppenderControl.tryCallAppender(AppenderControl.java:156)
	at org.apache.logging.log4j.core.config.AppenderControl.callAppender0(AppenderControl.java:129)
	at org.apache.logging.log4j.core.config.AppenderControl.callAppenderPreventRecursion(AppenderControl.java:120)
	at org.apache.logging.log4j.core.config.AppenderControl.callAppender(AppenderControl.java:84)
	at org.apache.logging.log4j.core.config.LoggerConfig.callAppenders(LoggerConfig.java:540)
	at org.apache.logging.log4j.core.config.LoggerConfig.processLogEvent(LoggerConfig.java:498)
	at org.apache.logging.log4j.core.config.LoggerConfig.log(LoggerConfig.java:481)
	at org.apache.logging.log4j.core.config.LoggerConfig.log(LoggerConfig.java:410)
	at org.apache.logging.log4j.core.config.AwaitCompletionReliabilityStrategy.log(AwaitCompletionReliabilityStrategy.java:63)
	at org.apache.logging.log4j.core.Logger.logMessage(Logger.java:153)
	at org.apache.logging.log4j.spi.ExtendedLoggerWrapper.logMessage(ExtendedLoggerWrapper.java:222)
	at org.apache.logging.log4j.spi.AbstractLogger.log(AbstractLogger.java:2117)
	at org.apache.logging.log4j.spi.AbstractLogger.tryLogMessage(AbstractLogger.java:2205)
	at org.apache.logging.log4j.spi.AbstractLogger.logMessageTrackRecursion(AbstractLogger.java:2159)
	at org.apache.logging.log4j.spi.AbstractLogger.logMessageSafely(AbstractLogger.java:2142)
	at org.apache.logging.log4j.spi.AbstractLogger.logMessage(AbstractLogger.java:2034)
	at org.apache.logging.log4j.spi.AbstractLogger.logIfEnabled(AbstractLogger.java:1899)
	at org.apache.logging.log4j.spi.AbstractLogger.debug(AbstractLogger.java:453)
	at io.netty.util.Recycler.<clinit>(Recycler.java:107)
	at io.netty.util.internal.ObjectPool$RecyclerObjectPool.<init>(ObjectPool.java:74)
	at io.netty.util.internal.ObjectPool.newPool(ObjectPool.java:67)
	at io.netty.buffer.PoolThreadCache$MemoryRegionCache.<clinit>(PoolThreadCache.java:463)
	at io.netty.buffer.PoolThreadCache.createSubPageCaches(PoolThreadCache.java:117)
	at io.netty.buffer.PoolThreadCache.<init>(PoolThreadCache.java:74)
	at io.netty.buffer.PooledByteBufAllocator$PoolThreadLocalCache.initialValue(PooledByteBufAllocator.java:516)
	at io.netty.buffer.PooledByteBufAllocator$PoolThreadLocalCache.initialValue(PooledByteBufAllocator.java:500)
	at io.netty.util.concurrent.FastThreadLocal.initialize(FastThreadLocal.java:177)
	at io.netty.util.concurrent.FastThreadLocal.get(FastThreadLocal.java:142)
	at io.netty.buffer.PooledByteBufAllocator.newDirectBuffer(PooledByteBufAllocator.java:390)
	at io.netty.buffer.AbstractByteBufAllocator.directBuffer(AbstractByteBufAllocator.java:188)
	at io.netty.buffer.AbstractByteBufAllocator.directBuffer(AbstractByteBufAllocator.java:179)
	at io.netty.buffer.AbstractByteBufAllocator.buffer(AbstractByteBufAllocator.java:116)
	at io.netty.handler.codec.http.HttpObjectEncoder.encode(HttpObjectEncoder.java:93)
	at io.netty.handler.codec.http.HttpClientCodec$Encoder.encode(HttpClientCodec.java:202)
	at io.netty.handler.codec.MessageToMessageEncoder.write(MessageToMessageEncoder.java:89)
	at io.netty.channel.CombinedChannelDuplexHandler.write(CombinedChannelDuplexHandler.java:346)
	at io.netty.channel.AbstractChannelHandlerContext.invokeWrite0(AbstractChannelHandlerContext.java:717)
	at io.netty.channel.AbstractChannelHandlerContext.invokeWrite(AbstractChannelHandlerContext.java:709)
	at io.netty.channel.AbstractChannelHandlerContext.write(AbstractChannelHandlerContext.java:792)
	at io.netty.channel.AbstractChannelHandlerContext.write(AbstractChannelHandlerContext.java:702)
	at io.netty.handler.stream.ChunkedWriteHandler.doFlush(ChunkedWriteHandler.java:302)
	at io.netty.handler.stream.ChunkedWriteHandler.flush(ChunkedWriteHandler.java:131)
	at io.netty.channel.AbstractChannelHandlerContext.invokeFlush0(AbstractChannelHandlerContext.java:750)
	at io.netty.channel.AbstractChannelHandlerContext.invokeWriteAndFlush(AbstractChannelHandlerContext.java:765)
	at io.netty.channel.AbstractChannelHandlerContext.write(AbstractChannelHandlerContext.java:790)
	at io.netty.channel.AbstractChannelHandlerContext.writeAndFlush(AbstractChannelHandlerContext.java:758)
	at io.netty.channel.DefaultChannelPipeline.writeAndFlush(DefaultChannelPipeline.java:1020)
	at io.netty.channel.AbstractChannel.writeAndFlush(AbstractChannel.java:311)
	at org.asynchttpclient.netty.request.body.NettyInputStreamBody.write(NettyInputStreamBody.java:77)
	at org.asynchttpclient.netty.request.NettyRequestSender.writeRequest(NettyRequestSender.java:433)
	at org.asynchttpclient.netty.channel.NettyConnectListener.writeRequest(NettyConnectListener.java:80)
	at org.asynchttpclient.netty.channel.NettyConnectListener.onSuccess(NettyConnectListener.java:156)
	at org.asynchttpclient.netty.channel.NettyChannelConnector$1.onSuccess(NettyChannelConnector.java:92)
	at org.asynchttpclient.netty.SimpleChannelFutureListener.operationComplete(SimpleChannelFutureListener.java:26)
	at org.asynchttpclient.netty.SimpleChannelFutureListener.operationComplete(SimpleChannelFutureListener.java:20)
	at io.netty.util.concurrent.DefaultPromise.notifyListener0(DefaultPromise.java:578)
	at io.netty.util.concurrent.DefaultPromise.notifyListeners0(DefaultPromise.java:571)
	at io.netty.util.concurrent.DefaultPromise.notifyListenersNow(DefaultPromise.java:550)
	at io.netty.util.concurrent.DefaultPromise.notifyListeners(DefaultPromise.java:491)
	at io.netty.util.concurrent.DefaultPromise.setValue0(DefaultPromise.java:616)
	at io.netty.util.concurrent.DefaultPromise.setSuccess0(DefaultPromise.java:605)
	at io.netty.util.concurrent.DefaultPromise.trySuccess(DefaultPromise.java:104)
	at io.netty.channel.DefaultChannelPromise.trySuccess(DefaultChannelPromise.java:84)
	at io.netty.channel.nio.AbstractNioChannel$AbstractNioUnsafe.fulfillConnectPromise(AbstractNioChannel.java:300)
	at io.netty.channel.nio.AbstractNioChannel$AbstractNioUnsafe.finishConnect(AbstractNioChannel.java:335)
	at io.netty.channel.nio.NioEventLoop.processSelectedKey(NioEventLoop.java:707)
	at io.netty.channel.nio.NioEventLoop.processSelectedKeysOptimized(NioEventLoop.java:655)
	at io.netty.channel.nio.NioEventLoop.processSelectedKeys(NioEventLoop.java:581)
	at io.netty.channel.nio.NioEventLoop.run(NioEventLoop.java:493)
	at io.netty.util.concurrent.SingleThreadEventExecutor$4.run(SingleThreadEventExecutor.java:986)
	at io.netty.util.internal.ThreadExecutorMap$2.run(ThreadExecutorMap.java:74)
	at io.netty.util.concurrent.FastThreadLocalRunnable.run(FastThreadLocalRunnable.java:30)
	at java.base/java.lang.Thread.run(Thread.java:834)

2021-12-16 06:45:30,369 AsyncHttpClient-1-3 ERROR Could not create plugin of type class org.apache.logging.log4j.core.appender.FileAppender for element File: java.lang.IllegalStateException: ManagerFactory [org.apache.logging.log4j.core.appender.FileManager$FileManagerFactory@4d65b13e] unable to create manager for [logs/${ctx:threadName}.log] with data [org.apache.logging.log4j.core.appender.FileManager$FactoryData@571580bc] java.lang.IllegalStateException: ManagerFactory [org.apache.logging.log4j.core.appender.FileManager$FileManagerFactory@4d65b13e] unable to create manager for [logs/${ctx:threadName}.log] with data [org.apache.logging.log4j.core.appender.FileManager$FactoryData@571580bc]
	at org.apache.logging.log4j.core.appender.AbstractManager.getManager(AbstractManager.java:115)
	at org.apache.logging.log4j.core.appender.OutputStreamManager.getManager(OutputStreamManager.java:100)
	at org.apache.logging.log4j.core.appender.FileManager.getFileManager(FileManager.java:182)
	at org.apache.logging.log4j.core.appender.FileAppender$Builder.build(FileAppender.java:96)
	at org.apache.logging.log4j.core.appender.FileAppender$Builder.build(FileAppender.java:52)
	at org.apache.logging.log4j.core.config.plugins.util.PluginBuilder.build(PluginBuilder.java:122)
	at org.apache.logging.log4j.core.config.AbstractConfiguration.createPluginObject(AbstractConfiguration.java:1000)
	at org.apache.logging.log4j.core.config.AbstractConfiguration.createConfiguration(AbstractConfiguration.java:940)
	at org.apache.logging.log4j.core.appender.routing.RoutingAppender.createAppender(RoutingAppender.java:299)
	at org.apache.logging.log4j.core.appender.routing.RoutingAppender.getControl(RoutingAppender.java:271)
	at org.apache.logging.log4j.core.appender.routing.RoutingAppender.append(RoutingAppender.java:229)
	at org.apache.logging.log4j.core.config.AppenderControl.tryCallAppender(AppenderControl.java:156)
	at org.apache.logging.log4j.core.config.AppenderControl.callAppender0(AppenderControl.java:129)
	at org.apache.logging.log4j.core.config.AppenderControl.callAppenderPreventRecursion(AppenderControl.java:120)
	at org.apache.logging.log4j.core.config.AppenderControl.callAppender(AppenderControl.java:84)
	at org.apache.logging.log4j.core.config.LoggerConfig.callAppenders(LoggerConfig.java:540)
	at org.apache.logging.log4j.core.config.LoggerConfig.processLogEvent(LoggerConfig.java:498)
	at org.apache.logging.log4j.core.config.LoggerConfig.log(LoggerConfig.java:481)
	at org.apache.logging.log4j.core.config.LoggerConfig.log(LoggerConfig.java:410)
	at org.apache.logging.log4j.core.config.AwaitCompletionReliabilityStrategy.log(AwaitCompletionReliabilityStrategy.java:63)
	at org.apache.logging.log4j.core.Logger.logMessage(Logger.java:153)
	at org.apache.logging.log4j.spi.ExtendedLoggerWrapper.logMessage(ExtendedLoggerWrapper.java:222)
	at org.apache.logging.log4j.spi.AbstractLogger.log(AbstractLogger.java:2117)
	at org.apache.logging.log4j.spi.AbstractLogger.tryLogMessage(AbstractLogger.java:2205)
	at org.apache.logging.log4j.spi.AbstractLogger.logMessageTrackRecursion(AbstractLogger.java:2159)
	at org.apache.logging.log4j.spi.AbstractLogger.logMessageSafely(AbstractLogger.java:2142)
	at org.apache.logging.log4j.spi.AbstractLogger.logMessage(AbstractLogger.java:2034)
	at org.apache.logging.log4j.spi.AbstractLogger.logIfEnabled(AbstractLogger.java:1899)
	at org.apache.logging.log4j.spi.AbstractLogger.debug(AbstractLogger.java:453)
	at io.netty.util.Recycler.<clinit>(Recycler.java:107)
	at io.netty.util.internal.ObjectPool$RecyclerObjectPool.<init>(ObjectPool.java:74)
	at io.netty.util.internal.ObjectPool.newPool(ObjectPool.java:67)
	at io.netty.buffer.PoolThreadCache$MemoryRegionCache.<clinit>(PoolThreadCache.java:463)
	at io.netty.buffer.PoolThreadCache.createSubPageCaches(PoolThreadCache.java:117)
	at io.netty.buffer.PoolThreadCache.<init>(PoolThreadCache.java:74)
	at io.netty.buffer.PooledByteBufAllocator$PoolThreadLocalCache.initialValue(PooledByteBufAllocator.java:516)
	at io.netty.buffer.PooledByteBufAllocator$PoolThreadLocalCache.initialValue(PooledByteBufAllocator.java:500)
	at io.netty.util.concurrent.FastThreadLocal.initialize(FastThreadLocal.java:177)
	at io.netty.util.concurrent.FastThreadLocal.get(FastThreadLocal.java:142)
	at io.netty.buffer.PooledByteBufAllocator.newDirectBuffer(PooledByteBufAllocator.java:390)
	at io.netty.buffer.AbstractByteBufAllocator.directBuffer(AbstractByteBufAllocator.java:188)
	at io.netty.buffer.AbstractByteBufAllocator.directBuffer(AbstractByteBufAllocator.java:179)
	at io.netty.buffer.AbstractByteBufAllocator.buffer(AbstractByteBufAllocator.java:116)
	at io.netty.handler.codec.http.HttpObjectEncoder.encode(HttpObjectEncoder.java:93)
	at io.netty.handler.codec.http.HttpClientCodec$Encoder.encode(HttpClientCodec.java:202)
	at io.netty.handler.codec.MessageToMessageEncoder.write(MessageToMessageEncoder.java:89)
	at io.netty.channel.CombinedChannelDuplexHandler.write(CombinedChannelDuplexHandler.java:346)
	at io.netty.channel.AbstractChannelHandlerContext.invokeWrite0(AbstractChannelHandlerContext.java:717)
	at io.netty.channel.AbstractChannelHandlerContext.invokeWrite(AbstractChannelHandlerContext.java:709)
	at io.netty.channel.AbstractChannelHandlerContext.write(AbstractChannelHandlerContext.java:792)
	at io.netty.channel.AbstractChannelHandlerContext.write(AbstractChannelHandlerContext.java:702)
	at io.netty.handler.stream.ChunkedWriteHandler.doFlush(ChunkedWriteHandler.java:302)
	at io.netty.handler.stream.ChunkedWriteHandler.flush(ChunkedWriteHandler.java:131)
	at io.netty.channel.AbstractChannelHandlerContext.invokeFlush0(AbstractChannelHandlerContext.java:750)
	at io.netty.channel.AbstractChannelHandlerContext.invokeWriteAndFlush(AbstractChannelHandlerContext.java:765)
	at io.netty.channel.AbstractChannelHandlerContext.write(AbstractChannelHandlerContext.java:790)
	at io.netty.channel.AbstractChannelHandlerContext.writeAndFlush(AbstractChannelHandlerContext.java:758)
	at io.netty.channel.DefaultChannelPipeline.writeAndFlush(DefaultChannelPipeline.java:1020)
	at io.netty.channel.AbstractChannel.writeAndFlush(AbstractChannel.java:311)
	at org.asynchttpclient.netty.request.body.NettyInputStreamBody.write(NettyInputStreamBody.java:77)
	at org.asynchttpclient.netty.request.NettyRequestSender.writeRequest(NettyRequestSender.java:433)
	at org.asynchttpclient.netty.channel.NettyConnectListener.writeRequest(NettyConnectListener.java:80)
	at org.asynchttpclient.netty.channel.NettyConnectListener.onSuccess(NettyConnectListener.java:156)
	at org.asynchttpclient.netty.channel.NettyChannelConnector$1.onSuccess(NettyChannelConnector.java:92)
	at org.asynchttpclient.netty.SimpleChannelFutureListener.operationComplete(SimpleChannelFutureListener.java:26)
	at org.asynchttpclient.netty.SimpleChannelFutureListener.operationComplete(SimpleChannelFutureListener.java:20)
	at io.netty.util.concurrent.DefaultPromise.notifyListener0(DefaultPromise.java:578)
	at io.netty.util.concurrent.DefaultPromise.notifyListeners0(DefaultPromise.java:571)
	at io.netty.util.concurrent.DefaultPromise.notifyListenersNow(DefaultPromise.java:550)
	at io.netty.util.concurrent.DefaultPromise.notifyListeners(DefaultPromise.java:491)
	at io.netty.util.concurrent.DefaultPromise.setValue0(DefaultPromise.java:616)
	at io.netty.util.concurrent.DefaultPromise.setSuccess0(DefaultPromise.java:605)
	at io.netty.util.concurrent.DefaultPromise.trySuccess(DefaultPromise.java:104)
	at io.netty.channel.DefaultChannelPromise.trySuccess(DefaultChannelPromise.java:84)
	at io.netty.channel.nio.AbstractNioChannel$AbstractNioUnsafe.fulfillConnectPromise(AbstractNioChannel.java:300)
	at io.netty.channel.nio.AbstractNioChannel$AbstractNioUnsafe.finishConnect(AbstractNioChannel.java:335)
	at io.netty.channel.nio.NioEventLoop.processSelectedKey(NioEventLoop.java:707)
	at io.netty.channel.nio.NioEventLoop.processSelectedKeysOptimized(NioEventLoop.java:655)
	at io.netty.channel.nio.NioEventLoop.processSelectedKeys(NioEventLoop.java:581)
	at io.netty.channel.nio.NioEventLoop.run(NioEventLoop.java:493)
	at io.netty.util.concurrent.SingleThreadEventExecutor$4.run(SingleThreadEventExecutor.java:986)
	at io.netty.util.internal.ThreadExecutorMap$2.run(ThreadExecutorMap.java:74)
	at io.netty.util.concurrent.FastThreadLocalRunnable.run(FastThreadLocalRunnable.java:30)
	at java.base/java.lang.Thread.run(Thread.java:834)

2021-12-16 06:45:30,369 AsyncHttpClient-1-3 ERROR Unable to invoke factory method in class org.apache.logging.log4j.core.appender.FileAppender for element File: java.lang.IllegalStateException: No factory method found for class org.apache.logging.log4j.core.appender.FileAppender java.lang.IllegalStateException: No factory method found for class org.apache.logging.log4j.core.appender.FileAppender
	at org.apache.logging.log4j.core.config.plugins.util.PluginBuilder.findFactoryMethod(PluginBuilder.java:234)
	at org.apache.logging.log4j.core.config.plugins.util.PluginBuilder.build(PluginBuilder.java:134)
	at org.apache.logging.log4j.core.config.AbstractConfiguration.createPluginObject(AbstractConfiguration.java:1000)
	at org.apache.logging.log4j.core.config.AbstractConfiguration.createConfiguration(AbstractConfiguration.java:940)
	at org.apache.logging.log4j.core.appender.routing.RoutingAppender.createAppender(RoutingAppender.java:299)
	at org.apache.logging.log4j.core.appender.routing.RoutingAppender.getControl(RoutingAppender.java:271)
	at org.apache.logging.log4j.core.appender.routing.RoutingAppender.append(RoutingAppender.java:229)
	at org.apache.logging.log4j.core.config.AppenderControl.tryCallAppender(AppenderControl.java:156)
	at org.apache.logging.log4j.core.config.AppenderControl.callAppender0(AppenderControl.java:129)
	at org.apache.logging.log4j.core.config.AppenderControl.callAppenderPreventRecursion(AppenderControl.java:120)
	at org.apache.logging.log4j.core.config.AppenderControl.callAppender(AppenderControl.java:84)
	at org.apache.logging.log4j.core.config.LoggerConfig.callAppenders(LoggerConfig.java:540)
	at org.apache.logging.log4j.core.config.LoggerConfig.processLogEvent(LoggerConfig.java:498)
	at org.apache.logging.log4j.core.config.LoggerConfig.log(LoggerConfig.java:481)
	at org.apache.logging.log4j.core.config.LoggerConfig.log(LoggerConfig.java:410)
	at org.apache.logging.log4j.core.config.AwaitCompletionReliabilityStrategy.log(AwaitCompletionReliabilityStrategy.java:63)
	at org.apache.logging.log4j.core.Logger.logMessage(Logger.java:153)
	at org.apache.logging.log4j.spi.ExtendedLoggerWrapper.logMessage(ExtendedLoggerWrapper.java:222)
	at org.apache.logging.log4j.spi.AbstractLogger.log(AbstractLogger.java:2117)
	at org.apache.logging.log4j.spi.AbstractLogger.tryLogMessage(AbstractLogger.java:2205)
	at org.apache.logging.log4j.spi.AbstractLogger.logMessageTrackRecursion(AbstractLogger.java:2159)
	at org.apache.logging.log4j.spi.AbstractLogger.logMessageSafely(AbstractLogger.java:2142)
	at org.apache.logging.log4j.spi.AbstractLogger.logMessage(AbstractLogger.java:2034)
	at org.apache.logging.log4j.spi.AbstractLogger.logIfEnabled(AbstractLogger.java:1899)
	at org.apache.logging.log4j.spi.AbstractLogger.debug(AbstractLogger.java:453)
	at io.netty.util.Recycler.<clinit>(Recycler.java:107)
	at io.netty.util.internal.ObjectPool$RecyclerObjectPool.<init>(ObjectPool.java:74)
	at io.netty.util.internal.ObjectPool.newPool(ObjectPool.java:67)
	at io.netty.buffer.PoolThreadCache$MemoryRegionCache.<clinit>(PoolThreadCache.java:463)
	at io.netty.buffer.PoolThreadCache.createSubPageCaches(PoolThreadCache.java:117)
	at io.netty.buffer.PoolThreadCache.<init>(PoolThreadCache.java:74)
	at io.netty.buffer.PooledByteBufAllocator$PoolThreadLocalCache.initialValue(PooledByteBufAllocator.java:516)
	at io.netty.buffer.PooledByteBufAllocator$PoolThreadLocalCache.initialValue(PooledByteBufAllocator.java:500)
	at io.netty.util.concurrent.FastThreadLocal.initialize(FastThreadLocal.java:177)
	at io.netty.util.concurrent.FastThreadLocal.get(FastThreadLocal.java:142)
	at io.netty.buffer.PooledByteBufAllocator.newDirectBuffer(PooledByteBufAllocator.java:390)
	at io.netty.buffer.AbstractByteBufAllocator.directBuffer(AbstractByteBufAllocator.java:188)
	at io.netty.buffer.AbstractByteBufAllocator.directBuffer(AbstractByteBufAllocator.java:179)
	at io.netty.buffer.AbstractByteBufAllocator.buffer(AbstractByteBufAllocator.java:116)
	at io.netty.handler.codec.http.HttpObjectEncoder.encode(HttpObjectEncoder.java:93)
	at io.netty.handler.codec.http.HttpClientCodec$Encoder.encode(HttpClientCodec.java:202)
	at io.netty.handler.codec.MessageToMessageEncoder.write(MessageToMessageEncoder.java:89)
	at io.netty.channel.CombinedChannelDuplexHandler.write(CombinedChannelDuplexHandler.java:346)
	at io.netty.channel.AbstractChannelHandlerContext.invokeWrite0(AbstractChannelHandlerContext.java:717)
	at io.netty.channel.AbstractChannelHandlerContext.invokeWrite(AbstractChannelHandlerContext.java:709)
	at io.netty.channel.AbstractChannelHandlerContext.write(AbstractChannelHandlerContext.java:792)
	at io.netty.channel.AbstractChannelHandlerContext.write(AbstractChannelHandlerContext.java:702)
	at io.netty.handler.stream.ChunkedWriteHandler.doFlush(ChunkedWriteHandler.java:302)
	at io.netty.handler.stream.ChunkedWriteHandler.flush(ChunkedWriteHandler.java:131)
	at io.netty.channel.AbstractChannelHandlerContext.invokeFlush0(AbstractChannelHandlerContext.java:750)
	at io.netty.channel.AbstractChannelHandlerContext.invokeWriteAndFlush(AbstractChannelHandlerContext.java:765)
	at io.netty.channel.AbstractChannelHandlerContext.write(AbstractChannelHandlerContext.java:790)
	at io.netty.channel.AbstractChannelHandlerContext.writeAndFlush(AbstractChannelHandlerContext.java:758)
	at io.netty.channel.DefaultChannelPipeline.writeAndFlush(DefaultChannelPipeline.java:1020)
	at io.netty.channel.AbstractChannel.writeAndFlush(AbstractChannel.java:311)
	at org.asynchttpclient.netty.request.body.NettyInputStreamBody.write(NettyInputStreamBody.java:77)
	at org.asynchttpclient.netty.request.NettyRequestSender.writeRequest(NettyRequestSender.java:433)
	at org.asynchttpclient.netty.channel.NettyConnectListener.writeRequest(NettyConnectListener.java:80)
	at org.asynchttpclient.netty.channel.NettyConnectListener.onSuccess(NettyConnectListener.java:156)
	at org.asynchttpclient.netty.channel.NettyChannelConnector$1.onSuccess(NettyChannelConnector.java:92)
	at org.asynchttpclient.netty.SimpleChannelFutureListener.operationComplete(SimpleChannelFutureListener.java:26)
	at org.asynchttpclient.netty.SimpleChannelFutureListener.operationComplete(SimpleChannelFutureListener.java:20)
	at io.netty.util.concurrent.DefaultPromise.notifyListener0(DefaultPromise.java:578)
	at io.netty.util.concurrent.DefaultPromise.notifyListeners0(DefaultPromise.java:571)
	at io.netty.util.concurrent.DefaultPromise.notifyListenersNow(DefaultPromise.java:550)
	at io.netty.util.concurrent.DefaultPromise.notifyListeners(DefaultPromise.java:491)
	at io.netty.util.concurrent.DefaultPromise.setValue0(DefaultPromise.java:616)
	at io.netty.util.concurrent.DefaultPromise.setSuccess0(DefaultPromise.java:605)
	at io.netty.util.concurrent.DefaultPromise.trySuccess(DefaultPromise.java:104)
	at io.netty.channel.DefaultChannelPromise.trySuccess(DefaultChannelPromise.java:84)
	at io.netty.channel.nio.AbstractNioChannel$AbstractNioUnsafe.fulfillConnectPromise(AbstractNioChannel.java:300)
	at io.netty.channel.nio.AbstractNioChannel$AbstractNioUnsafe.finishConnect(AbstractNioChannel.java:335)
	at io.netty.channel.nio.NioEventLoop.processSelectedKey(NioEventLoop.java:707)
	at io.netty.channel.nio.NioEventLoop.processSelectedKeysOptimized(NioEventLoop.java:655)
	at io.netty.channel.nio.NioEventLoop.processSelectedKeys(NioEventLoop.java:581)
	at io.netty.channel.nio.NioEventLoop.run(NioEventLoop.java:493)
	at io.netty.util.concurrent.SingleThreadEventExecutor$4.run(SingleThreadEventExecutor.java:986)
	at io.netty.util.internal.ThreadExecutorMap$2.run(ThreadExecutorMap.java:74)
	at io.netty.util.concurrent.FastThreadLocalRunnable.run(FastThreadLocalRunnable.java:30)
	at java.base/java.lang.Thread.run(Thread.java:834)

2021-12-16 06:45:34,420 AsyncHttpClient-1-3 ERROR FileManager (logs/${ctx:threadName}.log) java.io.IOException: The filename, directory name, or volume label syntax is incorrect java.io.IOException: The filename, directory name, or volume label syntax is incorrect
	at java.base/java.io.WinNTFileSystem.canonicalizeWithPrefix0(Native Method)
	at java.base/java.io.WinNTFileSystem.canonicalizeWithPrefix(WinNTFileSystem.java:461)
	at java.base/java.io.WinNTFileSystem.canonicalize(WinNTFileSystem.java:432)
	at java.base/java.io.File.getCanonicalPath(File.java:626)
	at java.base/java.io.File.getCanonicalFile(File.java:651)
	at org.apache.logging.log4j.core.util.FileUtils.makeParentDirs(FileUtils.java:135)
	at org.apache.logging.log4j.core.appender.FileManager$FileManagerFactory.createManager(FileManager.java:434)
	at org.apache.logging.log4j.core.appender.FileManager$FileManagerFactory.createManager(FileManager.java:422)
	at org.apache.logging.log4j.core.appender.AbstractManager.getManager(AbstractManager.java:113)
	at org.apache.logging.log4j.core.appender.OutputStreamManager.getManager(OutputStreamManager.java:100)
	at org.apache.logging.log4j.core.appender.FileManager.getFileManager(FileManager.java:182)
	at org.apache.logging.log4j.core.appender.FileAppender$Builder.build(FileAppender.java:96)
	at org.apache.logging.log4j.core.appender.FileAppender$Builder.build(FileAppender.java:52)
	at org.apache.logging.log4j.core.config.plugins.util.PluginBuilder.build(PluginBuilder.java:122)
	at org.apache.logging.log4j.core.config.AbstractConfiguration.createPluginObject(AbstractConfiguration.java:1000)
	at org.apache.logging.log4j.core.config.AbstractConfiguration.createConfiguration(AbstractConfiguration.java:940)
	at org.apache.logging.log4j.core.appender.routing.RoutingAppender.createAppender(RoutingAppender.java:299)
	at org.apache.logging.log4j.core.appender.routing.RoutingAppender.getControl(RoutingAppender.java:271)
	at org.apache.logging.log4j.core.appender.routing.RoutingAppender.append(RoutingAppender.java:229)
	at org.apache.logging.log4j.core.config.AppenderControl.tryCallAppender(AppenderControl.java:156)
	at org.apache.logging.log4j.core.config.AppenderControl.callAppender0(AppenderControl.java:129)
	at org.apache.logging.log4j.core.config.AppenderControl.callAppenderPreventRecursion(AppenderControl.java:120)
	at org.apache.logging.log4j.core.config.AppenderControl.callAppender(AppenderControl.java:84)
	at org.apache.logging.log4j.core.config.LoggerConfig.callAppenders(LoggerConfig.java:540)
	at org.apache.logging.log4j.core.config.LoggerConfig.processLogEvent(LoggerConfig.java:498)
	at org.apache.logging.log4j.core.config.LoggerConfig.log(LoggerConfig.java:481)
	at org.apache.logging.log4j.core.config.LoggerConfig.log(LoggerConfig.java:410)
	at org.apache.logging.log4j.core.config.AwaitCompletionReliabilityStrategy.log(AwaitCompletionReliabilityStrategy.java:63)
	at org.apache.logging.log4j.core.Logger.logMessage(Logger.java:153)
	at org.apache.logging.log4j.spi.ExtendedLoggerWrapper.logMessage(ExtendedLoggerWrapper.java:222)
	at org.apache.logging.log4j.spi.AbstractLogger.log(AbstractLogger.java:2117)
	at org.apache.logging.log4j.spi.AbstractLogger.tryLogMessage(AbstractLogger.java:2205)
	at org.apache.logging.log4j.spi.AbstractLogger.logMessageTrackRecursion(AbstractLogger.java:2159)
	at org.apache.logging.log4j.spi.AbstractLogger.logMessageSafely(AbstractLogger.java:2142)
	at org.apache.logging.log4j.spi.AbstractLogger.logMessage(AbstractLogger.java:2017)
	at org.apache.logging.log4j.spi.AbstractLogger.logIfEnabled(AbstractLogger.java:1983)
	at org.apache.logging.log4j.spi.AbstractLogger.debug(AbstractLogger.java:327)
	at io.netty.handler.codec.compression.Brotli.<clinit>(Brotli.java:38)
	at io.netty.handler.codec.http.HttpContentDecompressor.newContentDecoder(HttpContentDecompressor.java:70)
	at io.netty.handler.codec.http.HttpContentDecoder.decode(HttpContentDecoder.java:100)
	at io.netty.handler.codec.http.HttpContentDecoder.decode(HttpContentDecoder.java:47)
	at io.netty.handler.codec.MessageToMessageDecoder.channelRead(MessageToMessageDecoder.java:88)
	at io.netty.channel.AbstractChannelHandlerContext.invokeChannelRead(AbstractChannelHandlerContext.java:379)
	at io.netty.channel.AbstractChannelHandlerContext.invokeChannelRead(AbstractChannelHandlerContext.java:365)
	at io.netty.channel.AbstractChannelHandlerContext.fireChannelRead(AbstractChannelHandlerContext.java:357)
	at io.netty.channel.CombinedChannelDuplexHandler$DelegatingChannelHandlerContext.fireChannelRead(CombinedChannelDuplexHandler.java:436)
	at io.netty.handler.codec.ByteToMessageDecoder.fireChannelRead(ByteToMessageDecoder.java:324)
	at io.netty.handler.codec.ByteToMessageDecoder.fireChannelRead(ByteToMessageDecoder.java:311)
	at io.netty.handler.codec.ByteToMessageDecoder.callDecode(ByteToMessageDecoder.java:432)
	at io.netty.handler.codec.ByteToMessageDecoder.channelRead(ByteToMessageDecoder.java:276)
	at io.netty.channel.CombinedChannelDuplexHandler.channelRead(CombinedChannelDuplexHandler.java:251)
	at io.netty.channel.AbstractChannelHandlerContext.invokeChannelRead(AbstractChannelHandlerContext.java:379)
	at io.netty.channel.AbstractChannelHandlerContext.invokeChannelRead(AbstractChannelHandlerContext.java:365)
	at io.netty.channel.AbstractChannelHandlerContext.fireChannelRead(AbstractChannelHandlerContext.java:357)
	at io.netty.channel.DefaultChannelPipeline$HeadContext.channelRead(DefaultChannelPipeline.java:1410)
	at io.netty.channel.AbstractChannelHandlerContext.invokeChannelRead(AbstractChannelHandlerContext.java:379)
	at io.netty.channel.AbstractChannelHandlerContext.invokeChannelRead(AbstractChannelHandlerContext.java:365)
	at io.netty.channel.DefaultChannelPipeline.fireChannelRead(DefaultChannelPipeline.java:919)
	at io.netty.channel.nio.AbstractNioByteChannel$NioByteUnsafe.read(AbstractNioByteChannel.java:166)
	at io.netty.channel.nio.NioEventLoop.processSelectedKey(NioEventLoop.java:719)
	at io.netty.channel.nio.NioEventLoop.processSelectedKeysOptimized(NioEventLoop.java:655)
	at io.netty.channel.nio.NioEventLoop.processSelectedKeys(NioEventLoop.java:581)
	at io.netty.channel.nio.NioEventLoop.run(NioEventLoop.java:493)
	at io.netty.util.concurrent.SingleThreadEventExecutor$4.run(SingleThreadEventExecutor.java:986)
	at io.netty.util.internal.ThreadExecutorMap$2.run(ThreadExecutorMap.java:74)
	at io.netty.util.concurrent.FastThreadLocalRunnable.run(FastThreadLocalRunnable.java:30)
	at java.base/java.lang.Thread.run(Thread.java:834)

2021-12-16 06:45:34,421 AsyncHttpClient-1-3 ERROR Could not create plugin of type class org.apache.logging.log4j.core.appender.FileAppender for element File: java.lang.IllegalStateException: ManagerFactory [org.apache.logging.log4j.core.appender.FileManager$FileManagerFactory@4d65b13e] unable to create manager for [logs/${ctx:threadName}.log] with data [org.apache.logging.log4j.core.appender.FileManager$FactoryData@97dfa5a] java.lang.IllegalStateException: ManagerFactory [org.apache.logging.log4j.core.appender.FileManager$FileManagerFactory@4d65b13e] unable to create manager for [logs/${ctx:threadName}.log] with data [org.apache.logging.log4j.core.appender.FileManager$FactoryData@97dfa5a]
	at org.apache.logging.log4j.core.appender.AbstractManager.getManager(AbstractManager.java:115)
	at org.apache.logging.log4j.core.appender.OutputStreamManager.getManager(OutputStreamManager.java:100)
	at org.apache.logging.log4j.core.appender.FileManager.getFileManager(FileManager.java:182)
	at org.apache.logging.log4j.core.appender.FileAppender$Builder.build(FileAppender.java:96)
	at org.apache.logging.log4j.core.appender.FileAppender$Builder.build(FileAppender.java:52)
	at org.apache.logging.log4j.core.config.plugins.util.PluginBuilder.build(PluginBuilder.java:122)
	at org.apache.logging.log4j.core.config.AbstractConfiguration.createPluginObject(AbstractConfiguration.java:1000)
	at org.apache.logging.log4j.core.config.AbstractConfiguration.createConfiguration(AbstractConfiguration.java:940)
	at org.apache.logging.log4j.core.appender.routing.RoutingAppender.createAppender(RoutingAppender.java:299)
	at org.apache.logging.log4j.core.appender.routing.RoutingAppender.getControl(RoutingAppender.java:271)
	at org.apache.logging.log4j.core.appender.routing.RoutingAppender.append(RoutingAppender.java:229)
	at org.apache.logging.log4j.core.config.AppenderControl.tryCallAppender(AppenderControl.java:156)
	at org.apache.logging.log4j.core.config.AppenderControl.callAppender0(AppenderControl.java:129)
	at org.apache.logging.log4j.core.config.AppenderControl.callAppenderPreventRecursion(AppenderControl.java:120)
	at org.apache.logging.log4j.core.config.AppenderControl.callAppender(AppenderControl.java:84)
	at org.apache.logging.log4j.core.config.LoggerConfig.callAppenders(LoggerConfig.java:540)
	at org.apache.logging.log4j.core.config.LoggerConfig.processLogEvent(LoggerConfig.java:498)
	at org.apache.logging.log4j.core.config.LoggerConfig.log(LoggerConfig.java:481)
	at org.apache.logging.log4j.core.config.LoggerConfig.log(LoggerConfig.java:410)
	at org.apache.logging.log4j.core.config.AwaitCompletionReliabilityStrategy.log(AwaitCompletionReliabilityStrategy.java:63)
	at org.apache.logging.log4j.core.Logger.logMessage(Logger.java:153)
	at org.apache.logging.log4j.spi.ExtendedLoggerWrapper.logMessage(ExtendedLoggerWrapper.java:222)
	at org.apache.logging.log4j.spi.AbstractLogger.log(AbstractLogger.java:2117)
	at org.apache.logging.log4j.spi.AbstractLogger.tryLogMessage(AbstractLogger.java:2205)
	at org.apache.logging.log4j.spi.AbstractLogger.logMessageTrackRecursion(AbstractLogger.java:2159)
	at org.apache.logging.log4j.spi.AbstractLogger.logMessageSafely(AbstractLogger.java:2142)
	at org.apache.logging.log4j.spi.AbstractLogger.logMessage(AbstractLogger.java:2017)
	at org.apache.logging.log4j.spi.AbstractLogger.logIfEnabled(AbstractLogger.java:1983)
	at org.apache.logging.log4j.spi.AbstractLogger.debug(AbstractLogger.java:327)
	at io.netty.handler.codec.compression.Brotli.<clinit>(Brotli.java:38)
	at io.netty.handler.codec.http.HttpContentDecompressor.newContentDecoder(HttpContentDecompressor.java:70)
	at io.netty.handler.codec.http.HttpContentDecoder.decode(HttpContentDecoder.java:100)
	at io.netty.handler.codec.http.HttpContentDecoder.decode(HttpContentDecoder.java:47)
	at io.netty.handler.codec.MessageToMessageDecoder.channelRead(MessageToMessageDecoder.java:88)
	at io.netty.channel.AbstractChannelHandlerContext.invokeChannelRead(AbstractChannelHandlerContext.java:379)
	at io.netty.channel.AbstractChannelHandlerContext.invokeChannelRead(AbstractChannelHandlerContext.java:365)
	at io.netty.channel.AbstractChannelHandlerContext.fireChannelRead(AbstractChannelHandlerContext.java:357)
	at io.netty.channel.CombinedChannelDuplexHandler$DelegatingChannelHandlerContext.fireChannelRead(CombinedChannelDuplexHandler.java:436)
	at io.netty.handler.codec.ByteToMessageDecoder.fireChannelRead(ByteToMessageDecoder.java:324)
	at io.netty.handler.codec.ByteToMessageDecoder.fireChannelRead(ByteToMessageDecoder.java:311)
	at io.netty.handler.codec.ByteToMessageDecoder.callDecode(ByteToMessageDecoder.java:432)
	at io.netty.handler.codec.ByteToMessageDecoder.channelRead(ByteToMessageDecoder.java:276)
	at io.netty.channel.CombinedChannelDuplexHandler.channelRead(CombinedChannelDuplexHandler.java:251)
	at io.netty.channel.AbstractChannelHandlerContext.invokeChannelRead(AbstractChannelHandlerContext.java:379)
	at io.netty.channel.AbstractChannelHandlerContext.invokeChannelRead(AbstractChannelHandlerContext.java:365)
	at io.netty.channel.AbstractChannelHandlerContext.fireChannelRead(AbstractChannelHandlerContext.java:357)
	at io.netty.channel.DefaultChannelPipeline$HeadContext.channelRead(DefaultChannelPipeline.java:1410)
	at io.netty.channel.AbstractChannelHandlerContext.invokeChannelRead(AbstractChannelHandlerContext.java:379)
	at io.netty.channel.AbstractChannelHandlerContext.invokeChannelRead(AbstractChannelHandlerContext.java:365)
	at io.netty.channel.DefaultChannelPipeline.fireChannelRead(DefaultChannelPipeline.java:919)
	at io.netty.channel.nio.AbstractNioByteChannel$NioByteUnsafe.read(AbstractNioByteChannel.java:166)
	at io.netty.channel.nio.NioEventLoop.processSelectedKey(NioEventLoop.java:719)
	at io.netty.channel.nio.NioEventLoop.processSelectedKeysOptimized(NioEventLoop.java:655)
	at io.netty.channel.nio.NioEventLoop.processSelectedKeys(NioEventLoop.java:581)
	at io.netty.channel.nio.NioEventLoop.run(NioEventLoop.java:493)
	at io.netty.util.concurrent.SingleThreadEventExecutor$4.run(SingleThreadEventExecutor.java:986)
	at io.netty.util.internal.ThreadExecutorMap$2.run(ThreadExecutorMap.java:74)
	at io.netty.util.concurrent.FastThreadLocalRunnable.run(FastThreadLocalRunnable.java:30)
	at java.base/java.lang.Thread.run(Thread.java:834)

2021-12-16 06:45:34,421 AsyncHttpClient-1-3 ERROR Unable to invoke factory method in class org.apache.logging.log4j.core.appender.FileAppender for element File: java.lang.IllegalStateException: No factory method found for class org.apache.logging.log4j.core.appender.FileAppender java.lang.IllegalStateException: No factory method found for class org.apache.logging.log4j.core.appender.FileAppender
	at org.apache.logging.log4j.core.config.plugins.util.PluginBuilder.findFactoryMethod(PluginBuilder.java:234)
	at org.apache.logging.log4j.core.config.plugins.util.PluginBuilder.build(PluginBuilder.java:134)
	at org.apache.logging.log4j.core.config.AbstractConfiguration.createPluginObject(AbstractConfiguration.java:1000)
	at org.apache.logging.log4j.core.config.AbstractConfiguration.createConfiguration(AbstractConfiguration.java:940)
	at org.apache.logging.log4j.core.appender.routing.RoutingAppender.createAppender(RoutingAppender.java:299)
	at org.apache.logging.log4j.core.appender.routing.RoutingAppender.getControl(RoutingAppender.java:271)
	at org.apache.logging.log4j.core.appender.routing.RoutingAppender.append(RoutingAppender.java:229)
	at org.apache.logging.log4j.core.config.AppenderControl.tryCallAppender(AppenderControl.java:156)
	at org.apache.logging.log4j.core.config.AppenderControl.callAppender0(AppenderControl.java:129)
	at org.apache.logging.log4j.core.config.AppenderControl.callAppenderPreventRecursion(AppenderControl.java:120)
	at org.apache.logging.log4j.core.config.AppenderControl.callAppender(AppenderControl.java:84)
	at org.apache.logging.log4j.core.config.LoggerConfig.callAppenders(LoggerConfig.java:540)
	at org.apache.logging.log4j.core.config.LoggerConfig.processLogEvent(LoggerConfig.java:498)
	at org.apache.logging.log4j.core.config.LoggerConfig.log(LoggerConfig.java:481)
	at org.apache.logging.log4j.core.config.LoggerConfig.log(LoggerConfig.java:410)
	at org.apache.logging.log4j.core.config.AwaitCompletionReliabilityStrategy.log(AwaitCompletionReliabilityStrategy.java:63)
	at org.apache.logging.log4j.core.Logger.logMessage(Logger.java:153)
	at org.apache.logging.log4j.spi.ExtendedLoggerWrapper.logMessage(ExtendedLoggerWrapper.java:222)
	at org.apache.logging.log4j.spi.AbstractLogger.log(AbstractLogger.java:2117)
	at org.apache.logging.log4j.spi.AbstractLogger.tryLogMessage(AbstractLogger.java:2205)
	at org.apache.logging.log4j.spi.AbstractLogger.logMessageTrackRecursion(AbstractLogger.java:2159)
	at org.apache.logging.log4j.spi.AbstractLogger.logMessageSafely(AbstractLogger.java:2142)
	at org.apache.logging.log4j.spi.AbstractLogger.logMessage(AbstractLogger.java:2017)
	at org.apache.logging.log4j.spi.AbstractLogger.logIfEnabled(AbstractLogger.java:1983)
	at org.apache.logging.log4j.spi.AbstractLogger.debug(AbstractLogger.java:327)
	at io.netty.handler.codec.compression.Brotli.<clinit>(Brotli.java:38)
	at io.netty.handler.codec.http.HttpContentDecompressor.newContentDecoder(HttpContentDecompressor.java:70)
	at io.netty.handler.codec.http.HttpContentDecoder.decode(HttpContentDecoder.java:100)
	at io.netty.handler.codec.http.HttpContentDecoder.decode(HttpContentDecoder.java:47)
	at io.netty.handler.codec.MessageToMessageDecoder.channelRead(MessageToMessageDecoder.java:88)
	at io.netty.channel.AbstractChannelHandlerContext.invokeChannelRead(AbstractChannelHandlerContext.java:379)
	at io.netty.channel.AbstractChannelHandlerContext.invokeChannelRead(AbstractChannelHandlerContext.java:365)
	at io.netty.channel.AbstractChannelHandlerContext.fireChannelRead(AbstractChannelHandlerContext.java:357)
	at io.netty.channel.CombinedChannelDuplexHandler$DelegatingChannelHandlerContext.fireChannelRead(CombinedChannelDuplexHandler.java:436)
	at io.netty.handler.codec.ByteToMessageDecoder.fireChannelRead(ByteToMessageDecoder.java:324)
	at io.netty.handler.codec.ByteToMessageDecoder.fireChannelRead(ByteToMessageDecoder.java:311)
	at io.netty.handler.codec.ByteToMessageDecoder.callDecode(ByteToMessageDecoder.java:432)
	at io.netty.handler.codec.ByteToMessageDecoder.channelRead(ByteToMessageDecoder.java:276)
	at io.netty.channel.CombinedChannelDuplexHandler.channelRead(CombinedChannelDuplexHandler.java:251)
	at io.netty.channel.AbstractChannelHandlerContext.invokeChannelRead(AbstractChannelHandlerContext.java:379)
	at io.netty.channel.AbstractChannelHandlerContext.invokeChannelRead(AbstractChannelHandlerContext.java:365)
	at io.netty.channel.AbstractChannelHandlerContext.fireChannelRead(AbstractChannelHandlerContext.java:357)
	at io.netty.channel.DefaultChannelPipeline$HeadContext.channelRead(DefaultChannelPipeline.java:1410)
	at io.netty.channel.AbstractChannelHandlerContext.invokeChannelRead(AbstractChannelHandlerContext.java:379)
	at io.netty.channel.AbstractChannelHandlerContext.invokeChannelRead(AbstractChannelHandlerContext.java:365)
	at io.netty.channel.DefaultChannelPipeline.fireChannelRead(DefaultChannelPipeline.java:919)
	at io.netty.channel.nio.AbstractNioByteChannel$NioByteUnsafe.read(AbstractNioByteChannel.java:166)
	at io.netty.channel.nio.NioEventLoop.processSelectedKey(NioEventLoop.java:719)
	at io.netty.channel.nio.NioEventLoop.processSelectedKeysOptimized(NioEventLoop.java:655)
	at io.netty.channel.nio.NioEventLoop.processSelectedKeys(NioEventLoop.java:581)
	at io.netty.channel.nio.NioEventLoop.run(NioEventLoop.java:493)
	at io.netty.util.concurrent.SingleThreadEventExecutor$4.run(SingleThreadEventExecutor.java:986)
	at io.netty.util.internal.ThreadExecutorMap$2.run(ThreadExecutorMap.java:74)
	at io.netty.util.concurrent.FastThreadLocalRunnable.run(FastThreadLocalRunnable.java:30)
	at java.base/java.lang.Thread.run(Thread.java:834)

06:45:34.473 [TestNG-test=api_test-1] &amp#27;[0mINFO  automation_test.Mortgage_Calculator.MyMortgageCalculate - -----------Test: automation_test.Mortgage_Calculator.MyMortgageCalculate@6de54b40-----------------&amp#27;[m
06:45:34.512 [TestNG-test=api_test-2] &amp#27;[0mINFO  automation_test.Mortgage_Calculator.RealAPRCalculator - -----------Test: automation_test.Mortgage_Calculator.RealAPRCalculator@5ebd56e9-----------------&amp#27;[m
]]></system-out>
    <system-err><![CDATA[SLF4J: Failed to load class "org.slf4j.impl.StaticLoggerBinder".
SLF4J: Defaulting to no-operation (NOP) logger implementation
SLF4J: See http://www.slf4j.org/codes.html#StaticLoggerBinder for further details.
Dec 16, 2021 6:45:29 AM org.openqa.selenium.remote.tracing.opentelemetry.OpenTelemetryTracer createTracer
INFO: Using OpenTelemetry for tracing
Dec 16, 2021 6:45:34 AM org.openqa.selenium.remote.ProtocolHandshake createSession
INFO: Detected dialect: W3C
Dec 16, 2021 6:45:34 AM org.openqa.selenium.remote.ProtocolHandshake createSession
INFO: Detected dialect: W3C
]]></system-err>
  </testcase>
  <testcase name="calculateRate" classname="automation_test.Mortgage_Calculator.MyMortgageCalculate" time="8.095">
    <system-out><![CDATA[06:45:43.625 [TestNG-test=api_test-2] &amp#27;[0mINFO  automation_test.Mortgage_Calculator.RealAPRCalculator - -----------Test End: automation_test.Mortgage_Calculator.RealAPRCalculator@5ebd56e9-----------------&amp#27;[m
]]></system-out>
  </testcase>
</testsuite>