<?xml version="1.0" encoding="UTF-8"?>
<!-- Generated by org.testng.reporters.JUnitReportReporter -->
<testsuite hostname="Razu-Windows" failures="0" tests="1" name="automation_test.Mortgage_Calculator.RealAPRCalculator" time="9.069" errors="0" timestamp="2021-12-16T06:45:45 EST" skipped="0">
  <testcase classname="automation_test.Mortgage_Calculator.RealAPRCalculator" name="CalculateRealAPR" time="9.069"/>
  <system-out/>
</testsuite> <!-- automation_test.Mortgage_Calculator.RealAPRCalculator -->
