<?xml version="1.0" encoding="UTF-8"?>
<!-- Generated by org.testng.reporters.JUnitReportReporter -->
<testsuite hostname="Razu-Windows" failures="0" tests="1" name="automation_test.Mortgage_Calculator.MyMortgageCalculate" time="10.916" errors="0" timestamp="2021-12-16T06:45:45 EST" skipped="0">
  <testcase classname="automation_test.Mortgage_Calculator.MyMortgageCalculate" name="calculateRate" time="10.916"/>
  <system-out/>
</testsuite> <!-- automation_test.Mortgage_Calculator.MyMortgageCalculate -->
